This file contains any messages produced by compilers while
running configure, to aid debugging if configure makes a mistake.

It was created by libgraph configure 1.0.2, which was
generated by GNU Autoconf 2.59.  Invocation command line was

  $ ./configure 

## --------- ##
## Platform. ##
## --------- ##

hostname = emi
uname -m = x86_64
uname -r = 5.15.0-47-generic
uname -s = Linux
uname -v = #51-Ubuntu SMP Thu Aug 11 07:51:15 UTC 2022

/usr/bin/uname -p = x86_64
/bin/uname -X     = unknown

/bin/arch              = x86_64
/usr/bin/arch -k       = unknown
/usr/convex/getsysinfo = unknown
hostinfo               = unknown
/bin/machine           = unknown
/usr/bin/oslevel       = unknown
/bin/universe          = unknown

PATH: /usr/local/sbin
PATH: /usr/local/bin
PATH: /usr/sbin
PATH: /usr/bin
PATH: /sbin
PATH: /bin
PATH: /usr/games
PATH: /usr/local/games
PATH: /snap/bin
PATH: /snap/bin


## ----------- ##
## Core tests. ##
## ----------- ##

configure:1551: checking build system type
configure:1569: result: x86_64-unknown-linux-gnu
configure:1577: checking host system type
configure:1591: result: x86_64-unknown-linux-gnu
configure:1599: checking target system type
configure:1613: result: x86_64-unknown-linux-gnu
configure:1644: checking for a BSD-compatible install
configure:1699: result: /usr/bin/install -c
configure:1710: checking whether build environment is sane
configure:1753: result: yes
configure:1810: checking for gawk
configure:1839: result: no
configure:1810: checking for mawk
configure:1826: found /usr/bin/mawk
configure:1836: result: mawk
configure:1846: checking whether make sets $(MAKE)
configure:1866: result: yes
configure:2030: checking whether to enable maintainer-specific portions of Makefiles
configure:2039: result: no
configure:2102: checking for gcc
configure:2118: found /usr/bin/gcc
configure:2128: result: gcc
configure:2372: checking for C compiler version
configure:2375: gcc --version </dev/null >&5
gcc (Ubuntu 11.2.0-19ubuntu1) 11.2.0
Copyright (C) 2021 Free Software Foundation, Inc.
This is free software; see the source for copying conditions.  There is NO
warranty; not even for MERCHANTABILITY or FITNESS FOR A PARTICULAR PURPOSE.

configure:2378: $? = 0
configure:2380: gcc -v </dev/null >&5
Using built-in specs.
COLLECT_GCC=gcc
COLLECT_LTO_WRAPPER=/usr/lib/gcc/x86_64-linux-gnu/11/lto-wrapper
OFFLOAD_TARGET_NAMES=nvptx-none:amdgcn-amdhsa
OFFLOAD_TARGET_DEFAULT=1
Target: x86_64-linux-gnu
Configured with: ../src/configure -v --with-pkgversion='Ubuntu 11.2.0-19ubuntu1' --with-bugurl=file:///usr/share/doc/gcc-11/README.Bugs --enable-languages=c,ada,c++,go,brig,d,fortran,objc,obj-c++,m2 --prefix=/usr --with-gcc-major-version-only --program-suffix=-11 --program-prefix=x86_64-linux-gnu- --enable-shared --enable-linker-build-id --libexecdir=/usr/lib --without-included-gettext --enable-threads=posix --libdir=/usr/lib --enable-nls --enable-bootstrap --enable-clocale=gnu --enable-libstdcxx-debug --enable-libstdcxx-time=yes --with-default-libstdcxx-abi=new --enable-gnu-unique-object --disable-vtable-verify --enable-plugin --enable-default-pie --with-system-zlib --enable-libphobos-checking=release --with-target-system-zlib=auto --enable-objc-gc=auto --enable-multiarch --disable-werror --enable-cet --with-arch-32=i686 --with-abi=m64 --with-multilib-list=m32,m64,mx32 --enable-multilib --with-tune=generic --enable-offload-targets=nvptx-none=/build/gcc-11-gBFGDP/gcc-11-11.2.0/debian/tmp-nvptx/usr,amdgcn-amdhsa=/build/gcc-11-gBFGDP/gcc-11-11.2.0/debian/tmp-gcn/usr --without-cuda-driver --enable-checking=release --build=x86_64-linux-gnu --host=x86_64-linux-gnu --target=x86_64-linux-gnu --with-build-config=bootstrap-lto-lean --enable-link-serialization=2
Thread model: posix
Supported LTO compression algorithms: zlib zstd
gcc version 11.2.0 (Ubuntu 11.2.0-19ubuntu1) 
configure:2383: $? = 0
configure:2385: gcc -V </dev/null >&5
gcc: error: unrecognized command-line option '-V'
gcc: fatal error: no input files
compilation terminated.
configure:2388: $? = 1
configure:2411: checking for C compiler default output file name
configure:2414: gcc    conftest.c  >&5
configure:2417: $? = 0
configure:2463: result: a.out
configure:2468: checking whether the C compiler works
configure:2474: ./a.out
configure:2477: $? = 0
configure:2494: result: yes
configure:2501: checking whether we are cross compiling
configure:2503: result: no
configure:2506: checking for suffix of executables
configure:2508: gcc -o conftest    conftest.c  >&5
configure:2511: $? = 0
configure:2536: result: 
configure:2542: checking for suffix of object files
configure:2563: gcc -c   conftest.c >&5
configure:2566: $? = 0
configure:2588: result: o
configure:2592: checking whether we are using the GNU C compiler
configure:2616: gcc -c   conftest.c >&5
configure:2622: $? = 0
configure:2625: test -z 			 || test ! -s conftest.err
configure:2628: $? = 0
configure:2631: test -s conftest.o
configure:2634: $? = 0
configure:2647: result: yes
configure:2653: checking whether gcc accepts -g
configure:2674: gcc -c -g  conftest.c >&5
configure:2680: $? = 0
configure:2683: test -z 			 || test ! -s conftest.err
configure:2686: $? = 0
configure:2689: test -s conftest.o
configure:2692: $? = 0
configure:2703: result: yes
configure:2720: checking for gcc option to accept ANSI C
configure:2790: gcc  -c -g -O2  conftest.c >&5
configure:2796: $? = 0
configure:2799: test -z 			 || test ! -s conftest.err
configure:2802: $? = 0
configure:2805: test -s conftest.o
configure:2808: $? = 0
configure:2826: result: none needed
configure:2844: gcc -c -g -O2  conftest.c >&5
conftest.c:2:3: error: unknown type name 'choke'
    2 |   choke me
      |   ^~~~~
conftest.c:2:3: error: expected '=', ',', ';', 'asm' or '__attribute__' at end of input
configure:2850: $? = 1
configure: failed program was:
| #ifndef __cplusplus
|   choke me
| #endif
configure:2991: checking for style of include used by make
configure:3019: result: GNU
configure:3047: checking dependency style of gcc
configure:3137: result: gcc3
configure:3159: checking how to run the C preprocessor
configure:3194: gcc -E  conftest.c
configure:3200: $? = 0
configure:3232: gcc -E  conftest.c
conftest.c:11:10: fatal error: ac_nonexistent.h: No such file or directory
   11 | #include <ac_nonexistent.h>
      |          ^~~~~~~~~~~~~~~~~~
compilation terminated.
configure:3238: $? = 1
configure: failed program was:
| /* confdefs.h.  */
| 
| #define PACKAGE_NAME "libgraph"
| #define PACKAGE_TARNAME "libgraph"
| #define PACKAGE_VERSION "1.0.2"
| #define PACKAGE_STRING "libgraph 1.0.2"
| #define PACKAGE_BUGREPORT "faraz_ms@rediffmail.com"
| #define PACKAGE "libgraph"
| #define VERSION "1.0.2"
| /* end confdefs.h.  */
| #include <ac_nonexistent.h>
configure:3277: result: gcc -E
configure:3301: gcc -E  conftest.c
configure:3307: $? = 0
configure:3339: gcc -E  conftest.c
conftest.c:11:10: fatal error: ac_nonexistent.h: No such file or directory
   11 | #include <ac_nonexistent.h>
      |          ^~~~~~~~~~~~~~~~~~
compilation terminated.
configure:3345: $? = 1
configure: failed program was:
| /* confdefs.h.  */
| 
| #define PACKAGE_NAME "libgraph"
| #define PACKAGE_TARNAME "libgraph"
| #define PACKAGE_VERSION "1.0.2"
| #define PACKAGE_STRING "libgraph 1.0.2"
| #define PACKAGE_BUGREPORT "faraz_ms@rediffmail.com"
| #define PACKAGE "libgraph"
| #define VERSION "1.0.2"
| /* end confdefs.h.  */
| #include <ac_nonexistent.h>
configure:3401: checking for a BSD-compatible install
configure:3456: result: /usr/bin/install -c
configure:3467: checking whether ln -s works
configure:3471: result: yes
configure:3478: checking whether make sets $(MAKE)
configure:3498: result: yes
configure:3579: checking for a sed that does not truncate output
configure:3633: result: /usr/bin/sed
configure:3636: checking for egrep
configure:3646: result: grep -E
configure:3662: checking for ld used by gcc
configure:3729: result: /usr/bin/ld
configure:3738: checking if the linker (/usr/bin/ld) is GNU ld
configure:3753: result: yes
configure:3758: checking for /usr/bin/ld option to reload object files
configure:3765: result: -r
configure:3774: checking for BSD-compatible nm
configure:3816: result: /usr/bin/nm -B
configure:3820: checking how to recognise dependent libraries
configure:3994: result: pass_all
configure:4079: gcc -c -g -O2  conftest.c >&5
configure:4082: $? = 0
configure:4203: checking for ANSI C header files
configure:4228: gcc -c -g -O2  conftest.c >&5
configure:4234: $? = 0
configure:4237: test -z 			 || test ! -s conftest.err
configure:4240: $? = 0
configure:4243: test -s conftest.o
configure:4246: $? = 0
configure:4335: gcc -o conftest -g -O2   conftest.c  >&5
conftest.c: In function 'main':
conftest.c:28:7: warning: implicit declaration of function 'exit' [-Wimplicit-function-declaration]
   28 |       exit(2);
      |       ^~~~
conftest.c:12:1: note: include '<stdlib.h>' or provide a declaration of 'exit'
   11 | #include <ctype.h>
  +++ |+#include <stdlib.h>
   12 | #if ((' ' & 0x0FF) == 0x020)
conftest.c:28:7: warning: incompatible implicit declaration of built-in function 'exit' [-Wbuiltin-declaration-mismatch]
   28 |       exit(2);
      |       ^~~~
conftest.c:28:7: note: include '<stdlib.h>' or provide a declaration of 'exit'
conftest.c:29:3: warning: incompatible implicit declaration of built-in function 'exit' [-Wbuiltin-declaration-mismatch]
   29 |   exit (0);
      |   ^~~~
conftest.c:29:3: note: include '<stdlib.h>' or provide a declaration of 'exit'
configure:4338: $? = 0
configure:4340: ./conftest
configure:4343: $? = 0
configure:4358: result: yes
configure:4382: checking for sys/types.h
configure:4398: gcc -c -g -O2  conftest.c >&5
configure:4404: $? = 0
configure:4407: test -z 			 || test ! -s conftest.err
configure:4410: $? = 0
configure:4413: test -s conftest.o
configure:4416: $? = 0
configure:4427: result: yes
configure:4382: checking for sys/stat.h
configure:4398: gcc -c -g -O2  conftest.c >&5
configure:4404: $? = 0
configure:4407: test -z 			 || test ! -s conftest.err
configure:4410: $? = 0
configure:4413: test -s conftest.o
configure:4416: $? = 0
configure:4427: result: yes
configure:4382: checking for stdlib.h
configure:4398: gcc -c -g -O2  conftest.c >&5
configure:4404: $? = 0
configure:4407: test -z 			 || test ! -s conftest.err
configure:4410: $? = 0
configure:4413: test -s conftest.o
configure:4416: $? = 0
configure:4427: result: yes
configure:4382: checking for string.h
configure:4398: gcc -c -g -O2  conftest.c >&5
configure:4404: $? = 0
configure:4407: test -z 			 || test ! -s conftest.err
configure:4410: $? = 0
configure:4413: test -s conftest.o
configure:4416: $? = 0
configure:4427: result: yes
configure:4382: checking for memory.h
configure:4398: gcc -c -g -O2  conftest.c >&5
configure:4404: $? = 0
configure:4407: test -z 			 || test ! -s conftest.err
configure:4410: $? = 0
configure:4413: test -s conftest.o
configure:4416: $? = 0
configure:4427: result: yes
configure:4382: checking for strings.h
configure:4398: gcc -c -g -O2  conftest.c >&5
configure:4404: $? = 0
configure:4407: test -z 			 || test ! -s conftest.err
configure:4410: $? = 0
configure:4413: test -s conftest.o
configure:4416: $? = 0
configure:4427: result: yes
configure:4382: checking for inttypes.h
configure:4398: gcc -c -g -O2  conftest.c >&5
configure:4404: $? = 0
configure:4407: test -z 			 || test ! -s conftest.err
configure:4410: $? = 0
configure:4413: test -s conftest.o
configure:4416: $? = 0
configure:4427: result: yes
configure:4382: checking for stdint.h
configure:4398: gcc -c -g -O2  conftest.c >&5
configure:4404: $? = 0
configure:4407: test -z 			 || test ! -s conftest.err
configure:4410: $? = 0
configure:4413: test -s conftest.o
configure:4416: $? = 0
configure:4427: result: yes
configure:4382: checking for unistd.h
configure:4398: gcc -c -g -O2  conftest.c >&5
configure:4404: $? = 0
configure:4407: test -z 			 || test ! -s conftest.err
configure:4410: $? = 0
configure:4413: test -s conftest.o
configure:4416: $? = 0
configure:4427: result: yes
configure:4453: checking dlfcn.h usability
configure:4465: gcc -c -g -O2  conftest.c >&5
configure:4471: $? = 0
configure:4474: test -z 			 || test ! -s conftest.err
configure:4477: $? = 0
configure:4480: test -s conftest.o
configure:4483: $? = 0
configure:4493: result: yes
configure:4497: checking dlfcn.h presence
configure:4507: gcc -E  conftest.c
configure:4513: $? = 0
configure:4533: result: yes
configure:4568: checking for dlfcn.h
configure:4575: result: yes
configure:4640: checking for g++
configure:4656: found /usr/bin/g++
configure:4666: result: g++
configure:4682: checking for C++ compiler version
configure:4685: g++ --version </dev/null >&5
g++ (Ubuntu 11.2.0-19ubuntu1) 11.2.0
Copyright (C) 2021 Free Software Foundation, Inc.
This is free software; see the source for copying conditions.  There is NO
warranty; not even for MERCHANTABILITY or FITNESS FOR A PARTICULAR PURPOSE.

configure:4688: $? = 0
configure:4690: g++ -v </dev/null >&5
Using built-in specs.
COLLECT_GCC=g++
COLLECT_LTO_WRAPPER=/usr/lib/gcc/x86_64-linux-gnu/11/lto-wrapper
OFFLOAD_TARGET_NAMES=nvptx-none:amdgcn-amdhsa
OFFLOAD_TARGET_DEFAULT=1
Target: x86_64-linux-gnu
Configured with: ../src/configure -v --with-pkgversion='Ubuntu 11.2.0-19ubuntu1' --with-bugurl=file:///usr/share/doc/gcc-11/README.Bugs --enable-languages=c,ada,c++,go,brig,d,fortran,objc,obj-c++,m2 --prefix=/usr --with-gcc-major-version-only --program-suffix=-11 --program-prefix=x86_64-linux-gnu- --enable-shared --enable-linker-build-id --libexecdir=/usr/lib --without-included-gettext --enable-threads=posix --libdir=/usr/lib --enable-nls --enable-bootstrap --enable-clocale=gnu --enable-libstdcxx-debug --enable-libstdcxx-time=yes --with-default-libstdcxx-abi=new --enable-gnu-unique-object --disable-vtable-verify --enable-plugin --enable-default-pie --with-system-zlib --enable-libphobos-checking=release --with-target-system-zlib=auto --enable-objc-gc=auto --enable-multiarch --disable-werror --enable-cet --with-arch-32=i686 --with-abi=m64 --with-multilib-list=m32,m64,mx32 --enable-multilib --with-tune=generic --enable-offload-targets=nvptx-none=/build/gcc-11-gBFGDP/gcc-11-11.2.0/debian/tmp-nvptx/usr,amdgcn-amdhsa=/build/gcc-11-gBFGDP/gcc-11-11.2.0/debian/tmp-gcn/usr --without-cuda-driver --enable-checking=release --build=x86_64-linux-gnu --host=x86_64-linux-gnu --target=x86_64-linux-gnu --with-build-config=bootstrap-lto-lean --enable-link-serialization=2
Thread model: posix
Supported LTO compression algorithms: zlib zstd
gcc version 11.2.0 (Ubuntu 11.2.0-19ubuntu1) 
configure:4693: $? = 0
configure:4695: g++ -V </dev/null >&5
g++: error: unrecognized command-line option '-V'
g++: fatal error: no input files
compilation terminated.
configure:4698: $? = 1
configure:4701: checking whether we are using the GNU C++ compiler
configure:4725: g++ -c   conftest.cc >&5
configure:4731: $? = 0
configure:4734: test -z 			 || test ! -s conftest.err
configure:4737: $? = 0
configure:4740: test -s conftest.o
configure:4743: $? = 0
configure:4756: result: yes
configure:4762: checking whether g++ accepts -g
configure:4783: g++ -c -g  conftest.cc >&5
configure:4789: $? = 0
configure:4792: test -z 			 || test ! -s conftest.err
configure:4795: $? = 0
configure:4798: test -s conftest.o
configure:4801: $? = 0
configure:4812: result: yes
configure:4854: g++ -c -g -O2  conftest.cc >&5
configure:4860: $? = 0
configure:4863: test -z 			 || test ! -s conftest.err
configure:4866: $? = 0
configure:4869: test -s conftest.o
configure:4872: $? = 0
configure:4898: g++ -c -g -O2  conftest.cc >&5
conftest.cc: In function 'int main()':
conftest.cc:26:1: error: 'exit' was not declared in this scope
   26 | exit (42);
      | ^~~~
configure:4904: $? = 1
configure: failed program was:
| /* confdefs.h.  */
| 
| #define PACKAGE_NAME "libgraph"
| #define PACKAGE_TARNAME "libgraph"
| #define PACKAGE_VERSION "1.0.2"
| #define PACKAGE_STRING "libgraph 1.0.2"
| #define PACKAGE_BUGREPORT "faraz_ms@rediffmail.com"
| #define PACKAGE "libgraph"
| #define VERSION "1.0.2"
| #define STDC_HEADERS 1
| #define HAVE_SYS_TYPES_H 1
| #define HAVE_SYS_STAT_H 1
| #define HAVE_STDLIB_H 1
| #define HAVE_STRING_H 1
| #define HAVE_MEMORY_H 1
| #define HAVE_STRINGS_H 1
| #define HAVE_INTTYPES_H 1
| #define HAVE_STDINT_H 1
| #define HAVE_UNISTD_H 1
| #define HAVE_DLFCN_H 1
| /* end confdefs.h.  */
| 
| int
| main ()
| {
| exit (42);
|   ;
|   return 0;
| }
configure:4854: g++ -c -g -O2  conftest.cc >&5
conftest.cc:22:17: warning: 'void std::exit(int)' has not been declared within 'std'
   22 | extern "C" void std::exit (int) throw (); using std::exit;
      |                 ^~~
<built-in>: note: only here as a 'friend'
configure:4860: $? = 0
configure:4863: test -z 			 || test ! -s conftest.err
configure:4866: $? = 0
configure:4869: test -s conftest.o
configure:4872: $? = 0
configure:4898: g++ -c -g -O2  conftest.cc >&5
conftest.cc:22:17: warning: 'void std::exit(int)' has not been declared within 'std'
   22 | extern "C" void std::exit (int) throw (); using std::exit;
      |                 ^~~
<built-in>: note: only here as a 'friend'
configure:4904: $? = 0
configure:4907: test -z 			 || test ! -s conftest.err
configure:4910: $? = 0
configure:4913: test -s conftest.o
configure:4916: $? = 0
configure:4941: checking dependency style of g++
configure:5031: result: gcc3
configure:5053: checking how to run the C++ preprocessor
configure:5084: g++ -E  conftest.cc
configure:5090: $? = 0
configure:5122: g++ -E  conftest.cc
conftest.cc:25:10: fatal error: ac_nonexistent.h: No such file or directory
   25 | #include <ac_nonexistent.h>
      |          ^~~~~~~~~~~~~~~~~~
compilation terminated.
configure:5128: $? = 1
configure: failed program was:
| /* confdefs.h.  */
| 
| #define PACKAGE_NAME "libgraph"
| #define PACKAGE_TARNAME "libgraph"
| #define PACKAGE_VERSION "1.0.2"
| #define PACKAGE_STRING "libgraph 1.0.2"
| #define PACKAGE_BUGREPORT "faraz_ms@rediffmail.com"
| #define PACKAGE "libgraph"
| #define VERSION "1.0.2"
| #define STDC_HEADERS 1
| #define HAVE_SYS_TYPES_H 1
| #define HAVE_SYS_STAT_H 1
| #define HAVE_STDLIB_H 1
| #define HAVE_STRING_H 1
| #define HAVE_MEMORY_H 1
| #define HAVE_STRINGS_H 1
| #define HAVE_INTTYPES_H 1
| #define HAVE_STDINT_H 1
| #define HAVE_UNISTD_H 1
| #define HAVE_DLFCN_H 1
| #ifdef __cplusplus
| extern "C" void std::exit (int) throw (); using std::exit;
| #endif
| /* end confdefs.h.  */
| #include <ac_nonexistent.h>
configure:5167: result: g++ -E
configure:5191: g++ -E  conftest.cc
configure:5197: $? = 0
configure:5229: g++ -E  conftest.cc
conftest.cc:25:10: fatal error: ac_nonexistent.h: No such file or directory
   25 | #include <ac_nonexistent.h>
      |          ^~~~~~~~~~~~~~~~~~
compilation terminated.
configure:5235: $? = 1
configure: failed program was:
| /* confdefs.h.  */
| 
| #define PACKAGE_NAME "libgraph"
| #define PACKAGE_TARNAME "libgraph"
| #define PACKAGE_VERSION "1.0.2"
| #define PACKAGE_STRING "libgraph 1.0.2"
| #define PACKAGE_BUGREPORT "faraz_ms@rediffmail.com"
| #define PACKAGE "libgraph"
| #define VERSION "1.0.2"
| #define STDC_HEADERS 1
| #define HAVE_SYS_TYPES_H 1
| #define HAVE_SYS_STAT_H 1
| #define HAVE_STDLIB_H 1
| #define HAVE_STRING_H 1
| #define HAVE_MEMORY_H 1
| #define HAVE_STRINGS_H 1
| #define HAVE_INTTYPES_H 1
| #define HAVE_STDINT_H 1
| #define HAVE_UNISTD_H 1
| #define HAVE_DLFCN_H 1
| #ifdef __cplusplus
| extern "C" void std::exit (int) throw (); using std::exit;
| #endif
| /* end confdefs.h.  */
| #include <ac_nonexistent.h>
configure:5330: checking for g77
configure:5359: result: no
configure:5330: checking for f77
configure:5359: result: no
configure:5330: checking for xlf
configure:5359: result: no
configure:5330: checking for frt
configure:5359: result: no
configure:5330: checking for pgf77
configure:5359: result: no
configure:5330: checking for fort77
configure:5359: result: no
configure:5330: checking for fl32
configure:5359: result: no
configure:5330: checking for af77
configure:5359: result: no
configure:5330: checking for f90
configure:5359: result: no
configure:5330: checking for xlf90
configure:5359: result: no
configure:5330: checking for pgf90
configure:5359: result: no
configure:5330: checking for epcf90
configure:5359: result: no
configure:5330: checking for f95
configure:5359: result: no
configure:5330: checking for fort
configure:5359: result: no
configure:5330: checking for xlf95
configure:5359: result: no
configure:5330: checking for ifc
configure:5359: result: no
configure:5330: checking for efc
configure:5359: result: no
configure:5330: checking for pgf95
configure:5359: result: no
configure:5330: checking for lf95
configure:5359: result: no
configure:5330: checking for gfortran
configure:5359: result: no
configure:5371: checking for Fortran 77 compiler version
configure:5374:  --version </dev/null >&5
./configure: line 5375: --version: command not found
configure:5377: $? = 127
configure:5379:  -v </dev/null >&5
./configure: line 5380: -v: command not found
configure:5382: $? = 127
configure:5384:  -V </dev/null >&5
./configure: line 5385: -V: command not found
configure:5387: $? = 127
configure:5395: checking whether we are using the GNU Fortran 77 compiler
configure:5409:  -c  conftest.F >&5
./configure: line 5410: -c: command not found
configure:5415: $? = 127
configure: failed program was:
|       program main
| #ifndef __GNUC__
|        choke me
| #endif
| 
|       end
configure:5440: result: no
configure:5446: checking whether  accepts -g
configure:5458:  -c -g conftest.f >&5
./configure: line 5459: -c: command not found
configure:5464: $? = 127
configure: failed program was:
|       program main
| 
|       end
configure:5488: result: no
configure:5518: checking the maximum length of command line arguments
configure:5583: result: 32768
configure:5594: checking command to parse /usr/bin/nm -B output from gcc object
configure:5683: gcc -c -g -O2  conftest.c >&5
configure:5686: $? = 0
configure:5690: /usr/bin/nm -B conftest.o \| sed -n -e 's/^.*[ 	]\([ABCDGIRSTW][ABCDGIRSTW]*\)[ 	][ 	]*\(\)\([_A-Za-z][_A-Za-z0-9]*\)$/\1 \2\3 \3/p' \> conftest.nm
configure:5693: $? = 0
configure:5745: gcc -o conftest -g -O2   conftest.c conftstm.o >&5
configure:5748: $? = 0
configure:5786: result: ok
configure:5790: checking for objdir
configure:5805: result: .libs
configure:5895: checking for ar
configure:5911: found /usr/bin/ar
configure:5922: result: ar
configure:5975: checking for ranlib
configure:5991: found /usr/bin/ranlib
configure:6002: result: ranlib
configure:6055: checking for strip
configure:6071: found /usr/bin/strip
configure:6082: result: strip
configure:6344: checking if gcc static flag  works
configure:6367: result: yes
configure:6385: checking if gcc supports -fno-rtti -fno-exceptions
configure:6403: gcc -c -g -O2  -fno-rtti -fno-exceptions conftest.c >&5
cc1: warning: command-line option '-fno-rtti' is valid for C++/D/ObjC++ but not for C
configure:6407: $? = 0
configure:6418: result: no
configure:6433: checking for gcc option to produce PIC
configure:6610: result: -fPIC
configure:6618: checking if gcc PIC flag -fPIC works
configure:6636: gcc -c -g -O2  -fPIC -DPIC conftest.c >&5
configure:6640: $? = 0
configure:6651: result: yes
configure:6675: checking if gcc supports -c -o file.o
configure:6696: gcc -c -g -O2  -o out/conftest2.o conftest.c >&5
configure:6700: $? = 0
configure:6720: result: yes
configure:6746: checking whether the gcc linker (/usr/bin/ld -m elf_x86_64) supports shared libraries
configure:7593: result: yes
configure:7619: checking whether -lc should be explicitly linked in
configure:7624: gcc -c -g -O2  conftest.c >&5
configure:7627: $? = 0
configure:7641: gcc -shared conftest.o  -v -Wl,-soname -Wl,conftest -o conftest 2\>\&1 \| grep  -lc  \>/dev/null 2\>\&1
configure:7644: $? = 0
configure:7656: result: no
configure:7664: checking dynamic linker characteristics
configure:8216: result: GNU/Linux ld.so
configure:8220: checking how to hardcode library paths into programs
configure:8245: result: immediate
configure:8259: checking whether stripping libraries is possible
configure:8264: result: yes
configure:9087: checking if libtool supports shared libraries
configure:9089: result: yes
configure:9092: checking whether to build shared libraries
configure:9150: result: yes
configure:9153: checking whether to build static libraries
configure:9157: result: yes
configure:9249: creating libtool
configure:9796: checking for ld used by g++
configure:9863: result: /usr/bin/ld -m elf_x86_64
configure:9872: checking if the linker (/usr/bin/ld -m elf_x86_64) is GNU ld
configure:9887: result: yes
configure:9938: checking whether the g++ linker (/usr/bin/ld -m elf_x86_64) supports shared libraries
configure:10764: result: yes
configure:10782: g++ -c -g -O2  conftest.cc >&5
configure:10785: $? = 0
configure:10881: checking for g++ option to produce PIC
configure:11133: result: -fPIC
configure:11141: checking if g++ PIC flag -fPIC works
configure:11159: g++ -c -g -O2  -fPIC -DPIC conftest.cc >&5
configure:11163: $? = 0
configure:11174: result: yes
configure:11198: checking if g++ supports -c -o file.o
configure:11219: g++ -c -g -O2  -o out/conftest2.o conftest.cc >&5
configure:11223: $? = 0
configure:11243: result: yes
configure:11269: checking whether the g++ linker (/usr/bin/ld -m elf_x86_64) supports shared libraries
configure:11297: result: yes
configure:11368: checking dynamic linker characteristics
configure:11920: result: GNU/Linux ld.so
configure:11924: checking how to hardcode library paths into programs
configure:11949: result: immediate
configure:11963: checking whether stripping libraries is possible
configure:11968: result: yes
configure:19215: checking for gawk
configure:19241: result: mawk
configure:19295: checking for sdl-config
configure:19326: result: no
configure:19334: checking for SDL - version >= 1.2.0
configure:19456: result: no
configure:19543: error: *** SDL version 1.2.0 not found!

## ---------------- ##
## Cache variables. ##
## ---------------- ##

ac_cv_build=x86_64-unknown-linux-gnu
ac_cv_build_alias=x86_64-unknown-linux-gnu
ac_cv_c_compiler_gnu=yes
ac_cv_cxx_compiler_gnu=yes
ac_cv_env_CC_set=
ac_cv_env_CC_value=
ac_cv_env_CFLAGS_set=
ac_cv_env_CFLAGS_value=
ac_cv_env_CPPFLAGS_set=
ac_cv_env_CPPFLAGS_value=
ac_cv_env_CPP_set=
ac_cv_env_CPP_value=
ac_cv_env_CXXCPP_set=
ac_cv_env_CXXCPP_value=
ac_cv_env_CXXFLAGS_set=
ac_cv_env_CXXFLAGS_value=
ac_cv_env_CXX_set=
ac_cv_env_CXX_value=
ac_cv_env_F77_set=
ac_cv_env_F77_value=
ac_cv_env_FFLAGS_set=
ac_cv_env_FFLAGS_value=
ac_cv_env_LDFLAGS_set=
ac_cv_env_LDFLAGS_value=
ac_cv_env_build_alias_set=
ac_cv_env_build_alias_value=
ac_cv_env_host_alias_set=
ac_cv_env_host_alias_value=
ac_cv_env_target_alias_set=
ac_cv_env_target_alias_value=
ac_cv_exeext=
ac_cv_f77_compiler_gnu=no
ac_cv_header_dlfcn_h=yes
ac_cv_header_inttypes_h=yes
ac_cv_header_memory_h=yes
ac_cv_header_stdc=yes
ac_cv_header_stdint_h=yes
ac_cv_header_stdlib_h=yes
ac_cv_header_string_h=yes
ac_cv_header_strings_h=yes
ac_cv_header_sys_stat_h=yes
ac_cv_header_sys_types_h=yes
ac_cv_header_unistd_h=yes
ac_cv_host=x86_64-unknown-linux-gnu
ac_cv_host_alias=x86_64-unknown-linux-gnu
ac_cv_objext=o
ac_cv_path_SDL_CONFIG=no
ac_cv_path_install='/usr/bin/install -c'
ac_cv_prog_AWK=mawk
ac_cv_prog_CPP='gcc -E'
ac_cv_prog_CXXCPP='g++ -E'
ac_cv_prog_ac_ct_AR=ar
ac_cv_prog_ac_ct_CC=gcc
ac_cv_prog_ac_ct_CXX=g++
ac_cv_prog_ac_ct_RANLIB=ranlib
ac_cv_prog_ac_ct_STRIP=strip
ac_cv_prog_cc_g=yes
ac_cv_prog_cc_stdc=
ac_cv_prog_cxx_g=yes
ac_cv_prog_egrep='grep -E'
ac_cv_prog_f77_g=no
ac_cv_prog_make_make_set=yes
ac_cv_target=x86_64-unknown-linux-gnu
ac_cv_target_alias=x86_64-unknown-linux-gnu
am_cv_CC_dependencies_compiler_type=gcc3
am_cv_CXX_dependencies_compiler_type=gcc3
lt_cv_deplibs_check_method=pass_all
lt_cv_file_magic_cmd='$MAGIC_CMD'
lt_cv_file_magic_test_file=
lt_cv_ld_reload_flag=-r
lt_cv_objdir=.libs
lt_cv_path_LD=/usr/bin/ld
lt_cv_path_LDCXX='/usr/bin/ld -m elf_x86_64'
lt_cv_path_NM='/usr/bin/nm -B'
lt_cv_path_SED=/usr/bin/sed
lt_cv_prog_compiler_c_o=yes
lt_cv_prog_compiler_c_o_CXX=yes
lt_cv_prog_compiler_rtti_exceptions=no
lt_cv_prog_gnu_ld=yes
lt_cv_prog_gnu_ldcxx=yes
lt_cv_sys_global_symbol_pipe='sed -n -e '\''s/^.*[ 	]\([ABCDGIRSTW][ABCDGIRSTW]*\)[ 	][ 	]*\(\)\([_A-Za-z][_A-Za-z0-9]*\)$/\1 \2\3 \3/p'\'''
lt_cv_sys_global_symbol_to_c_name_address='sed -n -e '\''s/^: \([^ ]*\) $/  {\"\1\", (lt_ptr) 0},/p'\'' -e '\''s/^[BCDEGRST] \([^ ]*\) \([^ ]*\)$/  {"\2", (lt_ptr) \&\2},/p'\'''
lt_cv_sys_global_symbol_to_cdecl='sed -n -e '\''s/^. .* \(.*\)$/extern int \1;/p'\'''
lt_cv_sys_max_cmd_len=32768
lt_lt_cv_prog_compiler_c_o='"yes"'
lt_lt_cv_prog_compiler_c_o_CXX='"yes"'
lt_lt_cv_sys_global_symbol_pipe='"sed -n -e '\''s/^.*[ 	]\\([ABCDGIRSTW][ABCDGIRSTW]*\\)[ 	][ 	]*\\(\\)\\([_A-Za-z][_A-Za-z0-9]*\\)\$/\\1 \\2\\3 \\3/p'\''"'
lt_lt_cv_sys_global_symbol_to_c_name_address='"sed -n -e '\''s/^: \\([^ ]*\\) \$/  {\\\"\\1\\\", (lt_ptr) 0},/p'\'' -e '\''s/^[BCDEGRST] \\([^ ]*\\) \\([^ ]*\\)\$/  {\"\\2\", (lt_ptr) \\&\\2},/p'\''"'
lt_lt_cv_sys_global_symbol_to_cdecl='"sed -n -e '\''s/^. .* \\(.*\\)\$/extern int \\1;/p'\''"'

## ----------------- ##
## Output variables. ##
## ----------------- ##

ACLOCAL='${SHELL} /home/cicada44/cicada-main/sibsutis/3sem/OOP/lab4/libgraph-1.0.2/missing --run aclocal-1.8'
AMDEPBACKSLASH='\'
AMDEP_FALSE='#'
AMDEP_TRUE=''
AMTAR='${SHELL} /home/cicada44/cicada-main/sibsutis/3sem/OOP/lab4/libgraph-1.0.2/missing --run tar'
AR='ar'
AUTOCONF='${SHELL} /home/cicada44/cicada-main/sibsutis/3sem/OOP/lab4/libgraph-1.0.2/missing --run autoconf'
AUTOHEADER='${SHELL} /home/cicada44/cicada-main/sibsutis/3sem/OOP/lab4/libgraph-1.0.2/missing --run autoheader'
AUTOMAKE='${SHELL} /home/cicada44/cicada-main/sibsutis/3sem/OOP/lab4/libgraph-1.0.2/missing --run automake-1.8'
AWK='mawk'
CC='gcc'
CCDEPMODE='depmode=gcc3'
CFLAGS='-g -O2'
CPP='gcc -E'
CPPFLAGS=''
CXX='g++'
CXXCPP='g++ -E'
CXXDEPMODE='depmode=gcc3'
CXXFLAGS='-g -O2'
CYGPATH_W='echo'
DEFS=''
DEPDIR='.deps'
ECHO='echo'
ECHO_C=''
ECHO_N='-n'
ECHO_T=''
EGREP='grep -E'
EXEEXT=''
F77=''
FFLAGS=''
GUILE_CFLAGS=''
GUILE_DATADIR=''
GUILE_FALSE=''
GUILE_LDFLAGS=''
GUILE_TRUE=''
INSTALL_DATA='${INSTALL} -m 644'
INSTALL_PROGRAM='${INSTALL}'
INSTALL_SCRIPT='${INSTALL}'
INSTALL_STRIP_PROGRAM='${SHELL} $(install_sh) -c -s'
LDFLAGS=''
LIBOBJS=''
LIBS=''
LIBTOOL='$(SHELL) $(top_builddir)/libtool'
LN_S='ln -s'
LTLIBOBJS=''
MAINT='#'
MAINTAINER_MODE_FALSE=''
MAINTAINER_MODE_TRUE='#'
MAKEINFO='${SHELL} /home/cicada44/cicada-main/sibsutis/3sem/OOP/lab4/libgraph-1.0.2/missing --run makeinfo'
OBJEXT='o'
PACKAGE='libgraph'
PACKAGE_BUGREPORT='faraz_ms@rediffmail.com'
PACKAGE_NAME='libgraph'
PACKAGE_STRING='libgraph 1.0.2'
PACKAGE_TARNAME='libgraph'
PACKAGE_VERSION='1.0.2'
PATH_SEPARATOR=':'
PKGCONFIG_FALSE=''
PKGCONFIG_TRUE=''
RANLIB='ranlib'
SDL_CFLAGS=''
SDL_CONFIG='no'
SDL_LIBS=''
SET_MAKE=''
SHELL='/bin/bash'
STRIP='strip'
VERSION='1.0.2'
ac_ct_AR='ar'
ac_ct_CC='gcc'
ac_ct_CXX='g++'
ac_ct_F77=''
ac_ct_RANLIB='ranlib'
ac_ct_STRIP='strip'
am__fastdepCC_FALSE='#'
am__fastdepCC_TRUE=''
am__fastdepCXX_FALSE='#'
am__fastdepCXX_TRUE=''
am__include='include'
am__leading_dot='.'
am__quote=''
bindir='${exec_prefix}/bin'
build='x86_64-unknown-linux-gnu'
build_alias=''
build_cpu='x86_64'
build_os='linux-gnu'
build_vendor='unknown'
datadir='${prefix}/share'
exec_prefix='NONE'
host='x86_64-unknown-linux-gnu'
host_alias=''
host_cpu='x86_64'
host_os='linux-gnu'
host_vendor='unknown'
includedir='${prefix}/include'
infodir='${prefix}/info'
install_sh='/home/cicada44/cicada-main/sibsutis/3sem/OOP/lab4/libgraph-1.0.2/install-sh'
libdir='${exec_prefix}/lib'
libexecdir='${exec_prefix}/libexec'
localstatedir='${prefix}/var'
mandir='${prefix}/man'
mkdir_p='mkdir -p -- .'
oldincludedir='/usr/include'
prefix='NONE'
program_transform_name='s,x,x,'
sbindir='${exec_prefix}/sbin'
sharedstatedir='${prefix}/com'
sysconfdir='${prefix}/etc'
target='x86_64-unknown-linux-gnu'
target_alias=''
target_cpu='x86_64'
target_os='linux-gnu'
target_vendor='unknown'

## ----------- ##
## confdefs.h. ##
## ----------- ##

#define HAVE_DLFCN_H 1
#define HAVE_INTTYPES_H 1
#define HAVE_MEMORY_H 1
#define HAVE_STDINT_H 1
#define HAVE_STDLIB_H 1
#define HAVE_STRINGS_H 1
#define HAVE_STRING_H 1
#define HAVE_SYS_STAT_H 1
#define HAVE_SYS_TYPES_H 1
#define HAVE_UNISTD_H 1
#define PACKAGE "libgraph"
#define PACKAGE_BUGREPORT "faraz_ms@rediffmail.com"
#define PACKAGE_NAME "libgraph"
#define PACKAGE_STRING "libgraph 1.0.2"
#define PACKAGE_TARNAME "libgraph"
#define PACKAGE_VERSION "1.0.2"
#define STDC_HEADERS 1
#define VERSION "1.0.2"
#endif
#ifdef __cplusplus
extern "C" void std::exit (int) throw (); using std::exit;

configure: exit 1
