The system is: Linux - 5.15.153.1-microsoft-standard-WSL2 - x86_64
Compiling the C compiler identification source file "CMakeCCompilerId.c" succeeded.
Compiler: /usr/bin/cc 
Build flags: 
Id flags:  

The output was:
0


Compilation of the C compiler identification source "CMakeCCompilerId.c" produced "a.out"

The C compiler identification is GNU, found in "/mnt/c/cicada-main/sibsutis/7sem/compilers/lab-02/tinylang/build/CMakeFiles/3.22.1/CompilerIdC/a.out"

Compiling the CXX compiler identification source file "CMakeCXXCompilerId.cpp" succeeded.
Compiler: /usr/bin/c++ 
Build flags: 
Id flags:  

The output was:
0


Compilation of the CXX compiler identification source "CMakeCXXCompilerId.cpp" produced "a.out"

The CXX compiler identification is GNU, found in "/mnt/c/cicada-main/sibsutis/7sem/compilers/lab-02/tinylang/build/CMakeFiles/3.22.1/CompilerIdCXX/a.out"

Detecting C compiler ABI info compiled with the following output:
Change Dir: /mnt/c/cicada-main/sibsutis/7sem/compilers/lab-02/tinylang/build/CMakeFiles/CMakeTmp

Run Build Command(s):/usr/bin/gmake -f Makefile cmTC_70b7b/fast && /usr/bin/gmake  -f CMakeFiles/cmTC_70b7b.dir/build.make CMakeFiles/cmTC_70b7b.dir/build
gmake[1]: Entering directory '/mnt/c/cicada-main/sibsutis/7sem/compilers/lab-02/tinylang/build/CMakeFiles/CMakeTmp'
Building C object CMakeFiles/cmTC_70b7b.dir/CMakeCCompilerABI.c.o
/usr/bin/cc   -v -o CMakeFiles/cmTC_70b7b.dir/CMakeCCompilerABI.c.o -c /usr/share/cmake-3.22/Modules/CMakeCCompilerABI.c
Using built-in specs.
COLLECT_GCC=/usr/bin/cc
OFFLOAD_TARGET_NAMES=nvptx-none:amdgcn-amdhsa
OFFLOAD_TARGET_DEFAULT=1
Target: x86_64-linux-gnu
Configured with: ../src/configure -v --with-pkgversion='Ubuntu 11.4.0-1ubuntu1~22.04' --with-bugurl=file:///usr/share/doc/gcc-11/README.Bugs --enable-languages=c,ada,c++,go,brig,d,fortran,objc,obj-c++,m2 --prefix=/usr --with-gcc-major-version-only --program-suffix=-11 --program-prefix=x86_64-linux-gnu- --enable-shared --enable-linker-build-id --libexecdir=/usr/lib --without-included-gettext --enable-threads=posix --libdir=/usr/lib --enable-nls --enable-bootstrap --enable-clocale=gnu --enable-libstdcxx-debug --enable-libstdcxx-time=yes --with-default-libstdcxx-abi=new --enable-gnu-unique-object --disable-vtable-verify --enable-plugin --enable-default-pie --with-system-zlib --enable-libphobos-checking=release --with-target-system-zlib=auto --enable-objc-gc=auto --enable-multiarch --disable-werror --enable-cet --with-arch-32=i686 --with-abi=m64 --with-multilib-list=m32,m64,mx32 --enable-multilib --with-tune=generic --enable-offload-targets=nvptx-none=/build/gcc-11-XeT9lY/gcc-11-11.4.0/debian/tmp-nvptx/usr,amdgcn-amdhsa=/build/gcc-11-XeT9lY/gcc-11-11.4.0/debian/tmp-gcn/usr --without-cuda-driver --enable-checking=release --build=x86_64-linux-gnu --host=x86_64-linux-gnu --target=x86_64-linux-gnu --with-build-config=bootstrap-lto-lean --enable-link-serialization=2
Thread model: posix
Supported LTO compression algorithms: zlib zstd
gcc version 11.4.0 (Ubuntu 11.4.0-1ubuntu1~22.04) 
COLLECT_GCC_OPTIONS='-v' '-o' 'CMakeFiles/cmTC_70b7b.dir/CMakeCCompilerABI.c.o' '-c' '-mtune=generic' '-march=x86-64' '-dumpdir' 'CMakeFiles/cmTC_70b7b.dir/'
 /usr/lib/gcc/x86_64-linux-gnu/11/cc1 -quiet -v -imultiarch x86_64-linux-gnu /usr/share/cmake-3.22/Modules/CMakeCCompilerABI.c -quiet -dumpdir CMakeFiles/cmTC_70b7b.dir/ -dumpbase CMakeCCompilerABI.c.c -dumpbase-ext .c -mtune=generic -march=x86-64 -version -fasynchronous-unwind-tables -fstack-protector-strong -Wformat -Wformat-security -fstack-clash-protection -fcf-protection -o /tmp/ccCZVblF.s
GNU C17 (Ubuntu 11.4.0-1ubuntu1~22.04) version 11.4.0 (x86_64-linux-gnu)
	compiled by GNU C version 11.4.0, GMP version 6.2.1, MPFR version 4.1.0, MPC version 1.2.1, isl version isl-0.24-GMP

GGC heuristics: --param ggc-min-expand=100 --param ggc-min-heapsize=131072
ignoring nonexistent directory "/usr/local/include/x86_64-linux-gnu"
ignoring nonexistent directory "/usr/lib/gcc/x86_64-linux-gnu/11/include-fixed"
ignoring nonexistent directory "/usr/lib/gcc/x86_64-linux-gnu/11/../../../../x86_64-linux-gnu/include"
#include "..." search starts here:
#include <...> search starts here:
 /usr/lib/gcc/x86_64-linux-gnu/11/include
 /usr/local/include
 /usr/include/x86_64-linux-gnu
 /usr/include
End of search list.
GNU C17 (Ubuntu 11.4.0-1ubuntu1~22.04) version 11.4.0 (x86_64-linux-gnu)
	compiled by GNU C version 11.4.0, GMP version 6.2.1, MPFR version 4.1.0, MPC version 1.2.1, isl version isl-0.24-GMP

GGC heuristics: --param ggc-min-expand=100 --param ggc-min-heapsize=131072
Compiler executable checksum: 50eaa2331df977b8016186198deb2d18
COLLECT_GCC_OPTIONS='-v' '-o' 'CMakeFiles/cmTC_70b7b.dir/CMakeCCompilerABI.c.o' '-c' '-mtune=generic' '-march=x86-64' '-dumpdir' 'CMakeFiles/cmTC_70b7b.dir/'
 as -v --64 -o CMakeFiles/cmTC_70b7b.dir/CMakeCCompilerABI.c.o /tmp/ccCZVblF.s
GNU assembler version 2.38 (x86_64-linux-gnu) using BFD version (GNU Binutils for Ubuntu) 2.38
COMPILER_PATH=/usr/lib/gcc/x86_64-linux-gnu/11/:/usr/lib/gcc/x86_64-linux-gnu/11/:/usr/lib/gcc/x86_64-linux-gnu/:/usr/lib/gcc/x86_64-linux-gnu/11/:/usr/lib/gcc/x86_64-linux-gnu/
LIBRARY_PATH=/usr/lib/gcc/x86_64-linux-gnu/11/:/usr/lib/gcc/x86_64-linux-gnu/11/../../../x86_64-linux-gnu/:/usr/lib/gcc/x86_64-linux-gnu/11/../../../../lib/:/lib/x86_64-linux-gnu/:/lib/../lib/:/usr/lib/x86_64-linux-gnu/:/usr/lib/../lib/:/usr/lib/gcc/x86_64-linux-gnu/11/../../../:/lib/:/usr/lib/
COLLECT_GCC_OPTIONS='-v' '-o' 'CMakeFiles/cmTC_70b7b.dir/CMakeCCompilerABI.c.o' '-c' '-mtune=generic' '-march=x86-64' '-dumpdir' 'CMakeFiles/cmTC_70b7b.dir/CMakeCCompilerABI.c.'
Linking C executable cmTC_70b7b
/usr/bin/cmake -E cmake_link_script CMakeFiles/cmTC_70b7b.dir/link.txt --verbose=1
/usr/bin/cc  -v CMakeFiles/cmTC_70b7b.dir/CMakeCCompilerABI.c.o -o cmTC_70b7b 
Using built-in specs.
COLLECT_GCC=/usr/bin/cc
COLLECT_LTO_WRAPPER=/usr/lib/gcc/x86_64-linux-gnu/11/lto-wrapper
OFFLOAD_TARGET_NAMES=nvptx-none:amdgcn-amdhsa
OFFLOAD_TARGET_DEFAULT=1
Target: x86_64-linux-gnu
Configured with: ../src/configure -v --with-pkgversion='Ubuntu 11.4.0-1ubuntu1~22.04' --with-bugurl=file:///usr/share/doc/gcc-11/README.Bugs --enable-languages=c,ada,c++,go,brig,d,fortran,objc,obj-c++,m2 --prefix=/usr --with-gcc-major-version-only --program-suffix=-11 --program-prefix=x86_64-linux-gnu- --enable-shared --enable-linker-build-id --libexecdir=/usr/lib --without-included-gettext --enable-threads=posix --libdir=/usr/lib --enable-nls --enable-bootstrap --enable-clocale=gnu --enable-libstdcxx-debug --enable-libstdcxx-time=yes --with-default-libstdcxx-abi=new --enable-gnu-unique-object --disable-vtable-verify --enable-plugin --enable-default-pie --with-system-zlib --enable-libphobos-checking=release --with-target-system-zlib=auto --enable-objc-gc=auto --enable-multiarch --disable-werror --enable-cet --with-arch-32=i686 --with-abi=m64 --with-multilib-list=m32,m64,mx32 --enable-multilib --with-tune=generic --enable-offload-targets=nvptx-none=/build/gcc-11-XeT9lY/gcc-11-11.4.0/debian/tmp-nvptx/usr,amdgcn-amdhsa=/build/gcc-11-XeT9lY/gcc-11-11.4.0/debian/tmp-gcn/usr --without-cuda-driver --enable-checking=release --build=x86_64-linux-gnu --host=x86_64-linux-gnu --target=x86_64-linux-gnu --with-build-config=bootstrap-lto-lean --enable-link-serialization=2
Thread model: posix
Supported LTO compression algorithms: zlib zstd
gcc version 11.4.0 (Ubuntu 11.4.0-1ubuntu1~22.04) 
COMPILER_PATH=/usr/lib/gcc/x86_64-linux-gnu/11/:/usr/lib/gcc/x86_64-linux-gnu/11/:/usr/lib/gcc/x86_64-linux-gnu/:/usr/lib/gcc/x86_64-linux-gnu/11/:/usr/lib/gcc/x86_64-linux-gnu/
LIBRARY_PATH=/usr/lib/gcc/x86_64-linux-gnu/11/:/usr/lib/gcc/x86_64-linux-gnu/11/../../../x86_64-linux-gnu/:/usr/lib/gcc/x86_64-linux-gnu/11/../../../../lib/:/lib/x86_64-linux-gnu/:/lib/../lib/:/usr/lib/x86_64-linux-gnu/:/usr/lib/../lib/:/usr/lib/gcc/x86_64-linux-gnu/11/../../../:/lib/:/usr/lib/
COLLECT_GCC_OPTIONS='-v' '-o' 'cmTC_70b7b' '-mtune=generic' '-march=x86-64' '-dumpdir' 'cmTC_70b7b.'
 /usr/lib/gcc/x86_64-linux-gnu/11/collect2 -plugin /usr/lib/gcc/x86_64-linux-gnu/11/liblto_plugin.so -plugin-opt=/usr/lib/gcc/x86_64-linux-gnu/11/lto-wrapper -plugin-opt=-fresolution=/tmp/ccm77ioK.res -plugin-opt=-pass-through=-lgcc -plugin-opt=-pass-through=-lgcc_s -plugin-opt=-pass-through=-lc -plugin-opt=-pass-through=-lgcc -plugin-opt=-pass-through=-lgcc_s --build-id --eh-frame-hdr -m elf_x86_64 --hash-style=gnu --as-needed -dynamic-linker /lib64/ld-linux-x86-64.so.2 -pie -z now -z relro -o cmTC_70b7b /usr/lib/gcc/x86_64-linux-gnu/11/../../../x86_64-linux-gnu/Scrt1.o /usr/lib/gcc/x86_64-linux-gnu/11/../../../x86_64-linux-gnu/crti.o /usr/lib/gcc/x86_64-linux-gnu/11/crtbeginS.o -L/usr/lib/gcc/x86_64-linux-gnu/11 -L/usr/lib/gcc/x86_64-linux-gnu/11/../../../x86_64-linux-gnu -L/usr/lib/gcc/x86_64-linux-gnu/11/../../../../lib -L/lib/x86_64-linux-gnu -L/lib/../lib -L/usr/lib/x86_64-linux-gnu -L/usr/lib/../lib -L/usr/lib/gcc/x86_64-linux-gnu/11/../../.. CMakeFiles/cmTC_70b7b.dir/CMakeCCompilerABI.c.o -lgcc --push-state --as-needed -lgcc_s --pop-state -lc -lgcc --push-state --as-needed -lgcc_s --pop-state /usr/lib/gcc/x86_64-linux-gnu/11/crtendS.o /usr/lib/gcc/x86_64-linux-gnu/11/../../../x86_64-linux-gnu/crtn.o
COLLECT_GCC_OPTIONS='-v' '-o' 'cmTC_70b7b' '-mtune=generic' '-march=x86-64' '-dumpdir' 'cmTC_70b7b.'
gmake[1]: Leaving directory '/mnt/c/cicada-main/sibsutis/7sem/compilers/lab-02/tinylang/build/CMakeFiles/CMakeTmp'



Parsed C implicit include dir info from above output: rv=done
  found start of include info
  found start of implicit include info
    add: [/usr/lib/gcc/x86_64-linux-gnu/11/include]
    add: [/usr/local/include]
    add: [/usr/include/x86_64-linux-gnu]
    add: [/usr/include]
  end of search list found
  collapse include dir [/usr/lib/gcc/x86_64-linux-gnu/11/include] ==> [/usr/lib/gcc/x86_64-linux-gnu/11/include]
  collapse include dir [/usr/local/include] ==> [/usr/local/include]
  collapse include dir [/usr/include/x86_64-linux-gnu] ==> [/usr/include/x86_64-linux-gnu]
  collapse include dir [/usr/include] ==> [/usr/include]
  implicit include dirs: [/usr/lib/gcc/x86_64-linux-gnu/11/include;/usr/local/include;/usr/include/x86_64-linux-gnu;/usr/include]


Parsed C implicit link information from above output:
  link line regex: [^( *|.*[/\])(ld|CMAKE_LINK_STARTFILE-NOTFOUND|([^/\]+-)?ld|collect2)[^/\]*( |$)]
  ignore line: [Change Dir: /mnt/c/cicada-main/sibsutis/7sem/compilers/lab-02/tinylang/build/CMakeFiles/CMakeTmp]
  ignore line: []
  ignore line: [Run Build Command(s):/usr/bin/gmake -f Makefile cmTC_70b7b/fast && /usr/bin/gmake  -f CMakeFiles/cmTC_70b7b.dir/build.make CMakeFiles/cmTC_70b7b.dir/build]
  ignore line: [gmake[1]: Entering directory '/mnt/c/cicada-main/sibsutis/7sem/compilers/lab-02/tinylang/build/CMakeFiles/CMakeTmp']
  ignore line: [Building C object CMakeFiles/cmTC_70b7b.dir/CMakeCCompilerABI.c.o]
  ignore line: [/usr/bin/cc   -v -o CMakeFiles/cmTC_70b7b.dir/CMakeCCompilerABI.c.o -c /usr/share/cmake-3.22/Modules/CMakeCCompilerABI.c]
  ignore line: [Using built-in specs.]
  ignore line: [COLLECT_GCC=/usr/bin/cc]
  ignore line: [OFFLOAD_TARGET_NAMES=nvptx-none:amdgcn-amdhsa]
  ignore line: [OFFLOAD_TARGET_DEFAULT=1]
  ignore line: [Target: x86_64-linux-gnu]
  ignore line: [Configured with: ../src/configure -v --with-pkgversion='Ubuntu 11.4.0-1ubuntu1~22.04' --with-bugurl=file:///usr/share/doc/gcc-11/README.Bugs --enable-languages=c ada c++ go brig d fortran objc obj-c++ m2 --prefix=/usr --with-gcc-major-version-only --program-suffix=-11 --program-prefix=x86_64-linux-gnu- --enable-shared --enable-linker-build-id --libexecdir=/usr/lib --without-included-gettext --enable-threads=posix --libdir=/usr/lib --enable-nls --enable-bootstrap --enable-clocale=gnu --enable-libstdcxx-debug --enable-libstdcxx-time=yes --with-default-libstdcxx-abi=new --enable-gnu-unique-object --disable-vtable-verify --enable-plugin --enable-default-pie --with-system-zlib --enable-libphobos-checking=release --with-target-system-zlib=auto --enable-objc-gc=auto --enable-multiarch --disable-werror --enable-cet --with-arch-32=i686 --with-abi=m64 --with-multilib-list=m32 m64 mx32 --enable-multilib --with-tune=generic --enable-offload-targets=nvptx-none=/build/gcc-11-XeT9lY/gcc-11-11.4.0/debian/tmp-nvptx/usr amdgcn-amdhsa=/build/gcc-11-XeT9lY/gcc-11-11.4.0/debian/tmp-gcn/usr --without-cuda-driver --enable-checking=release --build=x86_64-linux-gnu --host=x86_64-linux-gnu --target=x86_64-linux-gnu --with-build-config=bootstrap-lto-lean --enable-link-serialization=2]
  ignore line: [Thread model: posix]
  ignore line: [Supported LTO compression algorithms: zlib zstd]
  ignore line: [gcc version 11.4.0 (Ubuntu 11.4.0-1ubuntu1~22.04) ]
  ignore line: [COLLECT_GCC_OPTIONS='-v' '-o' 'CMakeFiles/cmTC_70b7b.dir/CMakeCCompilerABI.c.o' '-c' '-mtune=generic' '-march=x86-64' '-dumpdir' 'CMakeFiles/cmTC_70b7b.dir/']
  ignore line: [ /usr/lib/gcc/x86_64-linux-gnu/11/cc1 -quiet -v -imultiarch x86_64-linux-gnu /usr/share/cmake-3.22/Modules/CMakeCCompilerABI.c -quiet -dumpdir CMakeFiles/cmTC_70b7b.dir/ -dumpbase CMakeCCompilerABI.c.c -dumpbase-ext .c -mtune=generic -march=x86-64 -version -fasynchronous-unwind-tables -fstack-protector-strong -Wformat -Wformat-security -fstack-clash-protection -fcf-protection -o /tmp/ccCZVblF.s]
  ignore line: [GNU C17 (Ubuntu 11.4.0-1ubuntu1~22.04) version 11.4.0 (x86_64-linux-gnu)]
  ignore line: [	compiled by GNU C version 11.4.0  GMP version 6.2.1  MPFR version 4.1.0  MPC version 1.2.1  isl version isl-0.24-GMP]
  ignore line: []
  ignore line: [GGC heuristics: --param ggc-min-expand=100 --param ggc-min-heapsize=131072]
  ignore line: [ignoring nonexistent directory "/usr/local/include/x86_64-linux-gnu"]
  ignore line: [ignoring nonexistent directory "/usr/lib/gcc/x86_64-linux-gnu/11/include-fixed"]
  ignore line: [ignoring nonexistent directory "/usr/lib/gcc/x86_64-linux-gnu/11/../../../../x86_64-linux-gnu/include"]
  ignore line: [#include "..." search starts here:]
  ignore line: [#include <...> search starts here:]
  ignore line: [ /usr/lib/gcc/x86_64-linux-gnu/11/include]
  ignore line: [ /usr/local/include]
  ignore line: [ /usr/include/x86_64-linux-gnu]
  ignore line: [ /usr/include]
  ignore line: [End of search list.]
  ignore line: [GNU C17 (Ubuntu 11.4.0-1ubuntu1~22.04) version 11.4.0 (x86_64-linux-gnu)]
  ignore line: [	compiled by GNU C version 11.4.0  GMP version 6.2.1  MPFR version 4.1.0  MPC version 1.2.1  isl version isl-0.24-GMP]
  ignore line: []
  ignore line: [GGC heuristics: --param ggc-min-expand=100 --param ggc-min-heapsize=131072]
  ignore line: [Compiler executable checksum: 50eaa2331df977b8016186198deb2d18]
  ignore line: [COLLECT_GCC_OPTIONS='-v' '-o' 'CMakeFiles/cmTC_70b7b.dir/CMakeCCompilerABI.c.o' '-c' '-mtune=generic' '-march=x86-64' '-dumpdir' 'CMakeFiles/cmTC_70b7b.dir/']
  ignore line: [ as -v --64 -o CMakeFiles/cmTC_70b7b.dir/CMakeCCompilerABI.c.o /tmp/ccCZVblF.s]
  ignore line: [GNU assembler version 2.38 (x86_64-linux-gnu) using BFD version (GNU Binutils for Ubuntu) 2.38]
  ignore line: [COMPILER_PATH=/usr/lib/gcc/x86_64-linux-gnu/11/:/usr/lib/gcc/x86_64-linux-gnu/11/:/usr/lib/gcc/x86_64-linux-gnu/:/usr/lib/gcc/x86_64-linux-gnu/11/:/usr/lib/gcc/x86_64-linux-gnu/]
  ignore line: [LIBRARY_PATH=/usr/lib/gcc/x86_64-linux-gnu/11/:/usr/lib/gcc/x86_64-linux-gnu/11/../../../x86_64-linux-gnu/:/usr/lib/gcc/x86_64-linux-gnu/11/../../../../lib/:/lib/x86_64-linux-gnu/:/lib/../lib/:/usr/lib/x86_64-linux-gnu/:/usr/lib/../lib/:/usr/lib/gcc/x86_64-linux-gnu/11/../../../:/lib/:/usr/lib/]
  ignore line: [COLLECT_GCC_OPTIONS='-v' '-o' 'CMakeFiles/cmTC_70b7b.dir/CMakeCCompilerABI.c.o' '-c' '-mtune=generic' '-march=x86-64' '-dumpdir' 'CMakeFiles/cmTC_70b7b.dir/CMakeCCompilerABI.c.']
  ignore line: [Linking C executable cmTC_70b7b]
  ignore line: [/usr/bin/cmake -E cmake_link_script CMakeFiles/cmTC_70b7b.dir/link.txt --verbose=1]
  ignore line: [/usr/bin/cc  -v CMakeFiles/cmTC_70b7b.dir/CMakeCCompilerABI.c.o -o cmTC_70b7b ]
  ignore line: [Using built-in specs.]
  ignore line: [COLLECT_GCC=/usr/bin/cc]
  ignore line: [COLLECT_LTO_WRAPPER=/usr/lib/gcc/x86_64-linux-gnu/11/lto-wrapper]
  ignore line: [OFFLOAD_TARGET_NAMES=nvptx-none:amdgcn-amdhsa]
  ignore line: [OFFLOAD_TARGET_DEFAULT=1]
  ignore line: [Target: x86_64-linux-gnu]
  ignore line: [Configured with: ../src/configure -v --with-pkgversion='Ubuntu 11.4.0-1ubuntu1~22.04' --with-bugurl=file:///usr/share/doc/gcc-11/README.Bugs --enable-languages=c ada c++ go brig d fortran objc obj-c++ m2 --prefix=/usr --with-gcc-major-version-only --program-suffix=-11 --program-prefix=x86_64-linux-gnu- --enable-shared --enable-linker-build-id --libexecdir=/usr/lib --without-included-gettext --enable-threads=posix --libdir=/usr/lib --enable-nls --enable-bootstrap --enable-clocale=gnu --enable-libstdcxx-debug --enable-libstdcxx-time=yes --with-default-libstdcxx-abi=new --enable-gnu-unique-object --disable-vtable-verify --enable-plugin --enable-default-pie --with-system-zlib --enable-libphobos-checking=release --with-target-system-zlib=auto --enable-objc-gc=auto --enable-multiarch --disable-werror --enable-cet --with-arch-32=i686 --with-abi=m64 --with-multilib-list=m32 m64 mx32 --enable-multilib --with-tune=generic --enable-offload-targets=nvptx-none=/build/gcc-11-XeT9lY/gcc-11-11.4.0/debian/tmp-nvptx/usr amdgcn-amdhsa=/build/gcc-11-XeT9lY/gcc-11-11.4.0/debian/tmp-gcn/usr --without-cuda-driver --enable-checking=release --build=x86_64-linux-gnu --host=x86_64-linux-gnu --target=x86_64-linux-gnu --with-build-config=bootstrap-lto-lean --enable-link-serialization=2]
  ignore line: [Thread model: posix]
  ignore line: [Supported LTO compression algorithms: zlib zstd]
  ignore line: [gcc version 11.4.0 (Ubuntu 11.4.0-1ubuntu1~22.04) ]
  ignore line: [COMPILER_PATH=/usr/lib/gcc/x86_64-linux-gnu/11/:/usr/lib/gcc/x86_64-linux-gnu/11/:/usr/lib/gcc/x86_64-linux-gnu/:/usr/lib/gcc/x86_64-linux-gnu/11/:/usr/lib/gcc/x86_64-linux-gnu/]
  ignore line: [LIBRARY_PATH=/usr/lib/gcc/x86_64-linux-gnu/11/:/usr/lib/gcc/x86_64-linux-gnu/11/../../../x86_64-linux-gnu/:/usr/lib/gcc/x86_64-linux-gnu/11/../../../../lib/:/lib/x86_64-linux-gnu/:/lib/../lib/:/usr/lib/x86_64-linux-gnu/:/usr/lib/../lib/:/usr/lib/gcc/x86_64-linux-gnu/11/../../../:/lib/:/usr/lib/]
  ignore line: [COLLECT_GCC_OPTIONS='-v' '-o' 'cmTC_70b7b' '-mtune=generic' '-march=x86-64' '-dumpdir' 'cmTC_70b7b.']
  link line: [ /usr/lib/gcc/x86_64-linux-gnu/11/collect2 -plugin /usr/lib/gcc/x86_64-linux-gnu/11/liblto_plugin.so -plugin-opt=/usr/lib/gcc/x86_64-linux-gnu/11/lto-wrapper -plugin-opt=-fresolution=/tmp/ccm77ioK.res -plugin-opt=-pass-through=-lgcc -plugin-opt=-pass-through=-lgcc_s -plugin-opt=-pass-through=-lc -plugin-opt=-pass-through=-lgcc -plugin-opt=-pass-through=-lgcc_s --build-id --eh-frame-hdr -m elf_x86_64 --hash-style=gnu --as-needed -dynamic-linker /lib64/ld-linux-x86-64.so.2 -pie -z now -z relro -o cmTC_70b7b /usr/lib/gcc/x86_64-linux-gnu/11/../../../x86_64-linux-gnu/Scrt1.o /usr/lib/gcc/x86_64-linux-gnu/11/../../../x86_64-linux-gnu/crti.o /usr/lib/gcc/x86_64-linux-gnu/11/crtbeginS.o -L/usr/lib/gcc/x86_64-linux-gnu/11 -L/usr/lib/gcc/x86_64-linux-gnu/11/../../../x86_64-linux-gnu -L/usr/lib/gcc/x86_64-linux-gnu/11/../../../../lib -L/lib/x86_64-linux-gnu -L/lib/../lib -L/usr/lib/x86_64-linux-gnu -L/usr/lib/../lib -L/usr/lib/gcc/x86_64-linux-gnu/11/../../.. CMakeFiles/cmTC_70b7b.dir/CMakeCCompilerABI.c.o -lgcc --push-state --as-needed -lgcc_s --pop-state -lc -lgcc --push-state --as-needed -lgcc_s --pop-state /usr/lib/gcc/x86_64-linux-gnu/11/crtendS.o /usr/lib/gcc/x86_64-linux-gnu/11/../../../x86_64-linux-gnu/crtn.o]
    arg [/usr/lib/gcc/x86_64-linux-gnu/11/collect2] ==> ignore
    arg [-plugin] ==> ignore
    arg [/usr/lib/gcc/x86_64-linux-gnu/11/liblto_plugin.so] ==> ignore
    arg [-plugin-opt=/usr/lib/gcc/x86_64-linux-gnu/11/lto-wrapper] ==> ignore
    arg [-plugin-opt=-fresolution=/tmp/ccm77ioK.res] ==> ignore
    arg [-plugin-opt=-pass-through=-lgcc] ==> ignore
    arg [-plugin-opt=-pass-through=-lgcc_s] ==> ignore
    arg [-plugin-opt=-pass-through=-lc] ==> ignore
    arg [-plugin-opt=-pass-through=-lgcc] ==> ignore
    arg [-plugin-opt=-pass-through=-lgcc_s] ==> ignore
    arg [--build-id] ==> ignore
    arg [--eh-frame-hdr] ==> ignore
    arg [-m] ==> ignore
    arg [elf_x86_64] ==> ignore
    arg [--hash-style=gnu] ==> ignore
    arg [--as-needed] ==> ignore
    arg [-dynamic-linker] ==> ignore
    arg [/lib64/ld-linux-x86-64.so.2] ==> ignore
    arg [-pie] ==> ignore
    arg [-znow] ==> ignore
    arg [-zrelro] ==> ignore
    arg [-o] ==> ignore
    arg [cmTC_70b7b] ==> ignore
    arg [/usr/lib/gcc/x86_64-linux-gnu/11/../../../x86_64-linux-gnu/Scrt1.o] ==> obj [/usr/lib/gcc/x86_64-linux-gnu/11/../../../x86_64-linux-gnu/Scrt1.o]
    arg [/usr/lib/gcc/x86_64-linux-gnu/11/../../../x86_64-linux-gnu/crti.o] ==> obj [/usr/lib/gcc/x86_64-linux-gnu/11/../../../x86_64-linux-gnu/crti.o]
    arg [/usr/lib/gcc/x86_64-linux-gnu/11/crtbeginS.o] ==> obj [/usr/lib/gcc/x86_64-linux-gnu/11/crtbeginS.o]
    arg [-L/usr/lib/gcc/x86_64-linux-gnu/11] ==> dir [/usr/lib/gcc/x86_64-linux-gnu/11]
    arg [-L/usr/lib/gcc/x86_64-linux-gnu/11/../../../x86_64-linux-gnu] ==> dir [/usr/lib/gcc/x86_64-linux-gnu/11/../../../x86_64-linux-gnu]
    arg [-L/usr/lib/gcc/x86_64-linux-gnu/11/../../../../lib] ==> dir [/usr/lib/gcc/x86_64-linux-gnu/11/../../../../lib]
    arg [-L/lib/x86_64-linux-gnu] ==> dir [/lib/x86_64-linux-gnu]
    arg [-L/lib/../lib] ==> dir [/lib/../lib]
    arg [-L/usr/lib/x86_64-linux-gnu] ==> dir [/usr/lib/x86_64-linux-gnu]
    arg [-L/usr/lib/../lib] ==> dir [/usr/lib/../lib]
    arg [-L/usr/lib/gcc/x86_64-linux-gnu/11/../../..] ==> dir [/usr/lib/gcc/x86_64-linux-gnu/11/../../..]
    arg [CMakeFiles/cmTC_70b7b.dir/CMakeCCompilerABI.c.o] ==> ignore
    arg [-lgcc] ==> lib [gcc]
    arg [--push-state] ==> ignore
    arg [--as-needed] ==> ignore
    arg [-lgcc_s] ==> lib [gcc_s]
    arg [--pop-state] ==> ignore
    arg [-lc] ==> lib [c]
    arg [-lgcc] ==> lib [gcc]
    arg [--push-state] ==> ignore
    arg [--as-needed] ==> ignore
    arg [-lgcc_s] ==> lib [gcc_s]
    arg [--pop-state] ==> ignore
    arg [/usr/lib/gcc/x86_64-linux-gnu/11/crtendS.o] ==> obj [/usr/lib/gcc/x86_64-linux-gnu/11/crtendS.o]
    arg [/usr/lib/gcc/x86_64-linux-gnu/11/../../../x86_64-linux-gnu/crtn.o] ==> obj [/usr/lib/gcc/x86_64-linux-gnu/11/../../../x86_64-linux-gnu/crtn.o]
  collapse obj [/usr/lib/gcc/x86_64-linux-gnu/11/../../../x86_64-linux-gnu/Scrt1.o] ==> [/usr/lib/x86_64-linux-gnu/Scrt1.o]
  collapse obj [/usr/lib/gcc/x86_64-linux-gnu/11/../../../x86_64-linux-gnu/crti.o] ==> [/usr/lib/x86_64-linux-gnu/crti.o]
  collapse obj [/usr/lib/gcc/x86_64-linux-gnu/11/../../../x86_64-linux-gnu/crtn.o] ==> [/usr/lib/x86_64-linux-gnu/crtn.o]
  collapse library dir [/usr/lib/gcc/x86_64-linux-gnu/11] ==> [/usr/lib/gcc/x86_64-linux-gnu/11]
  collapse library dir [/usr/lib/gcc/x86_64-linux-gnu/11/../../../x86_64-linux-gnu] ==> [/usr/lib/x86_64-linux-gnu]
  collapse library dir [/usr/lib/gcc/x86_64-linux-gnu/11/../../../../lib] ==> [/usr/lib]
  collapse library dir [/lib/x86_64-linux-gnu] ==> [/lib/x86_64-linux-gnu]
  collapse library dir [/lib/../lib] ==> [/lib]
  collapse library dir [/usr/lib/x86_64-linux-gnu] ==> [/usr/lib/x86_64-linux-gnu]
  collapse library dir [/usr/lib/../lib] ==> [/usr/lib]
  collapse library dir [/usr/lib/gcc/x86_64-linux-gnu/11/../../..] ==> [/usr/lib]
  implicit libs: [gcc;gcc_s;c;gcc;gcc_s]
  implicit objs: [/usr/lib/x86_64-linux-gnu/Scrt1.o;/usr/lib/x86_64-linux-gnu/crti.o;/usr/lib/gcc/x86_64-linux-gnu/11/crtbeginS.o;/usr/lib/gcc/x86_64-linux-gnu/11/crtendS.o;/usr/lib/x86_64-linux-gnu/crtn.o]
  implicit dirs: [/usr/lib/gcc/x86_64-linux-gnu/11;/usr/lib/x86_64-linux-gnu;/usr/lib;/lib/x86_64-linux-gnu;/lib]
  implicit fwks: []


Detecting CXX compiler ABI info compiled with the following output:
Change Dir: /mnt/c/cicada-main/sibsutis/7sem/compilers/lab-02/tinylang/build/CMakeFiles/CMakeTmp

Run Build Command(s):/usr/bin/gmake -f Makefile cmTC_5ebaa/fast && /usr/bin/gmake  -f CMakeFiles/cmTC_5ebaa.dir/build.make CMakeFiles/cmTC_5ebaa.dir/build
gmake[1]: Entering directory '/mnt/c/cicada-main/sibsutis/7sem/compilers/lab-02/tinylang/build/CMakeFiles/CMakeTmp'
Building CXX object CMakeFiles/cmTC_5ebaa.dir/CMakeCXXCompilerABI.cpp.o
/usr/bin/c++   -v -o CMakeFiles/cmTC_5ebaa.dir/CMakeCXXCompilerABI.cpp.o -c /usr/share/cmake-3.22/Modules/CMakeCXXCompilerABI.cpp
Using built-in specs.
COLLECT_GCC=/usr/bin/c++
OFFLOAD_TARGET_NAMES=nvptx-none:amdgcn-amdhsa
OFFLOAD_TARGET_DEFAULT=1
Target: x86_64-linux-gnu
Configured with: ../src/configure -v --with-pkgversion='Ubuntu 11.4.0-1ubuntu1~22.04' --with-bugurl=file:///usr/share/doc/gcc-11/README.Bugs --enable-languages=c,ada,c++,go,brig,d,fortran,objc,obj-c++,m2 --prefix=/usr --with-gcc-major-version-only --program-suffix=-11 --program-prefix=x86_64-linux-gnu- --enable-shared --enable-linker-build-id --libexecdir=/usr/lib --without-included-gettext --enable-threads=posix --libdir=/usr/lib --enable-nls --enable-bootstrap --enable-clocale=gnu --enable-libstdcxx-debug --enable-libstdcxx-time=yes --with-default-libstdcxx-abi=new --enable-gnu-unique-object --disable-vtable-verify --enable-plugin --enable-default-pie --with-system-zlib --enable-libphobos-checking=release --with-target-system-zlib=auto --enable-objc-gc=auto --enable-multiarch --disable-werror --enable-cet --with-arch-32=i686 --with-abi=m64 --with-multilib-list=m32,m64,mx32 --enable-multilib --with-tune=generic --enable-offload-targets=nvptx-none=/build/gcc-11-XeT9lY/gcc-11-11.4.0/debian/tmp-nvptx/usr,amdgcn-amdhsa=/build/gcc-11-XeT9lY/gcc-11-11.4.0/debian/tmp-gcn/usr --without-cuda-driver --enable-checking=release --build=x86_64-linux-gnu --host=x86_64-linux-gnu --target=x86_64-linux-gnu --with-build-config=bootstrap-lto-lean --enable-link-serialization=2
Thread model: posix
Supported LTO compression algorithms: zlib zstd
gcc version 11.4.0 (Ubuntu 11.4.0-1ubuntu1~22.04) 
COLLECT_GCC_OPTIONS='-v' '-o' 'CMakeFiles/cmTC_5ebaa.dir/CMakeCXXCompilerABI.cpp.o' '-c' '-shared-libgcc' '-mtune=generic' '-march=x86-64' '-dumpdir' 'CMakeFiles/cmTC_5ebaa.dir/'
 /usr/lib/gcc/x86_64-linux-gnu/11/cc1plus -quiet -v -imultiarch x86_64-linux-gnu -D_GNU_SOURCE /usr/share/cmake-3.22/Modules/CMakeCXXCompilerABI.cpp -quiet -dumpdir CMakeFiles/cmTC_5ebaa.dir/ -dumpbase CMakeCXXCompilerABI.cpp.cpp -dumpbase-ext .cpp -mtune=generic -march=x86-64 -version -fasynchronous-unwind-tables -fstack-protector-strong -Wformat -Wformat-security -fstack-clash-protection -fcf-protection -o /tmp/cc1lEKYZ.s
GNU C++17 (Ubuntu 11.4.0-1ubuntu1~22.04) version 11.4.0 (x86_64-linux-gnu)
	compiled by GNU C version 11.4.0, GMP version 6.2.1, MPFR version 4.1.0, MPC version 1.2.1, isl version isl-0.24-GMP

GGC heuristics: --param ggc-min-expand=100 --param ggc-min-heapsize=131072
ignoring duplicate directory "/usr/include/x86_64-linux-gnu/c++/11"
ignoring nonexistent directory "/usr/local/include/x86_64-linux-gnu"
ignoring nonexistent directory "/usr/lib/gcc/x86_64-linux-gnu/11/include-fixed"
ignoring nonexistent directory "/usr/lib/gcc/x86_64-linux-gnu/11/../../../../x86_64-linux-gnu/include"
#include "..." search starts here:
#include <...> search starts here:
 /usr/include/c++/11
 /usr/include/x86_64-linux-gnu/c++/11
 /usr/include/c++/11/backward
 /usr/lib/gcc/x86_64-linux-gnu/11/include
 /usr/local/include
 /usr/include/x86_64-linux-gnu
 /usr/include
End of search list.
GNU C++17 (Ubuntu 11.4.0-1ubuntu1~22.04) version 11.4.0 (x86_64-linux-gnu)
	compiled by GNU C version 11.4.0, GMP version 6.2.1, MPFR version 4.1.0, MPC version 1.2.1, isl version isl-0.24-GMP

GGC heuristics: --param ggc-min-expand=100 --param ggc-min-heapsize=131072
Compiler executable checksum: d591828bb4d392ae8b7b160e5bb0b95f
COLLECT_GCC_OPTIONS='-v' '-o' 'CMakeFiles/cmTC_5ebaa.dir/CMakeCXXCompilerABI.cpp.o' '-c' '-shared-libgcc' '-mtune=generic' '-march=x86-64' '-dumpdir' 'CMakeFiles/cmTC_5ebaa.dir/'
 as -v --64 -o CMakeFiles/cmTC_5ebaa.dir/CMakeCXXCompilerABI.cpp.o /tmp/cc1lEKYZ.s
GNU assembler version 2.38 (x86_64-linux-gnu) using BFD version (GNU Binutils for Ubuntu) 2.38
COMPILER_PATH=/usr/lib/gcc/x86_64-linux-gnu/11/:/usr/lib/gcc/x86_64-linux-gnu/11/:/usr/lib/gcc/x86_64-linux-gnu/:/usr/lib/gcc/x86_64-linux-gnu/11/:/usr/lib/gcc/x86_64-linux-gnu/
LIBRARY_PATH=/usr/lib/gcc/x86_64-linux-gnu/11/:/usr/lib/gcc/x86_64-linux-gnu/11/../../../x86_64-linux-gnu/:/usr/lib/gcc/x86_64-linux-gnu/11/../../../../lib/:/lib/x86_64-linux-gnu/:/lib/../lib/:/usr/lib/x86_64-linux-gnu/:/usr/lib/../lib/:/usr/lib/gcc/x86_64-linux-gnu/11/../../../:/lib/:/usr/lib/
COLLECT_GCC_OPTIONS='-v' '-o' 'CMakeFiles/cmTC_5ebaa.dir/CMakeCXXCompilerABI.cpp.o' '-c' '-shared-libgcc' '-mtune=generic' '-march=x86-64' '-dumpdir' 'CMakeFiles/cmTC_5ebaa.dir/CMakeCXXCompilerABI.cpp.'
Linking CXX executable cmTC_5ebaa
/usr/bin/cmake -E cmake_link_script CMakeFiles/cmTC_5ebaa.dir/link.txt --verbose=1
/usr/bin/c++  -v CMakeFiles/cmTC_5ebaa.dir/CMakeCXXCompilerABI.cpp.o -o cmTC_5ebaa 
Using built-in specs.
COLLECT_GCC=/usr/bin/c++
COLLECT_LTO_WRAPPER=/usr/lib/gcc/x86_64-linux-gnu/11/lto-wrapper
OFFLOAD_TARGET_NAMES=nvptx-none:amdgcn-amdhsa
OFFLOAD_TARGET_DEFAULT=1
Target: x86_64-linux-gnu
Configured with: ../src/configure -v --with-pkgversion='Ubuntu 11.4.0-1ubuntu1~22.04' --with-bugurl=file:///usr/share/doc/gcc-11/README.Bugs --enable-languages=c,ada,c++,go,brig,d,fortran,objc,obj-c++,m2 --prefix=/usr --with-gcc-major-version-only --program-suffix=-11 --program-prefix=x86_64-linux-gnu- --enable-shared --enable-linker-build-id --libexecdir=/usr/lib --without-included-gettext --enable-threads=posix --libdir=/usr/lib --enable-nls --enable-bootstrap --enable-clocale=gnu --enable-libstdcxx-debug --enable-libstdcxx-time=yes --with-default-libstdcxx-abi=new --enable-gnu-unique-object --disable-vtable-verify --enable-plugin --enable-default-pie --with-system-zlib --enable-libphobos-checking=release --with-target-system-zlib=auto --enable-objc-gc=auto --enable-multiarch --disable-werror --enable-cet --with-arch-32=i686 --with-abi=m64 --with-multilib-list=m32,m64,mx32 --enable-multilib --with-tune=generic --enable-offload-targets=nvptx-none=/build/gcc-11-XeT9lY/gcc-11-11.4.0/debian/tmp-nvptx/usr,amdgcn-amdhsa=/build/gcc-11-XeT9lY/gcc-11-11.4.0/debian/tmp-gcn/usr --without-cuda-driver --enable-checking=release --build=x86_64-linux-gnu --host=x86_64-linux-gnu --target=x86_64-linux-gnu --with-build-config=bootstrap-lto-lean --enable-link-serialization=2
Thread model: posix
Supported LTO compression algorithms: zlib zstd
gcc version 11.4.0 (Ubuntu 11.4.0-1ubuntu1~22.04) 
COMPILER_PATH=/usr/lib/gcc/x86_64-linux-gnu/11/:/usr/lib/gcc/x86_64-linux-gnu/11/:/usr/lib/gcc/x86_64-linux-gnu/:/usr/lib/gcc/x86_64-linux-gnu/11/:/usr/lib/gcc/x86_64-linux-gnu/
LIBRARY_PATH=/usr/lib/gcc/x86_64-linux-gnu/11/:/usr/lib/gcc/x86_64-linux-gnu/11/../../../x86_64-linux-gnu/:/usr/lib/gcc/x86_64-linux-gnu/11/../../../../lib/:/lib/x86_64-linux-gnu/:/lib/../lib/:/usr/lib/x86_64-linux-gnu/:/usr/lib/../lib/:/usr/lib/gcc/x86_64-linux-gnu/11/../../../:/lib/:/usr/lib/
COLLECT_GCC_OPTIONS='-v' '-o' 'cmTC_5ebaa' '-shared-libgcc' '-mtune=generic' '-march=x86-64' '-dumpdir' 'cmTC_5ebaa.'
 /usr/lib/gcc/x86_64-linux-gnu/11/collect2 -plugin /usr/lib/gcc/x86_64-linux-gnu/11/liblto_plugin.so -plugin-opt=/usr/lib/gcc/x86_64-linux-gnu/11/lto-wrapper -plugin-opt=-fresolution=/tmp/cc8bqvEb.res -plugin-opt=-pass-through=-lgcc_s -plugin-opt=-pass-through=-lgcc -plugin-opt=-pass-through=-lc -plugin-opt=-pass-through=-lgcc_s -plugin-opt=-pass-through=-lgcc --build-id --eh-frame-hdr -m elf_x86_64 --hash-style=gnu --as-needed -dynamic-linker /lib64/ld-linux-x86-64.so.2 -pie -z now -z relro -o cmTC_5ebaa /usr/lib/gcc/x86_64-linux-gnu/11/../../../x86_64-linux-gnu/Scrt1.o /usr/lib/gcc/x86_64-linux-gnu/11/../../../x86_64-linux-gnu/crti.o /usr/lib/gcc/x86_64-linux-gnu/11/crtbeginS.o -L/usr/lib/gcc/x86_64-linux-gnu/11 -L/usr/lib/gcc/x86_64-linux-gnu/11/../../../x86_64-linux-gnu -L/usr/lib/gcc/x86_64-linux-gnu/11/../../../../lib -L/lib/x86_64-linux-gnu -L/lib/../lib -L/usr/lib/x86_64-linux-gnu -L/usr/lib/../lib -L/usr/lib/gcc/x86_64-linux-gnu/11/../../.. CMakeFiles/cmTC_5ebaa.dir/CMakeCXXCompilerABI.cpp.o -lstdc++ -lm -lgcc_s -lgcc -lc -lgcc_s -lgcc /usr/lib/gcc/x86_64-linux-gnu/11/crtendS.o /usr/lib/gcc/x86_64-linux-gnu/11/../../../x86_64-linux-gnu/crtn.o
COLLECT_GCC_OPTIONS='-v' '-o' 'cmTC_5ebaa' '-shared-libgcc' '-mtune=generic' '-march=x86-64' '-dumpdir' 'cmTC_5ebaa.'
gmake[1]: Leaving directory '/mnt/c/cicada-main/sibsutis/7sem/compilers/lab-02/tinylang/build/CMakeFiles/CMakeTmp'



Parsed CXX implicit include dir info from above output: rv=done
  found start of include info
  found start of implicit include info
    add: [/usr/include/c++/11]
    add: [/usr/include/x86_64-linux-gnu/c++/11]
    add: [/usr/include/c++/11/backward]
    add: [/usr/lib/gcc/x86_64-linux-gnu/11/include]
    add: [/usr/local/include]
    add: [/usr/include/x86_64-linux-gnu]
    add: [/usr/include]
  end of search list found
  collapse include dir [/usr/include/c++/11] ==> [/usr/include/c++/11]
  collapse include dir [/usr/include/x86_64-linux-gnu/c++/11] ==> [/usr/include/x86_64-linux-gnu/c++/11]
  collapse include dir [/usr/include/c++/11/backward] ==> [/usr/include/c++/11/backward]
  collapse include dir [/usr/lib/gcc/x86_64-linux-gnu/11/include] ==> [/usr/lib/gcc/x86_64-linux-gnu/11/include]
  collapse include dir [/usr/local/include] ==> [/usr/local/include]
  collapse include dir [/usr/include/x86_64-linux-gnu] ==> [/usr/include/x86_64-linux-gnu]
  collapse include dir [/usr/include] ==> [/usr/include]
  implicit include dirs: [/usr/include/c++/11;/usr/include/x86_64-linux-gnu/c++/11;/usr/include/c++/11/backward;/usr/lib/gcc/x86_64-linux-gnu/11/include;/usr/local/include;/usr/include/x86_64-linux-gnu;/usr/include]


Parsed CXX implicit link information from above output:
  link line regex: [^( *|.*[/\])(ld|CMAKE_LINK_STARTFILE-NOTFOUND|([^/\]+-)?ld|collect2)[^/\]*( |$)]
  ignore line: [Change Dir: /mnt/c/cicada-main/sibsutis/7sem/compilers/lab-02/tinylang/build/CMakeFiles/CMakeTmp]
  ignore line: []
  ignore line: [Run Build Command(s):/usr/bin/gmake -f Makefile cmTC_5ebaa/fast && /usr/bin/gmake  -f CMakeFiles/cmTC_5ebaa.dir/build.make CMakeFiles/cmTC_5ebaa.dir/build]
  ignore line: [gmake[1]: Entering directory '/mnt/c/cicada-main/sibsutis/7sem/compilers/lab-02/tinylang/build/CMakeFiles/CMakeTmp']
  ignore line: [Building CXX object CMakeFiles/cmTC_5ebaa.dir/CMakeCXXCompilerABI.cpp.o]
  ignore line: [/usr/bin/c++   -v -o CMakeFiles/cmTC_5ebaa.dir/CMakeCXXCompilerABI.cpp.o -c /usr/share/cmake-3.22/Modules/CMakeCXXCompilerABI.cpp]
  ignore line: [Using built-in specs.]
  ignore line: [COLLECT_GCC=/usr/bin/c++]
  ignore line: [OFFLOAD_TARGET_NAMES=nvptx-none:amdgcn-amdhsa]
  ignore line: [OFFLOAD_TARGET_DEFAULT=1]
  ignore line: [Target: x86_64-linux-gnu]
  ignore line: [Configured with: ../src/configure -v --with-pkgversion='Ubuntu 11.4.0-1ubuntu1~22.04' --with-bugurl=file:///usr/share/doc/gcc-11/README.Bugs --enable-languages=c ada c++ go brig d fortran objc obj-c++ m2 --prefix=/usr --with-gcc-major-version-only --program-suffix=-11 --program-prefix=x86_64-linux-gnu- --enable-shared --enable-linker-build-id --libexecdir=/usr/lib --without-included-gettext --enable-threads=posix --libdir=/usr/lib --enable-nls --enable-bootstrap --enable-clocale=gnu --enable-libstdcxx-debug --enable-libstdcxx-time=yes --with-default-libstdcxx-abi=new --enable-gnu-unique-object --disable-vtable-verify --enable-plugin --enable-default-pie --with-system-zlib --enable-libphobos-checking=release --with-target-system-zlib=auto --enable-objc-gc=auto --enable-multiarch --disable-werror --enable-cet --with-arch-32=i686 --with-abi=m64 --with-multilib-list=m32 m64 mx32 --enable-multilib --with-tune=generic --enable-offload-targets=nvptx-none=/build/gcc-11-XeT9lY/gcc-11-11.4.0/debian/tmp-nvptx/usr amdgcn-amdhsa=/build/gcc-11-XeT9lY/gcc-11-11.4.0/debian/tmp-gcn/usr --without-cuda-driver --enable-checking=release --build=x86_64-linux-gnu --host=x86_64-linux-gnu --target=x86_64-linux-gnu --with-build-config=bootstrap-lto-lean --enable-link-serialization=2]
  ignore line: [Thread model: posix]
  ignore line: [Supported LTO compression algorithms: zlib zstd]
  ignore line: [gcc version 11.4.0 (Ubuntu 11.4.0-1ubuntu1~22.04) ]
  ignore line: [COLLECT_GCC_OPTIONS='-v' '-o' 'CMakeFiles/cmTC_5ebaa.dir/CMakeCXXCompilerABI.cpp.o' '-c' '-shared-libgcc' '-mtune=generic' '-march=x86-64' '-dumpdir' 'CMakeFiles/cmTC_5ebaa.dir/']
  ignore line: [ /usr/lib/gcc/x86_64-linux-gnu/11/cc1plus -quiet -v -imultiarch x86_64-linux-gnu -D_GNU_SOURCE /usr/share/cmake-3.22/Modules/CMakeCXXCompilerABI.cpp -quiet -dumpdir CMakeFiles/cmTC_5ebaa.dir/ -dumpbase CMakeCXXCompilerABI.cpp.cpp -dumpbase-ext .cpp -mtune=generic -march=x86-64 -version -fasynchronous-unwind-tables -fstack-protector-strong -Wformat -Wformat-security -fstack-clash-protection -fcf-protection -o /tmp/cc1lEKYZ.s]
  ignore line: [GNU C++17 (Ubuntu 11.4.0-1ubuntu1~22.04) version 11.4.0 (x86_64-linux-gnu)]
  ignore line: [	compiled by GNU C version 11.4.0  GMP version 6.2.1  MPFR version 4.1.0  MPC version 1.2.1  isl version isl-0.24-GMP]
  ignore line: []
  ignore line: [GGC heuristics: --param ggc-min-expand=100 --param ggc-min-heapsize=131072]
  ignore line: [ignoring duplicate directory "/usr/include/x86_64-linux-gnu/c++/11"]
  ignore line: [ignoring nonexistent directory "/usr/local/include/x86_64-linux-gnu"]
  ignore line: [ignoring nonexistent directory "/usr/lib/gcc/x86_64-linux-gnu/11/include-fixed"]
  ignore line: [ignoring nonexistent directory "/usr/lib/gcc/x86_64-linux-gnu/11/../../../../x86_64-linux-gnu/include"]
  ignore line: [#include "..." search starts here:]
  ignore line: [#include <...> search starts here:]
  ignore line: [ /usr/include/c++/11]
  ignore line: [ /usr/include/x86_64-linux-gnu/c++/11]
  ignore line: [ /usr/include/c++/11/backward]
  ignore line: [ /usr/lib/gcc/x86_64-linux-gnu/11/include]
  ignore line: [ /usr/local/include]
  ignore line: [ /usr/include/x86_64-linux-gnu]
  ignore line: [ /usr/include]
  ignore line: [End of search list.]
  ignore line: [GNU C++17 (Ubuntu 11.4.0-1ubuntu1~22.04) version 11.4.0 (x86_64-linux-gnu)]
  ignore line: [	compiled by GNU C version 11.4.0  GMP version 6.2.1  MPFR version 4.1.0  MPC version 1.2.1  isl version isl-0.24-GMP]
  ignore line: []
  ignore line: [GGC heuristics: --param ggc-min-expand=100 --param ggc-min-heapsize=131072]
  ignore line: [Compiler executable checksum: d591828bb4d392ae8b7b160e5bb0b95f]
  ignore line: [COLLECT_GCC_OPTIONS='-v' '-o' 'CMakeFiles/cmTC_5ebaa.dir/CMakeCXXCompilerABI.cpp.o' '-c' '-shared-libgcc' '-mtune=generic' '-march=x86-64' '-dumpdir' 'CMakeFiles/cmTC_5ebaa.dir/']
  ignore line: [ as -v --64 -o CMakeFiles/cmTC_5ebaa.dir/CMakeCXXCompilerABI.cpp.o /tmp/cc1lEKYZ.s]
  ignore line: [GNU assembler version 2.38 (x86_64-linux-gnu) using BFD version (GNU Binutils for Ubuntu) 2.38]
  ignore line: [COMPILER_PATH=/usr/lib/gcc/x86_64-linux-gnu/11/:/usr/lib/gcc/x86_64-linux-gnu/11/:/usr/lib/gcc/x86_64-linux-gnu/:/usr/lib/gcc/x86_64-linux-gnu/11/:/usr/lib/gcc/x86_64-linux-gnu/]
  ignore line: [LIBRARY_PATH=/usr/lib/gcc/x86_64-linux-gnu/11/:/usr/lib/gcc/x86_64-linux-gnu/11/../../../x86_64-linux-gnu/:/usr/lib/gcc/x86_64-linux-gnu/11/../../../../lib/:/lib/x86_64-linux-gnu/:/lib/../lib/:/usr/lib/x86_64-linux-gnu/:/usr/lib/../lib/:/usr/lib/gcc/x86_64-linux-gnu/11/../../../:/lib/:/usr/lib/]
  ignore line: [COLLECT_GCC_OPTIONS='-v' '-o' 'CMakeFiles/cmTC_5ebaa.dir/CMakeCXXCompilerABI.cpp.o' '-c' '-shared-libgcc' '-mtune=generic' '-march=x86-64' '-dumpdir' 'CMakeFiles/cmTC_5ebaa.dir/CMakeCXXCompilerABI.cpp.']
  ignore line: [Linking CXX executable cmTC_5ebaa]
  ignore line: [/usr/bin/cmake -E cmake_link_script CMakeFiles/cmTC_5ebaa.dir/link.txt --verbose=1]
  ignore line: [/usr/bin/c++  -v CMakeFiles/cmTC_5ebaa.dir/CMakeCXXCompilerABI.cpp.o -o cmTC_5ebaa ]
  ignore line: [Using built-in specs.]
  ignore line: [COLLECT_GCC=/usr/bin/c++]
  ignore line: [COLLECT_LTO_WRAPPER=/usr/lib/gcc/x86_64-linux-gnu/11/lto-wrapper]
  ignore line: [OFFLOAD_TARGET_NAMES=nvptx-none:amdgcn-amdhsa]
  ignore line: [OFFLOAD_TARGET_DEFAULT=1]
  ignore line: [Target: x86_64-linux-gnu]
  ignore line: [Configured with: ../src/configure -v --with-pkgversion='Ubuntu 11.4.0-1ubuntu1~22.04' --with-bugurl=file:///usr/share/doc/gcc-11/README.Bugs --enable-languages=c ada c++ go brig d fortran objc obj-c++ m2 --prefix=/usr --with-gcc-major-version-only --program-suffix=-11 --program-prefix=x86_64-linux-gnu- --enable-shared --enable-linker-build-id --libexecdir=/usr/lib --without-included-gettext --enable-threads=posix --libdir=/usr/lib --enable-nls --enable-bootstrap --enable-clocale=gnu --enable-libstdcxx-debug --enable-libstdcxx-time=yes --with-default-libstdcxx-abi=new --enable-gnu-unique-object --disable-vtable-verify --enable-plugin --enable-default-pie --with-system-zlib --enable-libphobos-checking=release --with-target-system-zlib=auto --enable-objc-gc=auto --enable-multiarch --disable-werror --enable-cet --with-arch-32=i686 --with-abi=m64 --with-multilib-list=m32 m64 mx32 --enable-multilib --with-tune=generic --enable-offload-targets=nvptx-none=/build/gcc-11-XeT9lY/gcc-11-11.4.0/debian/tmp-nvptx/usr amdgcn-amdhsa=/build/gcc-11-XeT9lY/gcc-11-11.4.0/debian/tmp-gcn/usr --without-cuda-driver --enable-checking=release --build=x86_64-linux-gnu --host=x86_64-linux-gnu --target=x86_64-linux-gnu --with-build-config=bootstrap-lto-lean --enable-link-serialization=2]
  ignore line: [Thread model: posix]
  ignore line: [Supported LTO compression algorithms: zlib zstd]
  ignore line: [gcc version 11.4.0 (Ubuntu 11.4.0-1ubuntu1~22.04) ]
  ignore line: [COMPILER_PATH=/usr/lib/gcc/x86_64-linux-gnu/11/:/usr/lib/gcc/x86_64-linux-gnu/11/:/usr/lib/gcc/x86_64-linux-gnu/:/usr/lib/gcc/x86_64-linux-gnu/11/:/usr/lib/gcc/x86_64-linux-gnu/]
  ignore line: [LIBRARY_PATH=/usr/lib/gcc/x86_64-linux-gnu/11/:/usr/lib/gcc/x86_64-linux-gnu/11/../../../x86_64-linux-gnu/:/usr/lib/gcc/x86_64-linux-gnu/11/../../../../lib/:/lib/x86_64-linux-gnu/:/lib/../lib/:/usr/lib/x86_64-linux-gnu/:/usr/lib/../lib/:/usr/lib/gcc/x86_64-linux-gnu/11/../../../:/lib/:/usr/lib/]
  ignore line: [COLLECT_GCC_OPTIONS='-v' '-o' 'cmTC_5ebaa' '-shared-libgcc' '-mtune=generic' '-march=x86-64' '-dumpdir' 'cmTC_5ebaa.']
  link line: [ /usr/lib/gcc/x86_64-linux-gnu/11/collect2 -plugin /usr/lib/gcc/x86_64-linux-gnu/11/liblto_plugin.so -plugin-opt=/usr/lib/gcc/x86_64-linux-gnu/11/lto-wrapper -plugin-opt=-fresolution=/tmp/cc8bqvEb.res -plugin-opt=-pass-through=-lgcc_s -plugin-opt=-pass-through=-lgcc -plugin-opt=-pass-through=-lc -plugin-opt=-pass-through=-lgcc_s -plugin-opt=-pass-through=-lgcc --build-id --eh-frame-hdr -m elf_x86_64 --hash-style=gnu --as-needed -dynamic-linker /lib64/ld-linux-x86-64.so.2 -pie -z now -z relro -o cmTC_5ebaa /usr/lib/gcc/x86_64-linux-gnu/11/../../../x86_64-linux-gnu/Scrt1.o /usr/lib/gcc/x86_64-linux-gnu/11/../../../x86_64-linux-gnu/crti.o /usr/lib/gcc/x86_64-linux-gnu/11/crtbeginS.o -L/usr/lib/gcc/x86_64-linux-gnu/11 -L/usr/lib/gcc/x86_64-linux-gnu/11/../../../x86_64-linux-gnu -L/usr/lib/gcc/x86_64-linux-gnu/11/../../../../lib -L/lib/x86_64-linux-gnu -L/lib/../lib -L/usr/lib/x86_64-linux-gnu -L/usr/lib/../lib -L/usr/lib/gcc/x86_64-linux-gnu/11/../../.. CMakeFiles/cmTC_5ebaa.dir/CMakeCXXCompilerABI.cpp.o -lstdc++ -lm -lgcc_s -lgcc -lc -lgcc_s -lgcc /usr/lib/gcc/x86_64-linux-gnu/11/crtendS.o /usr/lib/gcc/x86_64-linux-gnu/11/../../../x86_64-linux-gnu/crtn.o]
    arg [/usr/lib/gcc/x86_64-linux-gnu/11/collect2] ==> ignore
    arg [-plugin] ==> ignore
    arg [/usr/lib/gcc/x86_64-linux-gnu/11/liblto_plugin.so] ==> ignore
    arg [-plugin-opt=/usr/lib/gcc/x86_64-linux-gnu/11/lto-wrapper] ==> ignore
    arg [-plugin-opt=-fresolution=/tmp/cc8bqvEb.res] ==> ignore
    arg [-plugin-opt=-pass-through=-lgcc_s] ==> ignore
    arg [-plugin-opt=-pass-through=-lgcc] ==> ignore
    arg [-plugin-opt=-pass-through=-lc] ==> ignore
    arg [-plugin-opt=-pass-through=-lgcc_s] ==> ignore
    arg [-plugin-opt=-pass-through=-lgcc] ==> ignore
    arg [--build-id] ==> ignore
    arg [--eh-frame-hdr] ==> ignore
    arg [-m] ==> ignore
    arg [elf_x86_64] ==> ignore
    arg [--hash-style=gnu] ==> ignore
    arg [--as-needed] ==> ignore
    arg [-dynamic-linker] ==> ignore
    arg [/lib64/ld-linux-x86-64.so.2] ==> ignore
    arg [-pie] ==> ignore
    arg [-znow] ==> ignore
    arg [-zrelro] ==> ignore
    arg [-o] ==> ignore
    arg [cmTC_5ebaa] ==> ignore
    arg [/usr/lib/gcc/x86_64-linux-gnu/11/../../../x86_64-linux-gnu/Scrt1.o] ==> obj [/usr/lib/gcc/x86_64-linux-gnu/11/../../../x86_64-linux-gnu/Scrt1.o]
    arg [/usr/lib/gcc/x86_64-linux-gnu/11/../../../x86_64-linux-gnu/crti.o] ==> obj [/usr/lib/gcc/x86_64-linux-gnu/11/../../../x86_64-linux-gnu/crti.o]
    arg [/usr/lib/gcc/x86_64-linux-gnu/11/crtbeginS.o] ==> obj [/usr/lib/gcc/x86_64-linux-gnu/11/crtbeginS.o]
    arg [-L/usr/lib/gcc/x86_64-linux-gnu/11] ==> dir [/usr/lib/gcc/x86_64-linux-gnu/11]
    arg [-L/usr/lib/gcc/x86_64-linux-gnu/11/../../../x86_64-linux-gnu] ==> dir [/usr/lib/gcc/x86_64-linux-gnu/11/../../../x86_64-linux-gnu]
    arg [-L/usr/lib/gcc/x86_64-linux-gnu/11/../../../../lib] ==> dir [/usr/lib/gcc/x86_64-linux-gnu/11/../../../../lib]
    arg [-L/lib/x86_64-linux-gnu] ==> dir [/lib/x86_64-linux-gnu]
    arg [-L/lib/../lib] ==> dir [/lib/../lib]
    arg [-L/usr/lib/x86_64-linux-gnu] ==> dir [/usr/lib/x86_64-linux-gnu]
    arg [-L/usr/lib/../lib] ==> dir [/usr/lib/../lib]
    arg [-L/usr/lib/gcc/x86_64-linux-gnu/11/../../..] ==> dir [/usr/lib/gcc/x86_64-linux-gnu/11/../../..]
    arg [CMakeFiles/cmTC_5ebaa.dir/CMakeCXXCompilerABI.cpp.o] ==> ignore
    arg [-lstdc++] ==> lib [stdc++]
    arg [-lm] ==> lib [m]
    arg [-lgcc_s] ==> lib [gcc_s]
    arg [-lgcc] ==> lib [gcc]
    arg [-lc] ==> lib [c]
    arg [-lgcc_s] ==> lib [gcc_s]
    arg [-lgcc] ==> lib [gcc]
    arg [/usr/lib/gcc/x86_64-linux-gnu/11/crtendS.o] ==> obj [/usr/lib/gcc/x86_64-linux-gnu/11/crtendS.o]
    arg [/usr/lib/gcc/x86_64-linux-gnu/11/../../../x86_64-linux-gnu/crtn.o] ==> obj [/usr/lib/gcc/x86_64-linux-gnu/11/../../../x86_64-linux-gnu/crtn.o]
  collapse obj [/usr/lib/gcc/x86_64-linux-gnu/11/../../../x86_64-linux-gnu/Scrt1.o] ==> [/usr/lib/x86_64-linux-gnu/Scrt1.o]
  collapse obj [/usr/lib/gcc/x86_64-linux-gnu/11/../../../x86_64-linux-gnu/crti.o] ==> [/usr/lib/x86_64-linux-gnu/crti.o]
  collapse obj [/usr/lib/gcc/x86_64-linux-gnu/11/../../../x86_64-linux-gnu/crtn.o] ==> [/usr/lib/x86_64-linux-gnu/crtn.o]
  collapse library dir [/usr/lib/gcc/x86_64-linux-gnu/11] ==> [/usr/lib/gcc/x86_64-linux-gnu/11]
  collapse library dir [/usr/lib/gcc/x86_64-linux-gnu/11/../../../x86_64-linux-gnu] ==> [/usr/lib/x86_64-linux-gnu]
  collapse library dir [/usr/lib/gcc/x86_64-linux-gnu/11/../../../../lib] ==> [/usr/lib]
  collapse library dir [/lib/x86_64-linux-gnu] ==> [/lib/x86_64-linux-gnu]
  collapse library dir [/lib/../lib] ==> [/lib]
  collapse library dir [/usr/lib/x86_64-linux-gnu] ==> [/usr/lib/x86_64-linux-gnu]
  collapse library dir [/usr/lib/../lib] ==> [/usr/lib]
  collapse library dir [/usr/lib/gcc/x86_64-linux-gnu/11/../../..] ==> [/usr/lib]
  implicit libs: [stdc++;m;gcc_s;gcc;c;gcc_s;gcc]
  implicit objs: [/usr/lib/x86_64-linux-gnu/Scrt1.o;/usr/lib/x86_64-linux-gnu/crti.o;/usr/lib/gcc/x86_64-linux-gnu/11/crtbeginS.o;/usr/lib/gcc/x86_64-linux-gnu/11/crtendS.o;/usr/lib/x86_64-linux-gnu/crtn.o]
  implicit dirs: [/usr/lib/gcc/x86_64-linux-gnu/11;/usr/lib/x86_64-linux-gnu;/usr/lib;/lib/x86_64-linux-gnu;/lib]
  implicit fwks: []


Performing C SOURCE FILE Test HAVE_FFI_CALL succeeded with the following output:
Change Dir: /mnt/c/cicada-main/sibsutis/7sem/compilers/lab-02/tinylang/build/CMakeFiles/CMakeTmp

Run Build Command(s):/usr/bin/gmake -f Makefile cmTC_76ec8/fast && /usr/bin/gmake  -f CMakeFiles/cmTC_76ec8.dir/build.make CMakeFiles/cmTC_76ec8.dir/build
gmake[1]: Entering directory '/mnt/c/cicada-main/sibsutis/7sem/compilers/lab-02/tinylang/build/CMakeFiles/CMakeTmp'
Building C object CMakeFiles/cmTC_76ec8.dir/src.c.o
/usr/bin/cc -DHAVE_FFI_CALL   -o CMakeFiles/cmTC_76ec8.dir/src.c.o -c /mnt/c/cicada-main/sibsutis/7sem/compilers/lab-02/tinylang/build/CMakeFiles/CMakeTmp/src.c
Linking C executable cmTC_76ec8
/usr/bin/cmake -E cmake_link_script CMakeFiles/cmTC_76ec8.dir/link.txt --verbose=1
/usr/bin/cc CMakeFiles/cmTC_76ec8.dir/src.c.o -o cmTC_76ec8  /usr/lib/x86_64-linux-gnu/libffi.so 
gmake[1]: Leaving directory '/mnt/c/cicada-main/sibsutis/7sem/compilers/lab-02/tinylang/build/CMakeFiles/CMakeTmp'


Source file was:

    struct ffi_cif;
    typedef struct ffi_cif ffi_cif;
    void ffi_call(ffi_cif *cif, void (*fn)(void), void *rvalue, void **avalue);
    int main() { ffi_call(0, 0, 0, 0); }
Performing C SOURCE FILE Test Terminfo_LINKABLE succeeded with the following output:
Change Dir: /mnt/c/cicada-main/sibsutis/7sem/compilers/lab-02/tinylang/build/CMakeFiles/CMakeTmp

Run Build Command(s):/usr/bin/gmake -f Makefile cmTC_840a5/fast && /usr/bin/gmake  -f CMakeFiles/cmTC_840a5.dir/build.make CMakeFiles/cmTC_840a5.dir/build
gmake[1]: Entering directory '/mnt/c/cicada-main/sibsutis/7sem/compilers/lab-02/tinylang/build/CMakeFiles/CMakeTmp'
Building C object CMakeFiles/cmTC_840a5.dir/src.c.o
/usr/bin/cc -DTerminfo_LINKABLE   -o CMakeFiles/cmTC_840a5.dir/src.c.o -c /mnt/c/cicada-main/sibsutis/7sem/compilers/lab-02/tinylang/build/CMakeFiles/CMakeTmp/src.c
Linking C executable cmTC_840a5
/usr/bin/cmake -E cmake_link_script CMakeFiles/cmTC_840a5.dir/link.txt --verbose=1
/usr/bin/cc CMakeFiles/cmTC_840a5.dir/src.c.o -o cmTC_840a5  /usr/lib/x86_64-linux-gnu/libtinfo.so 
gmake[1]: Leaving directory '/mnt/c/cicada-main/sibsutis/7sem/compilers/lab-02/tinylang/build/CMakeFiles/CMakeTmp'


Source file was:

    int setupterm(char *term, int filedes, int *errret);
    int main() { return setupterm(0, 0, 0); }
Performing C SOURCE FILE Test C_SUPPORTS_FPIC succeeded with the following output:
Change Dir: /mnt/c/cicada-main/sibsutis/7sem/compilers/lab-02/tinylang/build/CMakeFiles/CMakeTmp

Run Build Command(s):/usr/bin/gmake -f Makefile cmTC_1b541/fast && /usr/bin/gmake  -f CMakeFiles/cmTC_1b541.dir/build.make CMakeFiles/cmTC_1b541.dir/build
gmake[1]: Entering directory '/mnt/c/cicada-main/sibsutis/7sem/compilers/lab-02/tinylang/build/CMakeFiles/CMakeTmp'
Building C object CMakeFiles/cmTC_1b541.dir/src.c.o
/usr/bin/cc -DC_SUPPORTS_FPIC  -Werror -fPIC -o CMakeFiles/cmTC_1b541.dir/src.c.o -c /mnt/c/cicada-main/sibsutis/7sem/compilers/lab-02/tinylang/build/CMakeFiles/CMakeTmp/src.c
Linking C executable cmTC_1b541
/usr/bin/cmake -E cmake_link_script CMakeFiles/cmTC_1b541.dir/link.txt --verbose=1
/usr/bin/cc CMakeFiles/cmTC_1b541.dir/src.c.o -o cmTC_1b541 
gmake[1]: Leaving directory '/mnt/c/cicada-main/sibsutis/7sem/compilers/lab-02/tinylang/build/CMakeFiles/CMakeTmp'


Source file was:
int main(void) { return 0; }
Performing C++ SOURCE FILE Test CXX_SUPPORTS_FPIC succeeded with the following output:
Change Dir: /mnt/c/cicada-main/sibsutis/7sem/compilers/lab-02/tinylang/build/CMakeFiles/CMakeTmp

Run Build Command(s):/usr/bin/gmake -f Makefile cmTC_75bb6/fast && /usr/bin/gmake  -f CMakeFiles/cmTC_75bb6.dir/build.make CMakeFiles/cmTC_75bb6.dir/build
gmake[1]: Entering directory '/mnt/c/cicada-main/sibsutis/7sem/compilers/lab-02/tinylang/build/CMakeFiles/CMakeTmp'
Building CXX object CMakeFiles/cmTC_75bb6.dir/src.cxx.o
/usr/bin/c++ -DCXX_SUPPORTS_FPIC  -Werror -fPIC -o CMakeFiles/cmTC_75bb6.dir/src.cxx.o -c /mnt/c/cicada-main/sibsutis/7sem/compilers/lab-02/tinylang/build/CMakeFiles/CMakeTmp/src.cxx
Linking CXX executable cmTC_75bb6
/usr/bin/cmake -E cmake_link_script CMakeFiles/cmTC_75bb6.dir/link.txt --verbose=1
/usr/bin/c++ CMakeFiles/cmTC_75bb6.dir/src.cxx.o -o cmTC_75bb6 
gmake[1]: Leaving directory '/mnt/c/cicada-main/sibsutis/7sem/compilers/lab-02/tinylang/build/CMakeFiles/CMakeTmp'


Source file was:
int main() { return 0; }
Performing C SOURCE FILE Test C_SUPPORTS_FNO_SEMANTIC_INTERPOSITION succeeded with the following output:
Change Dir: /mnt/c/cicada-main/sibsutis/7sem/compilers/lab-02/tinylang/build/CMakeFiles/CMakeTmp

Run Build Command(s):/usr/bin/gmake -f Makefile cmTC_d4f4c/fast && /usr/bin/gmake  -f CMakeFiles/cmTC_d4f4c.dir/build.make CMakeFiles/cmTC_d4f4c.dir/build
gmake[1]: Entering directory '/mnt/c/cicada-main/sibsutis/7sem/compilers/lab-02/tinylang/build/CMakeFiles/CMakeTmp'
Building C object CMakeFiles/cmTC_d4f4c.dir/src.c.o
/usr/bin/cc -DC_SUPPORTS_FNO_SEMANTIC_INTERPOSITION  -fPIC    -Werror -fno-semantic-interposition -o CMakeFiles/cmTC_d4f4c.dir/src.c.o -c /mnt/c/cicada-main/sibsutis/7sem/compilers/lab-02/tinylang/build/CMakeFiles/CMakeTmp/src.c
Linking C executable cmTC_d4f4c
/usr/bin/cmake -E cmake_link_script CMakeFiles/cmTC_d4f4c.dir/link.txt --verbose=1
/usr/bin/cc  -fPIC  CMakeFiles/cmTC_d4f4c.dir/src.c.o -o cmTC_d4f4c 
gmake[1]: Leaving directory '/mnt/c/cicada-main/sibsutis/7sem/compilers/lab-02/tinylang/build/CMakeFiles/CMakeTmp'


Source file was:
int main(void) { return 0; }
Performing C++ SOURCE FILE Test CXX_SUPPORTS_FNO_SEMANTIC_INTERPOSITION succeeded with the following output:
Change Dir: /mnt/c/cicada-main/sibsutis/7sem/compilers/lab-02/tinylang/build/CMakeFiles/CMakeTmp

Run Build Command(s):/usr/bin/gmake -f Makefile cmTC_f0532/fast && /usr/bin/gmake  -f CMakeFiles/cmTC_f0532.dir/build.make CMakeFiles/cmTC_f0532.dir/build
gmake[1]: Entering directory '/mnt/c/cicada-main/sibsutis/7sem/compilers/lab-02/tinylang/build/CMakeFiles/CMakeTmp'
Building CXX object CMakeFiles/cmTC_f0532.dir/src.cxx.o
/usr/bin/c++ -DCXX_SUPPORTS_FNO_SEMANTIC_INTERPOSITION  -fPIC    -Werror -fno-semantic-interposition -o CMakeFiles/cmTC_f0532.dir/src.cxx.o -c /mnt/c/cicada-main/sibsutis/7sem/compilers/lab-02/tinylang/build/CMakeFiles/CMakeTmp/src.cxx
Linking CXX executable cmTC_f0532
/usr/bin/cmake -E cmake_link_script CMakeFiles/cmTC_f0532.dir/link.txt --verbose=1
/usr/bin/c++  -fPIC  CMakeFiles/cmTC_f0532.dir/src.cxx.o -o cmTC_f0532 
gmake[1]: Leaving directory '/mnt/c/cicada-main/sibsutis/7sem/compilers/lab-02/tinylang/build/CMakeFiles/CMakeTmp'


Source file was:
int main() { return 0; }
Performing C++ SOURCE FILE Test SUPPORTS_FVISIBILITY_INLINES_HIDDEN_FLAG succeeded with the following output:
Change Dir: /mnt/c/cicada-main/sibsutis/7sem/compilers/lab-02/tinylang/build/CMakeFiles/CMakeTmp

Run Build Command(s):/usr/bin/gmake -f Makefile cmTC_92d75/fast && /usr/bin/gmake  -f CMakeFiles/cmTC_92d75.dir/build.make CMakeFiles/cmTC_92d75.dir/build
gmake[1]: Entering directory '/mnt/c/cicada-main/sibsutis/7sem/compilers/lab-02/tinylang/build/CMakeFiles/CMakeTmp'
Building CXX object CMakeFiles/cmTC_92d75.dir/src.cxx.o
/usr/bin/c++ -DSUPPORTS_FVISIBILITY_INLINES_HIDDEN_FLAG  -fPIC -fno-semantic-interposition    -fvisibility-inlines-hidden -o CMakeFiles/cmTC_92d75.dir/src.cxx.o -c /mnt/c/cicada-main/sibsutis/7sem/compilers/lab-02/tinylang/build/CMakeFiles/CMakeTmp/src.cxx
Linking CXX executable cmTC_92d75
/usr/bin/cmake -E cmake_link_script CMakeFiles/cmTC_92d75.dir/link.txt --verbose=1
/usr/bin/c++  -fPIC -fno-semantic-interposition  CMakeFiles/cmTC_92d75.dir/src.cxx.o -o cmTC_92d75 
gmake[1]: Leaving directory '/mnt/c/cicada-main/sibsutis/7sem/compilers/lab-02/tinylang/build/CMakeFiles/CMakeTmp'


Source file was:
int main() { return 0; }
Performing C SOURCE FILE Test C_SUPPORTS_WERROR_DATE_TIME succeeded with the following output:
Change Dir: /mnt/c/cicada-main/sibsutis/7sem/compilers/lab-02/tinylang/build/CMakeFiles/CMakeTmp

Run Build Command(s):/usr/bin/gmake -f Makefile cmTC_fb8e3/fast && /usr/bin/gmake  -f CMakeFiles/cmTC_fb8e3.dir/build.make CMakeFiles/cmTC_fb8e3.dir/build
gmake[1]: Entering directory '/mnt/c/cicada-main/sibsutis/7sem/compilers/lab-02/tinylang/build/CMakeFiles/CMakeTmp'
Building C object CMakeFiles/cmTC_fb8e3.dir/src.c.o
/usr/bin/cc -DC_SUPPORTS_WERROR_DATE_TIME  -fPIC -fno-semantic-interposition    -Werror -Werror=date-time -o CMakeFiles/cmTC_fb8e3.dir/src.c.o -c /mnt/c/cicada-main/sibsutis/7sem/compilers/lab-02/tinylang/build/CMakeFiles/CMakeTmp/src.c
Linking C executable cmTC_fb8e3
/usr/bin/cmake -E cmake_link_script CMakeFiles/cmTC_fb8e3.dir/link.txt --verbose=1
/usr/bin/cc  -fPIC -fno-semantic-interposition  CMakeFiles/cmTC_fb8e3.dir/src.c.o -o cmTC_fb8e3 
gmake[1]: Leaving directory '/mnt/c/cicada-main/sibsutis/7sem/compilers/lab-02/tinylang/build/CMakeFiles/CMakeTmp'


Source file was:
int main(void) { return 0; }
Performing C++ SOURCE FILE Test CXX_SUPPORTS_WERROR_DATE_TIME succeeded with the following output:
Change Dir: /mnt/c/cicada-main/sibsutis/7sem/compilers/lab-02/tinylang/build/CMakeFiles/CMakeTmp

Run Build Command(s):/usr/bin/gmake -f Makefile cmTC_40a8e/fast && /usr/bin/gmake  -f CMakeFiles/cmTC_40a8e.dir/build.make CMakeFiles/cmTC_40a8e.dir/build
gmake[1]: Entering directory '/mnt/c/cicada-main/sibsutis/7sem/compilers/lab-02/tinylang/build/CMakeFiles/CMakeTmp'
Building CXX object CMakeFiles/cmTC_40a8e.dir/src.cxx.o
/usr/bin/c++ -DCXX_SUPPORTS_WERROR_DATE_TIME  -fPIC -fno-semantic-interposition -fvisibility-inlines-hidden    -Werror -Werror=date-time -o CMakeFiles/cmTC_40a8e.dir/src.cxx.o -c /mnt/c/cicada-main/sibsutis/7sem/compilers/lab-02/tinylang/build/CMakeFiles/CMakeTmp/src.cxx
Linking CXX executable cmTC_40a8e
/usr/bin/cmake -E cmake_link_script CMakeFiles/cmTC_40a8e.dir/link.txt --verbose=1
/usr/bin/c++  -fPIC -fno-semantic-interposition -fvisibility-inlines-hidden  CMakeFiles/cmTC_40a8e.dir/src.cxx.o -o cmTC_40a8e 
gmake[1]: Leaving directory '/mnt/c/cicada-main/sibsutis/7sem/compilers/lab-02/tinylang/build/CMakeFiles/CMakeTmp'


Source file was:
int main() { return 0; }
Performing C++ SOURCE FILE Test CXX_SUPPORTS_MISSING_FIELD_INITIALIZERS_FLAG succeeded with the following output:
Change Dir: /mnt/c/cicada-main/sibsutis/7sem/compilers/lab-02/tinylang/build/CMakeFiles/CMakeTmp

Run Build Command(s):/usr/bin/gmake -f Makefile cmTC_f0207/fast && /usr/bin/gmake  -f CMakeFiles/cmTC_f0207.dir/build.make CMakeFiles/cmTC_f0207.dir/build
gmake[1]: Entering directory '/mnt/c/cicada-main/sibsutis/7sem/compilers/lab-02/tinylang/build/CMakeFiles/CMakeTmp'
Building CXX object CMakeFiles/cmTC_f0207.dir/src.cxx.o
/usr/bin/c++ -DCXX_SUPPORTS_MISSING_FIELD_INITIALIZERS_FLAG  -fPIC -fno-semantic-interposition -fvisibility-inlines-hidden -Werror=date-time -Wall -Wextra -Wno-unused-parameter -Wwrite-strings -Wcast-qual    -Wmissing-field-initializers -o CMakeFiles/cmTC_f0207.dir/src.cxx.o -c /mnt/c/cicada-main/sibsutis/7sem/compilers/lab-02/tinylang/build/CMakeFiles/CMakeTmp/src.cxx
Linking CXX executable cmTC_f0207
/usr/bin/cmake -E cmake_link_script CMakeFiles/cmTC_f0207.dir/link.txt --verbose=1
/usr/bin/c++  -fPIC -fno-semantic-interposition -fvisibility-inlines-hidden -Werror=date-time -Wall -Wextra -Wno-unused-parameter -Wwrite-strings -Wcast-qual  CMakeFiles/cmTC_f0207.dir/src.cxx.o -o cmTC_f0207 
gmake[1]: Leaving directory '/mnt/c/cicada-main/sibsutis/7sem/compilers/lab-02/tinylang/build/CMakeFiles/CMakeTmp'


Source file was:
int main() { return 0; }
Performing C SOURCE FILE Test C_SUPPORTS_IMPLICIT_FALLTHROUGH_FLAG succeeded with the following output:
Change Dir: /mnt/c/cicada-main/sibsutis/7sem/compilers/lab-02/tinylang/build/CMakeFiles/CMakeTmp

Run Build Command(s):/usr/bin/gmake -f Makefile cmTC_99cf6/fast && /usr/bin/gmake  -f CMakeFiles/cmTC_99cf6.dir/build.make CMakeFiles/cmTC_99cf6.dir/build
gmake[1]: Entering directory '/mnt/c/cicada-main/sibsutis/7sem/compilers/lab-02/tinylang/build/CMakeFiles/CMakeTmp'
Building C object CMakeFiles/cmTC_99cf6.dir/src.c.o
/usr/bin/cc -DC_SUPPORTS_IMPLICIT_FALLTHROUGH_FLAG  -fPIC -fno-semantic-interposition -Werror=date-time -Wall -Wextra -Wno-unused-parameter -Wwrite-strings -Wno-missing-field-initializers    -Werror -Wimplicit-fallthrough -o CMakeFiles/cmTC_99cf6.dir/src.c.o -c /mnt/c/cicada-main/sibsutis/7sem/compilers/lab-02/tinylang/build/CMakeFiles/CMakeTmp/src.c
Linking C executable cmTC_99cf6
/usr/bin/cmake -E cmake_link_script CMakeFiles/cmTC_99cf6.dir/link.txt --verbose=1
/usr/bin/cc  -fPIC -fno-semantic-interposition -Werror=date-time -Wall -Wextra -Wno-unused-parameter -Wwrite-strings -Wno-missing-field-initializers  CMakeFiles/cmTC_99cf6.dir/src.c.o -o cmTC_99cf6 
gmake[1]: Leaving directory '/mnt/c/cicada-main/sibsutis/7sem/compilers/lab-02/tinylang/build/CMakeFiles/CMakeTmp'


Source file was:
int main(void) { return 0; }
Performing C++ SOURCE FILE Test CXX_SUPPORTS_IMPLICIT_FALLTHROUGH_FLAG succeeded with the following output:
Change Dir: /mnt/c/cicada-main/sibsutis/7sem/compilers/lab-02/tinylang/build/CMakeFiles/CMakeTmp

Run Build Command(s):/usr/bin/gmake -f Makefile cmTC_f4b7f/fast && /usr/bin/gmake  -f CMakeFiles/cmTC_f4b7f.dir/build.make CMakeFiles/cmTC_f4b7f.dir/build
gmake[1]: Entering directory '/mnt/c/cicada-main/sibsutis/7sem/compilers/lab-02/tinylang/build/CMakeFiles/CMakeTmp'
Building CXX object CMakeFiles/cmTC_f4b7f.dir/src.cxx.o
/usr/bin/c++ -DCXX_SUPPORTS_IMPLICIT_FALLTHROUGH_FLAG  -fPIC -fno-semantic-interposition -fvisibility-inlines-hidden -Werror=date-time -Wall -Wextra -Wno-unused-parameter -Wwrite-strings -Wcast-qual -Wno-missing-field-initializers    -Werror -Wimplicit-fallthrough -o CMakeFiles/cmTC_f4b7f.dir/src.cxx.o -c /mnt/c/cicada-main/sibsutis/7sem/compilers/lab-02/tinylang/build/CMakeFiles/CMakeTmp/src.cxx
Linking CXX executable cmTC_f4b7f
/usr/bin/cmake -E cmake_link_script CMakeFiles/cmTC_f4b7f.dir/link.txt --verbose=1
/usr/bin/c++  -fPIC -fno-semantic-interposition -fvisibility-inlines-hidden -Werror=date-time -Wall -Wextra -Wno-unused-parameter -Wwrite-strings -Wcast-qual -Wno-missing-field-initializers  CMakeFiles/cmTC_f4b7f.dir/src.cxx.o -o cmTC_f4b7f 
gmake[1]: Leaving directory '/mnt/c/cicada-main/sibsutis/7sem/compilers/lab-02/tinylang/build/CMakeFiles/CMakeTmp'


Source file was:
int main() { return 0; }
Performing C++ SOURCE FILE Test CXX_SUPPORTS_CLASS_MEMACCESS_FLAG succeeded with the following output:
Change Dir: /mnt/c/cicada-main/sibsutis/7sem/compilers/lab-02/tinylang/build/CMakeFiles/CMakeTmp

Run Build Command(s):/usr/bin/gmake -f Makefile cmTC_f0801/fast && /usr/bin/gmake  -f CMakeFiles/cmTC_f0801.dir/build.make CMakeFiles/cmTC_f0801.dir/build
gmake[1]: Entering directory '/mnt/c/cicada-main/sibsutis/7sem/compilers/lab-02/tinylang/build/CMakeFiles/CMakeTmp'
Building CXX object CMakeFiles/cmTC_f0801.dir/src.cxx.o
/usr/bin/c++ -DCXX_SUPPORTS_CLASS_MEMACCESS_FLAG  -fPIC -fno-semantic-interposition -fvisibility-inlines-hidden -Werror=date-time -Wall -Wextra -Wno-unused-parameter -Wwrite-strings -Wcast-qual -Wno-missing-field-initializers -Wimplicit-fallthrough    -Wclass-memaccess -o CMakeFiles/cmTC_f0801.dir/src.cxx.o -c /mnt/c/cicada-main/sibsutis/7sem/compilers/lab-02/tinylang/build/CMakeFiles/CMakeTmp/src.cxx
Linking CXX executable cmTC_f0801
/usr/bin/cmake -E cmake_link_script CMakeFiles/cmTC_f0801.dir/link.txt --verbose=1
/usr/bin/c++  -fPIC -fno-semantic-interposition -fvisibility-inlines-hidden -Werror=date-time -Wall -Wextra -Wno-unused-parameter -Wwrite-strings -Wcast-qual -Wno-missing-field-initializers -Wimplicit-fallthrough  CMakeFiles/cmTC_f0801.dir/src.cxx.o -o cmTC_f0801 
gmake[1]: Leaving directory '/mnt/c/cicada-main/sibsutis/7sem/compilers/lab-02/tinylang/build/CMakeFiles/CMakeTmp'


Source file was:
int main() { return 0; }
Performing C++ SOURCE FILE Test CXX_SUPPORTS_REDUNDANT_MOVE_FLAG succeeded with the following output:
Change Dir: /mnt/c/cicada-main/sibsutis/7sem/compilers/lab-02/tinylang/build/CMakeFiles/CMakeTmp

Run Build Command(s):/usr/bin/gmake -f Makefile cmTC_062ba/fast && /usr/bin/gmake  -f CMakeFiles/cmTC_062ba.dir/build.make CMakeFiles/cmTC_062ba.dir/build
gmake[1]: Entering directory '/mnt/c/cicada-main/sibsutis/7sem/compilers/lab-02/tinylang/build/CMakeFiles/CMakeTmp'
Building CXX object CMakeFiles/cmTC_062ba.dir/src.cxx.o
/usr/bin/c++ -DCXX_SUPPORTS_REDUNDANT_MOVE_FLAG  -fPIC -fno-semantic-interposition -fvisibility-inlines-hidden -Werror=date-time -Wall -Wextra -Wno-unused-parameter -Wwrite-strings -Wcast-qual -Wno-missing-field-initializers -Wimplicit-fallthrough -Wno-class-memaccess    -Wredundant-move -o CMakeFiles/cmTC_062ba.dir/src.cxx.o -c /mnt/c/cicada-main/sibsutis/7sem/compilers/lab-02/tinylang/build/CMakeFiles/CMakeTmp/src.cxx
Linking CXX executable cmTC_062ba
/usr/bin/cmake -E cmake_link_script CMakeFiles/cmTC_062ba.dir/link.txt --verbose=1
/usr/bin/c++  -fPIC -fno-semantic-interposition -fvisibility-inlines-hidden -Werror=date-time -Wall -Wextra -Wno-unused-parameter -Wwrite-strings -Wcast-qual -Wno-missing-field-initializers -Wimplicit-fallthrough -Wno-class-memaccess  CMakeFiles/cmTC_062ba.dir/src.cxx.o -o cmTC_062ba 
gmake[1]: Leaving directory '/mnt/c/cicada-main/sibsutis/7sem/compilers/lab-02/tinylang/build/CMakeFiles/CMakeTmp'


Source file was:
int main() { return 0; }
Performing C++ SOURCE FILE Test CXX_SUPPORTS_PESSIMIZING_MOVE_FLAG succeeded with the following output:
Change Dir: /mnt/c/cicada-main/sibsutis/7sem/compilers/lab-02/tinylang/build/CMakeFiles/CMakeTmp

Run Build Command(s):/usr/bin/gmake -f Makefile cmTC_c9898/fast && /usr/bin/gmake  -f CMakeFiles/cmTC_c9898.dir/build.make CMakeFiles/cmTC_c9898.dir/build
gmake[1]: Entering directory '/mnt/c/cicada-main/sibsutis/7sem/compilers/lab-02/tinylang/build/CMakeFiles/CMakeTmp'
Building CXX object CMakeFiles/cmTC_c9898.dir/src.cxx.o
/usr/bin/c++ -DCXX_SUPPORTS_PESSIMIZING_MOVE_FLAG  -fPIC -fno-semantic-interposition -fvisibility-inlines-hidden -Werror=date-time -Wall -Wextra -Wno-unused-parameter -Wwrite-strings -Wcast-qual -Wno-missing-field-initializers -Wimplicit-fallthrough -Wno-class-memaccess -Wno-redundant-move    -Wpessimizing-move -o CMakeFiles/cmTC_c9898.dir/src.cxx.o -c /mnt/c/cicada-main/sibsutis/7sem/compilers/lab-02/tinylang/build/CMakeFiles/CMakeTmp/src.cxx
Linking CXX executable cmTC_c9898
/usr/bin/cmake -E cmake_link_script CMakeFiles/cmTC_c9898.dir/link.txt --verbose=1
/usr/bin/c++  -fPIC -fno-semantic-interposition -fvisibility-inlines-hidden -Werror=date-time -Wall -Wextra -Wno-unused-parameter -Wwrite-strings -Wcast-qual -Wno-missing-field-initializers -Wimplicit-fallthrough -Wno-class-memaccess -Wno-redundant-move  CMakeFiles/cmTC_c9898.dir/src.cxx.o -o cmTC_c9898 
gmake[1]: Leaving directory '/mnt/c/cicada-main/sibsutis/7sem/compilers/lab-02/tinylang/build/CMakeFiles/CMakeTmp'


Source file was:
int main() { return 0; }
Performing C++ SOURCE FILE Test CXX_SUPPORTS_NOEXCEPT_TYPE_FLAG succeeded with the following output:
Change Dir: /mnt/c/cicada-main/sibsutis/7sem/compilers/lab-02/tinylang/build/CMakeFiles/CMakeTmp

Run Build Command(s):/usr/bin/gmake -f Makefile cmTC_e6c41/fast && /usr/bin/gmake  -f CMakeFiles/cmTC_e6c41.dir/build.make CMakeFiles/cmTC_e6c41.dir/build
gmake[1]: Entering directory '/mnt/c/cicada-main/sibsutis/7sem/compilers/lab-02/tinylang/build/CMakeFiles/CMakeTmp'
Building CXX object CMakeFiles/cmTC_e6c41.dir/src.cxx.o
/usr/bin/c++ -DCXX_SUPPORTS_NOEXCEPT_TYPE_FLAG  -fPIC -fno-semantic-interposition -fvisibility-inlines-hidden -Werror=date-time -Wall -Wextra -Wno-unused-parameter -Wwrite-strings -Wcast-qual -Wno-missing-field-initializers -Wimplicit-fallthrough -Wno-class-memaccess -Wno-redundant-move -Wno-pessimizing-move    -Wnoexcept-type -o CMakeFiles/cmTC_e6c41.dir/src.cxx.o -c /mnt/c/cicada-main/sibsutis/7sem/compilers/lab-02/tinylang/build/CMakeFiles/CMakeTmp/src.cxx
Linking CXX executable cmTC_e6c41
/usr/bin/cmake -E cmake_link_script CMakeFiles/cmTC_e6c41.dir/link.txt --verbose=1
/usr/bin/c++  -fPIC -fno-semantic-interposition -fvisibility-inlines-hidden -Werror=date-time -Wall -Wextra -Wno-unused-parameter -Wwrite-strings -Wcast-qual -Wno-missing-field-initializers -Wimplicit-fallthrough -Wno-class-memaccess -Wno-redundant-move -Wno-pessimizing-move  CMakeFiles/cmTC_e6c41.dir/src.cxx.o -o cmTC_e6c41 
gmake[1]: Leaving directory '/mnt/c/cicada-main/sibsutis/7sem/compilers/lab-02/tinylang/build/CMakeFiles/CMakeTmp'


Source file was:
int main() { return 0; }
Performing C++ SOURCE FILE Test CXX_SUPPORTS_SUGGEST_OVERRIDE_FLAG succeeded with the following output:
Change Dir: /mnt/c/cicada-main/sibsutis/7sem/compilers/lab-02/tinylang/build/CMakeFiles/CMakeTmp

Run Build Command(s):/usr/bin/gmake -f Makefile cmTC_990b2/fast && /usr/bin/gmake  -f CMakeFiles/cmTC_990b2.dir/build.make CMakeFiles/cmTC_990b2.dir/build
gmake[1]: Entering directory '/mnt/c/cicada-main/sibsutis/7sem/compilers/lab-02/tinylang/build/CMakeFiles/CMakeTmp'
Building CXX object CMakeFiles/cmTC_990b2.dir/src.cxx.o
/usr/bin/c++ -DCXX_SUPPORTS_SUGGEST_OVERRIDE_FLAG  -fPIC -fno-semantic-interposition -fvisibility-inlines-hidden -Werror=date-time -Wall -Wextra -Wno-unused-parameter -Wwrite-strings -Wcast-qual -Wno-missing-field-initializers -Wimplicit-fallthrough -Wno-class-memaccess -Wno-redundant-move -Wno-pessimizing-move -Wno-noexcept-type -Wdelete-non-virtual-dtor    -Wsuggest-override -o CMakeFiles/cmTC_990b2.dir/src.cxx.o -c /mnt/c/cicada-main/sibsutis/7sem/compilers/lab-02/tinylang/build/CMakeFiles/CMakeTmp/src.cxx
Linking CXX executable cmTC_990b2
/usr/bin/cmake -E cmake_link_script CMakeFiles/cmTC_990b2.dir/link.txt --verbose=1
/usr/bin/c++  -fPIC -fno-semantic-interposition -fvisibility-inlines-hidden -Werror=date-time -Wall -Wextra -Wno-unused-parameter -Wwrite-strings -Wcast-qual -Wno-missing-field-initializers -Wimplicit-fallthrough -Wno-class-memaccess -Wno-redundant-move -Wno-pessimizing-move -Wno-noexcept-type -Wdelete-non-virtual-dtor  CMakeFiles/cmTC_990b2.dir/src.cxx.o -o cmTC_990b2 
gmake[1]: Leaving directory '/mnt/c/cicada-main/sibsutis/7sem/compilers/lab-02/tinylang/build/CMakeFiles/CMakeTmp'


Source file was:
int main() { return 0; }
Performing C++ SOURCE FILE Test CXX_WSUGGEST_OVERRIDE_ALLOWS_ONLY_FINAL succeeded with the following output:
Change Dir: /mnt/c/cicada-main/sibsutis/7sem/compilers/lab-02/tinylang/build/CMakeFiles/CMakeTmp

Run Build Command(s):/usr/bin/gmake -f Makefile cmTC_dbcb5/fast && /usr/bin/gmake  -f CMakeFiles/cmTC_dbcb5.dir/build.make CMakeFiles/cmTC_dbcb5.dir/build
gmake[1]: Entering directory '/mnt/c/cicada-main/sibsutis/7sem/compilers/lab-02/tinylang/build/CMakeFiles/CMakeTmp'
Building CXX object CMakeFiles/cmTC_dbcb5.dir/src.cxx.o
/usr/bin/c++ -DCXX_WSUGGEST_OVERRIDE_ALLOWS_ONLY_FINAL  -fPIC -fno-semantic-interposition -fvisibility-inlines-hidden -Werror=date-time -Wall -Wextra -Wno-unused-parameter -Wwrite-strings -Wcast-qual -Wno-missing-field-initializers -Wimplicit-fallthrough -Wno-class-memaccess -Wno-redundant-move -Wno-pessimizing-move -Wno-noexcept-type -Wdelete-non-virtual-dtor  -Werror=suggest-override -o CMakeFiles/cmTC_dbcb5.dir/src.cxx.o -c /mnt/c/cicada-main/sibsutis/7sem/compilers/lab-02/tinylang/build/CMakeFiles/CMakeTmp/src.cxx
Linking CXX executable cmTC_dbcb5
/usr/bin/cmake -E cmake_link_script CMakeFiles/cmTC_dbcb5.dir/link.txt --verbose=1
/usr/bin/c++  -fPIC -fno-semantic-interposition -fvisibility-inlines-hidden -Werror=date-time -Wall -Wextra -Wno-unused-parameter -Wwrite-strings -Wcast-qual -Wno-missing-field-initializers -Wimplicit-fallthrough -Wno-class-memaccess -Wno-redundant-move -Wno-pessimizing-move -Wno-noexcept-type -Wdelete-non-virtual-dtor  -Werror=suggest-override CMakeFiles/cmTC_dbcb5.dir/src.cxx.o -o cmTC_dbcb5 
gmake[1]: Leaving directory '/mnt/c/cicada-main/sibsutis/7sem/compilers/lab-02/tinylang/build/CMakeFiles/CMakeTmp'


Source file was:
class base {public: virtual void anchor();};
                               class derived : base {public: void anchor() final;};
                               int main() { return 0; }
Performing C SOURCE FILE Test C_SUPPORTS_MISLEADING_INDENTATION_FLAG succeeded with the following output:
Change Dir: /mnt/c/cicada-main/sibsutis/7sem/compilers/lab-02/tinylang/build/CMakeFiles/CMakeTmp

Run Build Command(s):/usr/bin/gmake -f Makefile cmTC_40bdd/fast && /usr/bin/gmake  -f CMakeFiles/cmTC_40bdd.dir/build.make CMakeFiles/cmTC_40bdd.dir/build
gmake[1]: Entering directory '/mnt/c/cicada-main/sibsutis/7sem/compilers/lab-02/tinylang/build/CMakeFiles/CMakeTmp'
Building C object CMakeFiles/cmTC_40bdd.dir/src.c.o
/usr/bin/cc -DC_SUPPORTS_MISLEADING_INDENTATION_FLAG  -fPIC -fno-semantic-interposition -Werror=date-time -Wall -Wextra -Wno-unused-parameter -Wwrite-strings -Wno-missing-field-initializers -Wimplicit-fallthrough -Wno-comment    -Werror -Wmisleading-indentation -o CMakeFiles/cmTC_40bdd.dir/src.c.o -c /mnt/c/cicada-main/sibsutis/7sem/compilers/lab-02/tinylang/build/CMakeFiles/CMakeTmp/src.c
Linking C executable cmTC_40bdd
/usr/bin/cmake -E cmake_link_script CMakeFiles/cmTC_40bdd.dir/link.txt --verbose=1
/usr/bin/cc  -fPIC -fno-semantic-interposition -Werror=date-time -Wall -Wextra -Wno-unused-parameter -Wwrite-strings -Wno-missing-field-initializers -Wimplicit-fallthrough -Wno-comment  CMakeFiles/cmTC_40bdd.dir/src.c.o -o cmTC_40bdd 
gmake[1]: Leaving directory '/mnt/c/cicada-main/sibsutis/7sem/compilers/lab-02/tinylang/build/CMakeFiles/CMakeTmp'


Source file was:
int main(void) { return 0; }
Performing C++ SOURCE FILE Test CXX_SUPPORTS_MISLEADING_INDENTATION_FLAG succeeded with the following output:
Change Dir: /mnt/c/cicada-main/sibsutis/7sem/compilers/lab-02/tinylang/build/CMakeFiles/CMakeTmp

Run Build Command(s):/usr/bin/gmake -f Makefile cmTC_bdcdb/fast && /usr/bin/gmake  -f CMakeFiles/cmTC_bdcdb.dir/build.make CMakeFiles/cmTC_bdcdb.dir/build
gmake[1]: Entering directory '/mnt/c/cicada-main/sibsutis/7sem/compilers/lab-02/tinylang/build/CMakeFiles/CMakeTmp'
Building CXX object CMakeFiles/cmTC_bdcdb.dir/src.cxx.o
/usr/bin/c++ -DCXX_SUPPORTS_MISLEADING_INDENTATION_FLAG  -fPIC -fno-semantic-interposition -fvisibility-inlines-hidden -Werror=date-time -Wall -Wextra -Wno-unused-parameter -Wwrite-strings -Wcast-qual -Wno-missing-field-initializers -Wimplicit-fallthrough -Wno-class-memaccess -Wno-redundant-move -Wno-pessimizing-move -Wno-noexcept-type -Wdelete-non-virtual-dtor -Wsuggest-override -Wno-comment    -Werror -Wmisleading-indentation -o CMakeFiles/cmTC_bdcdb.dir/src.cxx.o -c /mnt/c/cicada-main/sibsutis/7sem/compilers/lab-02/tinylang/build/CMakeFiles/CMakeTmp/src.cxx
Linking CXX executable cmTC_bdcdb
/usr/bin/cmake -E cmake_link_script CMakeFiles/cmTC_bdcdb.dir/link.txt --verbose=1
/usr/bin/c++  -fPIC -fno-semantic-interposition -fvisibility-inlines-hidden -Werror=date-time -Wall -Wextra -Wno-unused-parameter -Wwrite-strings -Wcast-qual -Wno-missing-field-initializers -Wimplicit-fallthrough -Wno-class-memaccess -Wno-redundant-move -Wno-pessimizing-move -Wno-noexcept-type -Wdelete-non-virtual-dtor -Wsuggest-override -Wno-comment  CMakeFiles/cmTC_bdcdb.dir/src.cxx.o -o cmTC_bdcdb 
gmake[1]: Leaving directory '/mnt/c/cicada-main/sibsutis/7sem/compilers/lab-02/tinylang/build/CMakeFiles/CMakeTmp'


Source file was:
int main() { return 0; }
Performing C SOURCE FILE Test C_SUPPORTS_FNO_FUNCTION_SECTIONS succeeded with the following output:
Change Dir: /mnt/c/cicada-main/sibsutis/7sem/compilers/lab-02/tinylang/build/CMakeFiles/CMakeTmp

Run Build Command(s):/usr/bin/gmake -f Makefile cmTC_70852/fast && /usr/bin/gmake  -f CMakeFiles/cmTC_70852.dir/build.make CMakeFiles/cmTC_70852.dir/build
gmake[1]: Entering directory '/mnt/c/cicada-main/sibsutis/7sem/compilers/lab-02/tinylang/build/CMakeFiles/CMakeTmp'
Building C object CMakeFiles/cmTC_70852.dir/src.c.o
/usr/bin/cc -DC_SUPPORTS_FNO_FUNCTION_SECTIONS  -fPIC -fno-semantic-interposition -Werror=date-time -Wall -Wextra -Wno-unused-parameter -Wwrite-strings -Wno-missing-field-initializers -Wimplicit-fallthrough -Wno-comment -Wmisleading-indentation    -Werror -fno-function-sections -o CMakeFiles/cmTC_70852.dir/src.c.o -c /mnt/c/cicada-main/sibsutis/7sem/compilers/lab-02/tinylang/build/CMakeFiles/CMakeTmp/src.c
Linking C executable cmTC_70852
/usr/bin/cmake -E cmake_link_script CMakeFiles/cmTC_70852.dir/link.txt --verbose=1
/usr/bin/cc  -fPIC -fno-semantic-interposition -Werror=date-time -Wall -Wextra -Wno-unused-parameter -Wwrite-strings -Wno-missing-field-initializers -Wimplicit-fallthrough -Wno-comment -Wmisleading-indentation  CMakeFiles/cmTC_70852.dir/src.c.o -o cmTC_70852 
gmake[1]: Leaving directory '/mnt/c/cicada-main/sibsutis/7sem/compilers/lab-02/tinylang/build/CMakeFiles/CMakeTmp'


Source file was:
int main(void) { return 0; }
Performing C SOURCE FILE Test C_SUPPORTS_FFUNCTION_SECTIONS succeeded with the following output:
Change Dir: /mnt/c/cicada-main/sibsutis/7sem/compilers/lab-02/tinylang/build/CMakeFiles/CMakeTmp

Run Build Command(s):/usr/bin/gmake -f Makefile cmTC_2c707/fast && /usr/bin/gmake  -f CMakeFiles/cmTC_2c707.dir/build.make CMakeFiles/cmTC_2c707.dir/build
gmake[1]: Entering directory '/mnt/c/cicada-main/sibsutis/7sem/compilers/lab-02/tinylang/build/CMakeFiles/CMakeTmp'
Building C object CMakeFiles/cmTC_2c707.dir/src.c.o
/usr/bin/cc -DC_SUPPORTS_FFUNCTION_SECTIONS  -fPIC -fno-semantic-interposition -Werror=date-time -Wall -Wextra -Wno-unused-parameter -Wwrite-strings -Wno-missing-field-initializers -Wimplicit-fallthrough -Wno-comment -Wmisleading-indentation    -Werror -ffunction-sections -o CMakeFiles/cmTC_2c707.dir/src.c.o -c /mnt/c/cicada-main/sibsutis/7sem/compilers/lab-02/tinylang/build/CMakeFiles/CMakeTmp/src.c
Linking C executable cmTC_2c707
/usr/bin/cmake -E cmake_link_script CMakeFiles/cmTC_2c707.dir/link.txt --verbose=1
/usr/bin/cc  -fPIC -fno-semantic-interposition -Werror=date-time -Wall -Wextra -Wno-unused-parameter -Wwrite-strings -Wno-missing-field-initializers -Wimplicit-fallthrough -Wno-comment -Wmisleading-indentation  CMakeFiles/cmTC_2c707.dir/src.c.o -o cmTC_2c707 
gmake[1]: Leaving directory '/mnt/c/cicada-main/sibsutis/7sem/compilers/lab-02/tinylang/build/CMakeFiles/CMakeTmp'


Source file was:
int main(void) { return 0; }
Performing C++ SOURCE FILE Test CXX_SUPPORTS_FFUNCTION_SECTIONS succeeded with the following output:
Change Dir: /mnt/c/cicada-main/sibsutis/7sem/compilers/lab-02/tinylang/build/CMakeFiles/CMakeTmp

Run Build Command(s):/usr/bin/gmake -f Makefile cmTC_91c4b/fast && /usr/bin/gmake  -f CMakeFiles/cmTC_91c4b.dir/build.make CMakeFiles/cmTC_91c4b.dir/build
gmake[1]: Entering directory '/mnt/c/cicada-main/sibsutis/7sem/compilers/lab-02/tinylang/build/CMakeFiles/CMakeTmp'
Building CXX object CMakeFiles/cmTC_91c4b.dir/src.cxx.o
/usr/bin/c++ -DCXX_SUPPORTS_FFUNCTION_SECTIONS  -fPIC -fno-semantic-interposition -fvisibility-inlines-hidden -Werror=date-time -Wall -Wextra -Wno-unused-parameter -Wwrite-strings -Wcast-qual -Wno-missing-field-initializers -Wimplicit-fallthrough -Wno-class-memaccess -Wno-redundant-move -Wno-pessimizing-move -Wno-noexcept-type -Wdelete-non-virtual-dtor -Wsuggest-override -Wno-comment -Wmisleading-indentation    -Werror -ffunction-sections -o CMakeFiles/cmTC_91c4b.dir/src.cxx.o -c /mnt/c/cicada-main/sibsutis/7sem/compilers/lab-02/tinylang/build/CMakeFiles/CMakeTmp/src.cxx
Linking CXX executable cmTC_91c4b
/usr/bin/cmake -E cmake_link_script CMakeFiles/cmTC_91c4b.dir/link.txt --verbose=1
/usr/bin/c++  -fPIC -fno-semantic-interposition -fvisibility-inlines-hidden -Werror=date-time -Wall -Wextra -Wno-unused-parameter -Wwrite-strings -Wcast-qual -Wno-missing-field-initializers -Wimplicit-fallthrough -Wno-class-memaccess -Wno-redundant-move -Wno-pessimizing-move -Wno-noexcept-type -Wdelete-non-virtual-dtor -Wsuggest-override -Wno-comment -Wmisleading-indentation  CMakeFiles/cmTC_91c4b.dir/src.cxx.o -o cmTC_91c4b 
gmake[1]: Leaving directory '/mnt/c/cicada-main/sibsutis/7sem/compilers/lab-02/tinylang/build/CMakeFiles/CMakeTmp'


Source file was:
int main() { return 0; }
Performing C SOURCE FILE Test C_SUPPORTS_FDATA_SECTIONS succeeded with the following output:
Change Dir: /mnt/c/cicada-main/sibsutis/7sem/compilers/lab-02/tinylang/build/CMakeFiles/CMakeTmp

Run Build Command(s):/usr/bin/gmake -f Makefile cmTC_6de4d/fast && /usr/bin/gmake  -f CMakeFiles/cmTC_6de4d.dir/build.make CMakeFiles/cmTC_6de4d.dir/build
gmake[1]: Entering directory '/mnt/c/cicada-main/sibsutis/7sem/compilers/lab-02/tinylang/build/CMakeFiles/CMakeTmp'
Building C object CMakeFiles/cmTC_6de4d.dir/src.c.o
/usr/bin/cc -DC_SUPPORTS_FDATA_SECTIONS  -fPIC -fno-semantic-interposition -Werror=date-time -Wall -Wextra -Wno-unused-parameter -Wwrite-strings -Wno-missing-field-initializers -Wimplicit-fallthrough -Wno-comment -Wmisleading-indentation -ffunction-sections    -Werror -fdata-sections -o CMakeFiles/cmTC_6de4d.dir/src.c.o -c /mnt/c/cicada-main/sibsutis/7sem/compilers/lab-02/tinylang/build/CMakeFiles/CMakeTmp/src.c
Linking C executable cmTC_6de4d
/usr/bin/cmake -E cmake_link_script CMakeFiles/cmTC_6de4d.dir/link.txt --verbose=1
/usr/bin/cc  -fPIC -fno-semantic-interposition -Werror=date-time -Wall -Wextra -Wno-unused-parameter -Wwrite-strings -Wno-missing-field-initializers -Wimplicit-fallthrough -Wno-comment -Wmisleading-indentation -ffunction-sections  CMakeFiles/cmTC_6de4d.dir/src.c.o -o cmTC_6de4d 
gmake[1]: Leaving directory '/mnt/c/cicada-main/sibsutis/7sem/compilers/lab-02/tinylang/build/CMakeFiles/CMakeTmp'


Source file was:
int main(void) { return 0; }
Performing C++ SOURCE FILE Test CXX_SUPPORTS_FDATA_SECTIONS succeeded with the following output:
Change Dir: /mnt/c/cicada-main/sibsutis/7sem/compilers/lab-02/tinylang/build/CMakeFiles/CMakeTmp

Run Build Command(s):/usr/bin/gmake -f Makefile cmTC_edd98/fast && /usr/bin/gmake  -f CMakeFiles/cmTC_edd98.dir/build.make CMakeFiles/cmTC_edd98.dir/build
gmake[1]: Entering directory '/mnt/c/cicada-main/sibsutis/7sem/compilers/lab-02/tinylang/build/CMakeFiles/CMakeTmp'
Building CXX object CMakeFiles/cmTC_edd98.dir/src.cxx.o
/usr/bin/c++ -DCXX_SUPPORTS_FDATA_SECTIONS  -fPIC -fno-semantic-interposition -fvisibility-inlines-hidden -Werror=date-time -Wall -Wextra -Wno-unused-parameter -Wwrite-strings -Wcast-qual -Wno-missing-field-initializers -Wimplicit-fallthrough -Wno-class-memaccess -Wno-redundant-move -Wno-pessimizing-move -Wno-noexcept-type -Wdelete-non-virtual-dtor -Wsuggest-override -Wno-comment -Wmisleading-indentation -ffunction-sections    -Werror -fdata-sections -o CMakeFiles/cmTC_edd98.dir/src.cxx.o -c /mnt/c/cicada-main/sibsutis/7sem/compilers/lab-02/tinylang/build/CMakeFiles/CMakeTmp/src.cxx
Linking CXX executable cmTC_edd98
/usr/bin/cmake -E cmake_link_script CMakeFiles/cmTC_edd98.dir/link.txt --verbose=1
/usr/bin/c++  -fPIC -fno-semantic-interposition -fvisibility-inlines-hidden -Werror=date-time -Wall -Wextra -Wno-unused-parameter -Wwrite-strings -Wcast-qual -Wno-missing-field-initializers -Wimplicit-fallthrough -Wno-class-memaccess -Wno-redundant-move -Wno-pessimizing-move -Wno-noexcept-type -Wdelete-non-virtual-dtor -Wsuggest-override -Wno-comment -Wmisleading-indentation -ffunction-sections  CMakeFiles/cmTC_edd98.dir/src.cxx.o -o cmTC_edd98 
gmake[1]: Leaving directory '/mnt/c/cicada-main/sibsutis/7sem/compilers/lab-02/tinylang/build/CMakeFiles/CMakeTmp'


Source file was:
int main() { return 0; }
