This file contains any messages produced by compilers while
running configure, to aid debugging if configure makes a mistake.

It was created by libgraph configure 1.0.2, which was
generated by GNU Autoconf 2.59.  Invocation command line was

  $ ./configure --disable-guile

## --------- ##
## Platform. ##
## --------- ##

hostname = otto-Lenovo-G50-30
uname -m = x86_64
uname -r = 5.4.0-88-generic
uname -s = Linux
uname -v = #99-Ubuntu SMP Thu Sep 23 17:29:00 UTC 2021

/usr/bin/uname -p = x86_64
/bin/uname -X     = unknown

/bin/arch              = x86_64
/usr/bin/arch -k       = unknown
/usr/convex/getsysinfo = unknown
hostinfo               = unknown
/bin/machine           = unknown
/usr/bin/oslevel       = unknown
/bin/universe          = unknown

PATH: /usr/local/sbin
PATH: /usr/local/bin
PATH: /usr/sbin
PATH: /usr/bin
PATH: /sbin
PATH: /bin
PATH: /snap/bin


## ----------- ##
## Core tests. ##
## ----------- ##

configure:1549: checking build system type
configure:1567: result: x86_64-unknown-linux-gnu
configure:1575: checking host system type
configure:1589: result: x86_64-unknown-linux-gnu
configure:1597: checking target system type
configure:1611: result: x86_64-unknown-linux-gnu
configure:1642: checking for a BSD-compatible install
configure:1697: result: /usr/bin/install -c
configure:1708: checking whether build environment is sane
configure:1751: result: yes
configure:1808: checking for gawk
configure:1824: found /usr/bin/gawk
configure:1834: result: gawk
configure:1844: checking whether make sets $(MAKE)
configure:1864: result: yes
configure:2028: checking whether to enable maintainer-specific portions of Makefiles
configure:2037: result: no
configure:2100: checking for gcc
configure:2116: found /usr/bin/gcc
configure:2126: result: gcc
configure:2370: checking for C compiler version
configure:2373: gcc --version </dev/null >&5
gcc (Ubuntu 9.4.0-1ubuntu1~20.04.1) 9.4.0
Copyright (C) 2019 Free Software Foundation, Inc.
This is free software; see the source for copying conditions.  There is NO
warranty; not even for MERCHANTABILITY or FITNESS FOR A PARTICULAR PURPOSE.

configure:2376: $? = 0
configure:2378: gcc -v </dev/null >&5
Using built-in specs.
COLLECT_GCC=gcc
COLLECT_LTO_WRAPPER=/usr/lib/gcc/x86_64-linux-gnu/9/lto-wrapper
OFFLOAD_TARGET_NAMES=nvptx-none:hsa
OFFLOAD_TARGET_DEFAULT=1
Target: x86_64-linux-gnu
Configured with: ../src/configure -v --with-pkgversion='Ubuntu 9.4.0-1ubuntu1~20.04.1' --with-bugurl=file:///usr/share/doc/gcc-9/README.Bugs --enable-languages=c,ada,c++,go,brig,d,fortran,objc,obj-c++,gm2 --prefix=/usr --with-gcc-major-version-only --program-suffix=-9 --program-prefix=x86_64-linux-gnu- --enable-shared --enable-linker-build-id --libexecdir=/usr/lib --without-included-gettext --enable-threads=posix --libdir=/usr/lib --enable-nls --enable-clocale=gnu --enable-libstdcxx-debug --enable-libstdcxx-time=yes --with-default-libstdcxx-abi=new --enable-gnu-unique-object --disable-vtable-verify --enable-plugin --enable-default-pie --with-system-zlib --with-target-system-zlib=auto --enable-objc-gc=auto --enable-multiarch --disable-werror --with-arch-32=i686 --with-abi=m64 --with-multilib-list=m32,m64,mx32 --enable-multilib --with-tune=generic --enable-offload-targets=nvptx-none=/build/gcc-9-Av3uEd/gcc-9-9.4.0/debian/tmp-nvptx/usr,hsa --without-cuda-driver --enable-checking=release --build=x86_64-linux-gnu --host=x86_64-linux-gnu --target=x86_64-linux-gnu
Thread model: posix
gcc version 9.4.0 (Ubuntu 9.4.0-1ubuntu1~20.04.1) 
configure:2381: $? = 0
configure:2383: gcc -V </dev/null >&5
gcc: error: unrecognized command line option '-V'
gcc: fatal error: no input files
compilation terminated.
configure:2386: $? = 1
configure:2409: checking for C compiler default output file name
configure:2412: gcc    conftest.c  >&5
configure:2415: $? = 0
configure:2461: result: a.out
configure:2466: checking whether the C compiler works
configure:2472: ./a.out
configure:2475: $? = 0
configure:2492: result: yes
configure:2499: checking whether we are cross compiling
configure:2501: result: no
configure:2504: checking for suffix of executables
configure:2506: gcc -o conftest    conftest.c  >&5
configure:2509: $? = 0
configure:2534: result: 
configure:2540: checking for suffix of object files
configure:2561: gcc -c   conftest.c >&5
configure:2564: $? = 0
configure:2586: result: o
configure:2590: checking whether we are using the GNU C compiler
configure:2614: gcc -c   conftest.c >&5
configure:2620: $? = 0
configure:2623: test -z 			 || test ! -s conftest.err
configure:2626: $? = 0
configure:2629: test -s conftest.o
configure:2632: $? = 0
configure:2645: result: yes
configure:2651: checking whether gcc accepts -g
configure:2672: gcc -c -g  conftest.c >&5
configure:2678: $? = 0
configure:2681: test -z 			 || test ! -s conftest.err
configure:2684: $? = 0
configure:2687: test -s conftest.o
configure:2690: $? = 0
configure:2701: result: yes
configure:2718: checking for gcc option to accept ANSI C
configure:2788: gcc  -c -g -O2  conftest.c >&5
configure:2794: $? = 0
configure:2797: test -z 			 || test ! -s conftest.err
configure:2800: $? = 0
configure:2803: test -s conftest.o
configure:2806: $? = 0
configure:2824: result: none needed
configure:2842: gcc -c -g -O2  conftest.c >&5
conftest.c:2:3: error: unknown type name 'choke'
    2 |   choke me
      |   ^~~~~
conftest.c:2:3: error: expected '=', ',', ';', 'asm' or '__attribute__' at end of input
configure:2848: $? = 1
configure: failed program was:
| #ifndef __cplusplus
|   choke me
| #endif
configure:2989: checking for style of include used by make
configure:3017: result: GNU
configure:3045: checking dependency style of gcc
configure:3135: result: gcc3
configure:3157: checking how to run the C preprocessor
configure:3192: gcc -E  conftest.c
configure:3198: $? = 0
configure:3230: gcc -E  conftest.c
conftest.c:11:10: fatal error: ac_nonexistent.h: No such file or directory
   11 | #include <ac_nonexistent.h>
      |          ^~~~~~~~~~~~~~~~~~
compilation terminated.
configure:3236: $? = 1
configure: failed program was:
| /* confdefs.h.  */
| 
| #define PACKAGE_NAME "libgraph"
| #define PACKAGE_TARNAME "libgraph"
| #define PACKAGE_VERSION "1.0.2"
| #define PACKAGE_STRING "libgraph 1.0.2"
| #define PACKAGE_BUGREPORT "faraz_ms@rediffmail.com"
| #define PACKAGE "libgraph"
| #define VERSION "1.0.2"
| /* end confdefs.h.  */
| #include <ac_nonexistent.h>
configure:3275: result: gcc -E
configure:3299: gcc -E  conftest.c
configure:3305: $? = 0
configure:3337: gcc -E  conftest.c
conftest.c:11:10: fatal error: ac_nonexistent.h: No such file or directory
   11 | #include <ac_nonexistent.h>
      |          ^~~~~~~~~~~~~~~~~~
compilation terminated.
configure:3343: $? = 1
configure: failed program was:
| /* confdefs.h.  */
| 
| #define PACKAGE_NAME "libgraph"
| #define PACKAGE_TARNAME "libgraph"
| #define PACKAGE_VERSION "1.0.2"
| #define PACKAGE_STRING "libgraph 1.0.2"
| #define PACKAGE_BUGREPORT "faraz_ms@rediffmail.com"
| #define PACKAGE "libgraph"
| #define VERSION "1.0.2"
| /* end confdefs.h.  */
| #include <ac_nonexistent.h>
configure:3399: checking for a BSD-compatible install
configure:3454: result: /usr/bin/install -c
configure:3465: checking whether ln -s works
configure:3469: result: yes
configure:3476: checking whether make sets $(MAKE)
configure:3496: result: yes
configure:3577: checking for a sed that does not truncate output
configure:3631: result: /usr/bin/sed
configure:3634: checking for egrep
configure:3644: result: grep -E
configure:3660: checking for ld used by gcc
configure:3727: result: /usr/bin/ld
configure:3736: checking if the linker (/usr/bin/ld) is GNU ld
configure:3751: result: yes
configure:3756: checking for /usr/bin/ld option to reload object files
configure:3763: result: -r
configure:3772: checking for BSD-compatible nm
configure:3814: result: /usr/bin/nm -B
configure:3818: checking how to recognise dependent libraries
configure:3992: result: pass_all
configure:4077: gcc -c -g -O2  conftest.c >&5
configure:4080: $? = 0
configure:4201: checking for ANSI C header files
configure:4226: gcc -c -g -O2  conftest.c >&5
configure:4232: $? = 0
configure:4235: test -z 			 || test ! -s conftest.err
configure:4238: $? = 0
configure:4241: test -s conftest.o
configure:4244: $? = 0
configure:4333: gcc -o conftest -g -O2   conftest.c  >&5
conftest.c: In function 'main':
conftest.c:28:7: warning: implicit declaration of function 'exit' [-Wimplicit-function-declaration]
   28 |       exit(2);
      |       ^~~~
conftest.c:28:7: warning: incompatible implicit declaration of built-in function 'exit'
conftest.c:12:1: note: include '<stdlib.h>' or provide a declaration of 'exit'
   11 | #include <ctype.h>
  +++ |+#include <stdlib.h>
   12 | #if ((' ' & 0x0FF) == 0x020)
conftest.c:29:3: warning: incompatible implicit declaration of built-in function 'exit'
   29 |   exit (0);
      |   ^~~~
conftest.c:29:3: note: include '<stdlib.h>' or provide a declaration of 'exit'
configure:4336: $? = 0
configure:4338: ./conftest
configure:4341: $? = 0
configure:4356: result: yes
configure:4380: checking for sys/types.h
configure:4396: gcc -c -g -O2  conftest.c >&5
configure:4402: $? = 0
configure:4405: test -z 			 || test ! -s conftest.err
configure:4408: $? = 0
configure:4411: test -s conftest.o
configure:4414: $? = 0
configure:4425: result: yes
configure:4380: checking for sys/stat.h
configure:4396: gcc -c -g -O2  conftest.c >&5
configure:4402: $? = 0
configure:4405: test -z 			 || test ! -s conftest.err
configure:4408: $? = 0
configure:4411: test -s conftest.o
configure:4414: $? = 0
configure:4425: result: yes
configure:4380: checking for stdlib.h
configure:4396: gcc -c -g -O2  conftest.c >&5
configure:4402: $? = 0
configure:4405: test -z 			 || test ! -s conftest.err
configure:4408: $? = 0
configure:4411: test -s conftest.o
configure:4414: $? = 0
configure:4425: result: yes
configure:4380: checking for string.h
configure:4396: gcc -c -g -O2  conftest.c >&5
configure:4402: $? = 0
configure:4405: test -z 			 || test ! -s conftest.err
configure:4408: $? = 0
configure:4411: test -s conftest.o
configure:4414: $? = 0
configure:4425: result: yes
configure:4380: checking for memory.h
configure:4396: gcc -c -g -O2  conftest.c >&5
configure:4402: $? = 0
configure:4405: test -z 			 || test ! -s conftest.err
configure:4408: $? = 0
configure:4411: test -s conftest.o
configure:4414: $? = 0
configure:4425: result: yes
configure:4380: checking for strings.h
configure:4396: gcc -c -g -O2  conftest.c >&5
configure:4402: $? = 0
configure:4405: test -z 			 || test ! -s conftest.err
configure:4408: $? = 0
configure:4411: test -s conftest.o
configure:4414: $? = 0
configure:4425: result: yes
configure:4380: checking for inttypes.h
configure:4396: gcc -c -g -O2  conftest.c >&5
configure:4402: $? = 0
configure:4405: test -z 			 || test ! -s conftest.err
configure:4408: $? = 0
configure:4411: test -s conftest.o
configure:4414: $? = 0
configure:4425: result: yes
configure:4380: checking for stdint.h
configure:4396: gcc -c -g -O2  conftest.c >&5
configure:4402: $? = 0
configure:4405: test -z 			 || test ! -s conftest.err
configure:4408: $? = 0
configure:4411: test -s conftest.o
configure:4414: $? = 0
configure:4425: result: yes
configure:4380: checking for unistd.h
configure:4396: gcc -c -g -O2  conftest.c >&5
configure:4402: $? = 0
configure:4405: test -z 			 || test ! -s conftest.err
configure:4408: $? = 0
configure:4411: test -s conftest.o
configure:4414: $? = 0
configure:4425: result: yes
configure:4451: checking dlfcn.h usability
configure:4463: gcc -c -g -O2  conftest.c >&5
configure:4469: $? = 0
configure:4472: test -z 			 || test ! -s conftest.err
configure:4475: $? = 0
configure:4478: test -s conftest.o
configure:4481: $? = 0
configure:4491: result: yes
configure:4495: checking dlfcn.h presence
configure:4505: gcc -E  conftest.c
configure:4511: $? = 0
configure:4531: result: yes
configure:4566: checking for dlfcn.h
configure:4573: result: yes
configure:4638: checking for g++
configure:4654: found /usr/bin/g++
configure:4664: result: g++
configure:4680: checking for C++ compiler version
configure:4683: g++ --version </dev/null >&5
g++ (Ubuntu 9.4.0-1ubuntu1~20.04.1) 9.4.0
Copyright (C) 2019 Free Software Foundation, Inc.
This is free software; see the source for copying conditions.  There is NO
warranty; not even for MERCHANTABILITY or FITNESS FOR A PARTICULAR PURPOSE.

configure:4686: $? = 0
configure:4688: g++ -v </dev/null >&5
Using built-in specs.
COLLECT_GCC=g++
COLLECT_LTO_WRAPPER=/usr/lib/gcc/x86_64-linux-gnu/9/lto-wrapper
OFFLOAD_TARGET_NAMES=nvptx-none:hsa
OFFLOAD_TARGET_DEFAULT=1
Target: x86_64-linux-gnu
Configured with: ../src/configure -v --with-pkgversion='Ubuntu 9.4.0-1ubuntu1~20.04.1' --with-bugurl=file:///usr/share/doc/gcc-9/README.Bugs --enable-languages=c,ada,c++,go,brig,d,fortran,objc,obj-c++,gm2 --prefix=/usr --with-gcc-major-version-only --program-suffix=-9 --program-prefix=x86_64-linux-gnu- --enable-shared --enable-linker-build-id --libexecdir=/usr/lib --without-included-gettext --enable-threads=posix --libdir=/usr/lib --enable-nls --enable-clocale=gnu --enable-libstdcxx-debug --enable-libstdcxx-time=yes --with-default-libstdcxx-abi=new --enable-gnu-unique-object --disable-vtable-verify --enable-plugin --enable-default-pie --with-system-zlib --with-target-system-zlib=auto --enable-objc-gc=auto --enable-multiarch --disable-werror --with-arch-32=i686 --with-abi=m64 --with-multilib-list=m32,m64,mx32 --enable-multilib --with-tune=generic --enable-offload-targets=nvptx-none=/build/gcc-9-Av3uEd/gcc-9-9.4.0/debian/tmp-nvptx/usr,hsa --without-cuda-driver --enable-checking=release --build=x86_64-linux-gnu --host=x86_64-linux-gnu --target=x86_64-linux-gnu
Thread model: posix
gcc version 9.4.0 (Ubuntu 9.4.0-1ubuntu1~20.04.1) 
configure:4691: $? = 0
configure:4693: g++ -V </dev/null >&5
g++: error: unrecognized command line option '-V'
g++: fatal error: no input files
compilation terminated.
configure:4696: $? = 1
configure:4699: checking whether we are using the GNU C++ compiler
configure:4723: g++ -c   conftest.cc >&5
configure:4729: $? = 0
configure:4732: test -z 			 || test ! -s conftest.err
configure:4735: $? = 0
configure:4738: test -s conftest.o
configure:4741: $? = 0
configure:4754: result: yes
configure:4760: checking whether g++ accepts -g
configure:4781: g++ -c -g  conftest.cc >&5
configure:4787: $? = 0
configure:4790: test -z 			 || test ! -s conftest.err
configure:4793: $? = 0
configure:4796: test -s conftest.o
configure:4799: $? = 0
configure:4810: result: yes
configure:4852: g++ -c -g -O2  conftest.cc >&5
configure:4858: $? = 0
configure:4861: test -z 			 || test ! -s conftest.err
configure:4864: $? = 0
configure:4867: test -s conftest.o
configure:4870: $? = 0
configure:4896: g++ -c -g -O2  conftest.cc >&5
conftest.cc: In function 'int main()':
conftest.cc:26:1: error: 'exit' was not declared in this scope
   26 | exit (42);
      | ^~~~
configure:4902: $? = 1
configure: failed program was:
| /* confdefs.h.  */
| 
| #define PACKAGE_NAME "libgraph"
| #define PACKAGE_TARNAME "libgraph"
| #define PACKAGE_VERSION "1.0.2"
| #define PACKAGE_STRING "libgraph 1.0.2"
| #define PACKAGE_BUGREPORT "faraz_ms@rediffmail.com"
| #define PACKAGE "libgraph"
| #define VERSION "1.0.2"
| #define STDC_HEADERS 1
| #define HAVE_SYS_TYPES_H 1
| #define HAVE_SYS_STAT_H 1
| #define HAVE_STDLIB_H 1
| #define HAVE_STRING_H 1
| #define HAVE_MEMORY_H 1
| #define HAVE_STRINGS_H 1
| #define HAVE_INTTYPES_H 1
| #define HAVE_STDINT_H 1
| #define HAVE_UNISTD_H 1
| #define HAVE_DLFCN_H 1
| /* end confdefs.h.  */
| 
| int
| main ()
| {
| exit (42);
|   ;
|   return 0;
| }
configure:4852: g++ -c -g -O2  conftest.cc >&5
configure:4858: $? = 0
configure:4861: test -z 			 || test ! -s conftest.err
configure:4864: $? = 0
configure:4867: test -s conftest.o
configure:4870: $? = 0
configure:4896: g++ -c -g -O2  conftest.cc >&5
configure:4902: $? = 0
configure:4905: test -z 			 || test ! -s conftest.err
configure:4908: $? = 0
configure:4911: test -s conftest.o
configure:4914: $? = 0
configure:4939: checking dependency style of g++
configure:5029: result: gcc3
configure:5051: checking how to run the C++ preprocessor
configure:5082: g++ -E  conftest.cc
configure:5088: $? = 0
configure:5120: g++ -E  conftest.cc
conftest.cc:25:10: fatal error: ac_nonexistent.h: No such file or directory
   25 | #include <ac_nonexistent.h>
      |          ^~~~~~~~~~~~~~~~~~
compilation terminated.
configure:5126: $? = 1
configure: failed program was:
| /* confdefs.h.  */
| 
| #define PACKAGE_NAME "libgraph"
| #define PACKAGE_TARNAME "libgraph"
| #define PACKAGE_VERSION "1.0.2"
| #define PACKAGE_STRING "libgraph 1.0.2"
| #define PACKAGE_BUGREPORT "faraz_ms@rediffmail.com"
| #define PACKAGE "libgraph"
| #define VERSION "1.0.2"
| #define STDC_HEADERS 1
| #define HAVE_SYS_TYPES_H 1
| #define HAVE_SYS_STAT_H 1
| #define HAVE_STDLIB_H 1
| #define HAVE_STRING_H 1
| #define HAVE_MEMORY_H 1
| #define HAVE_STRINGS_H 1
| #define HAVE_INTTYPES_H 1
| #define HAVE_STDINT_H 1
| #define HAVE_UNISTD_H 1
| #define HAVE_DLFCN_H 1
| #ifdef __cplusplus
| extern "C" void std::exit (int) throw (); using std::exit;
| #endif
| /* end confdefs.h.  */
| #include <ac_nonexistent.h>
configure:5165: result: g++ -E
configure:5189: g++ -E  conftest.cc
configure:5195: $? = 0
configure:5227: g++ -E  conftest.cc
conftest.cc:25:10: fatal error: ac_nonexistent.h: No such file or directory
   25 | #include <ac_nonexistent.h>
      |          ^~~~~~~~~~~~~~~~~~
compilation terminated.
configure:5233: $? = 1
configure: failed program was:
| /* confdefs.h.  */
| 
| #define PACKAGE_NAME "libgraph"
| #define PACKAGE_TARNAME "libgraph"
| #define PACKAGE_VERSION "1.0.2"
| #define PACKAGE_STRING "libgraph 1.0.2"
| #define PACKAGE_BUGREPORT "faraz_ms@rediffmail.com"
| #define PACKAGE "libgraph"
| #define VERSION "1.0.2"
| #define STDC_HEADERS 1
| #define HAVE_SYS_TYPES_H 1
| #define HAVE_SYS_STAT_H 1
| #define HAVE_STDLIB_H 1
| #define HAVE_STRING_H 1
| #define HAVE_MEMORY_H 1
| #define HAVE_STRINGS_H 1
| #define HAVE_INTTYPES_H 1
| #define HAVE_STDINT_H 1
| #define HAVE_UNISTD_H 1
| #define HAVE_DLFCN_H 1
| #ifdef __cplusplus
| extern "C" void std::exit (int) throw (); using std::exit;
| #endif
| /* end confdefs.h.  */
| #include <ac_nonexistent.h>
configure:5328: checking for g77
configure:5357: result: no
configure:5328: checking for f77
configure:5357: result: no
configure:5328: checking for xlf
configure:5357: result: no
configure:5328: checking for frt
configure:5357: result: no
configure:5328: checking for pgf77
configure:5357: result: no
configure:5328: checking for fort77
configure:5357: result: no
configure:5328: checking for fl32
configure:5357: result: no
configure:5328: checking for af77
configure:5357: result: no
configure:5328: checking for f90
configure:5357: result: no
configure:5328: checking for xlf90
configure:5357: result: no
configure:5328: checking for pgf90
configure:5357: result: no
configure:5328: checking for epcf90
configure:5357: result: no
configure:5328: checking for f95
configure:5357: result: no
configure:5328: checking for fort
configure:5357: result: no
configure:5328: checking for xlf95
configure:5357: result: no
configure:5328: checking for ifc
configure:5357: result: no
configure:5328: checking for efc
configure:5357: result: no
configure:5328: checking for pgf95
configure:5357: result: no
configure:5328: checking for lf95
configure:5357: result: no
configure:5328: checking for gfortran
configure:5357: result: no
configure:5371: checking for Fortran 77 compiler version
configure:5372:  --version </dev/null >&5
./configure: line 5373: --version: command not found
configure:5375: $? = 127
configure:5377:  -v </dev/null >&5
./configure: line 5378: -v: command not found
configure:5380: $? = 127
configure:5382:  -V </dev/null >&5
./configure: line 5383: -V: command not found
configure:5385: $? = 127
configure:5393: checking whether we are using the GNU Fortran 77 compiler
configure:5407:  -c  conftest.F >&5
./configure: line 5408: -c: command not found
configure:5413: $? = 127
configure: failed program was:
|       program main
| #ifndef __GNUC__
|        choke me
| #endif
| 
|       end
configure:5438: result: no
configure:5444: checking whether  accepts -g
configure:5456:  -c -g conftest.f >&5
./configure: line 5457: -c: command not found
configure:5462: $? = 127
configure: failed program was:
|       program main
| 
|       end
configure:5486: result: no
configure:5516: checking the maximum length of command line arguments
configure:5581: result: 32768
configure:5592: checking command to parse /usr/bin/nm -B output from gcc object
configure:5681: gcc -c -g -O2  conftest.c >&5
configure:5684: $? = 0
configure:5688: /usr/bin/nm -B conftest.o \| sed -n -e 's/^.*[ 	]\([ABCDGIRSTW][ABCDGIRSTW]*\)[ 	][ 	]*\(\)\([_A-Za-z][_A-Za-z0-9]*\)$/\1 \2\3 \3/p' \> conftest.nm
configure:5691: $? = 0
configure:5743: gcc -o conftest -g -O2   conftest.c conftstm.o >&5
configure:5746: $? = 0
configure:5784: result: ok
configure:5788: checking for objdir
configure:5803: result: .libs
configure:5893: checking for ar
configure:5909: found /usr/bin/ar
configure:5920: result: ar
configure:5973: checking for ranlib
configure:5989: found /usr/bin/ranlib
configure:6000: result: ranlib
configure:6053: checking for strip
configure:6069: found /usr/bin/strip
configure:6080: result: strip
configure:6342: checking if gcc static flag  works
configure:6365: result: yes
configure:6383: checking if gcc supports -fno-rtti -fno-exceptions
configure:6403: gcc -c -g -O2  -fno-rtti -fno-exceptions conftest.c >&5
cc1: warning: command line option '-fno-rtti' is valid for C++/D/ObjC++ but not for C
configure:6407: $? = 0
configure:6416: result: no
configure:6408: checking for gcc option to produce PIC
configure:6585: result: -fPIC
configure:6593: checking if gcc PIC flag -fPIC works
configure:6636: gcc -c -g -O2  -fPIC -DPIC conftest.c >&5
configure:6640: $? = 0
configure:6626: result: yes
configure:6623: checking if gcc supports -c -o file.o
configure:6696: gcc -c -g -O2  -o out/conftest2.o conftest.c >&5
configure:6700: $? = 0
configure:6646: result: yes
configure:6672: checking whether the gcc linker (/usr/bin/ld -m elf_x86_64) supports shared libraries
configure:7519: result: yes
configure:7545: checking whether -lc should be explicitly linked in
configure:7550: gcc -c -g -O2  conftest.c >&5
configure:7553: $? = 0
configure:7567: gcc -shared conftest.o  -v -Wl,-soname -Wl,conftest -o conftest 2\>\&1 \| grep  -lc  \>/dev/null 2\>\&1
configure:7570: $? = 0
configure:7582: result: no
configure:7590: checking dynamic linker characteristics
configure:8142: result: GNU/Linux ld.so
configure:8146: checking how to hardcode library paths into programs
configure:8171: result: immediate
configure:8185: checking whether stripping libraries is possible
configure:8190: result: yes
configure:9013: checking if libtool supports shared libraries
configure:9015: result: yes
configure:9018: checking whether to build shared libraries
configure:9076: result: yes
configure:9079: checking whether to build static libraries
configure:9083: result: yes
configure:9175: creating libtool
configure:9722: checking for ld used by g++
configure:9789: result: /usr/bin/ld -m elf_x86_64
configure:9798: checking if the linker (/usr/bin/ld -m elf_x86_64) is GNU ld
configure:9813: result: yes
configure:9864: checking whether the g++ linker (/usr/bin/ld -m elf_x86_64) supports shared libraries
configure:10690: result: yes
configure:10708: g++ -c -g -O2  conftest.cc >&5
configure:10711: $? = 0
configure:10807: checking for g++ option to produce PIC
configure:11059: result: -fPIC
configure:11067: checking if g++ PIC flag -fPIC works
configure:11159: g++ -c -g -O2  -fPIC -DPIC conftest.cc >&5
configure:11163: $? = 0
configure:11100: result: yes
configure:11124: checking if g++ supports -c -o file.o
configure:11219: g++ -c -g -O2  -o out/conftest2.o conftest.cc >&5
configure:11223: $? = 0
configure:11169: result: yes
configure:11195: checking whether the g++ linker (/usr/bin/ld -m elf_x86_64) supports shared libraries
configure:11223: result: yes
configure:11294: checking dynamic linker characteristics
configure:11846: result: GNU/Linux ld.so
configure:11850: checking how to hardcode library paths into programs
configure:11875: result: immediate
configure:11889: checking whether stripping libraries is possible
configure:11894: result: yes
configure:19141: checking for gawk
configure:19167: result: gawk
configure:19221: checking for sdl-config
configure:19239: found /usr/bin/sdl-config
configure:19252: result: /usr/bin/sdl-config
configure:19260: checking for SDL - version >= 1.2.0
configure:19352: gcc -o conftest -g -O2 -I/usr/include/SDL -D_GNU_SOURCE=1 -D_REENTRANT   conftest.c  -L/usr/lib/x86_64-linux-gnu -lSDL >&5
configure:19355: $? = 0
configure:19357: ./conftest
configure:19360: $? = 0
configure:19378: result: yes
configure:19480: checking SDL  ==>  SDL_image library
configure:19504: result: SDL_image = yes
configure:19584: checking for rint in -lm
configure:19614: gcc -o conftest -g -O2 -I/usr/include/SDL -D_GNU_SOURCE=1 -D_REENTRANT   conftest.c -lm  -lSDL_image -L/usr/lib/x86_64-linux-gnu -lSDL  >&5
conftest.c:32:6: warning: conflicting types for built-in function 'rint'; expected 'double(double)' [-Wbuiltin-declaration-mismatch]
   32 | char rint ();
      |      ^~~~
conftest.c:1:1: note: 'rint' is declared in header '<math.h>'
    1 | /* confdefs.h.  */
configure:19620: $? = 0
configure:19623: test -z 			 || test ! -s conftest.err
configure:19626: $? = 0
configure:19629: test -s conftest
configure:19632: $? = 0
configure:19645: result: yes
configure:19658: checking for ANSI C header files
configure:19813: result: yes
configure:19841: checking fcntl.h usability
configure:19853: gcc -c -g -O2 -I/usr/include/SDL -D_GNU_SOURCE=1 -D_REENTRANT  conftest.c >&5
configure:19859: $? = 0
configure:19862: test -z 			 || test ! -s conftest.err
configure:19865: $? = 0
configure:19868: test -s conftest.o
configure:19871: $? = 0
configure:19881: result: yes
configure:19885: checking fcntl.h presence
configure:19895: gcc -E  conftest.c
configure:19901: $? = 0
configure:19921: result: yes
configure:19956: checking for fcntl.h
configure:19963: result: yes
configure:19832: checking for stdlib.h
configure:19837: result: yes
configure:19832: checking for string.h
configure:19837: result: yes
configure:19841: checking termios.h usability
configure:19853: gcc -c -g -O2 -I/usr/include/SDL -D_GNU_SOURCE=1 -D_REENTRANT  conftest.c >&5
configure:19859: $? = 0
configure:19862: test -z 			 || test ! -s conftest.err
configure:19865: $? = 0
configure:19868: test -s conftest.o
configure:19871: $? = 0
configure:19881: result: yes
configure:19885: checking termios.h presence
configure:19895: gcc -E  conftest.c
configure:19901: $? = 0
configure:19921: result: yes
configure:19956: checking for termios.h
configure:19963: result: yes
configure:19832: checking for unistd.h
configure:19837: result: yes
configure:19978: checking for an ANSI C-conforming const
configure:20045: gcc -c -g -O2 -I/usr/include/SDL -D_GNU_SOURCE=1 -D_REENTRANT  conftest.c >&5
configure:20051: $? = 0
configure:20054: test -z 			 || test ! -s conftest.err
configure:20057: $? = 0
configure:20060: test -s conftest.o
configure:20063: $? = 0
configure:20074: result: yes
configure:20084: checking for pid_t
configure:20108: gcc -c -g -O2 -I/usr/include/SDL -D_GNU_SOURCE=1 -D_REENTRANT  conftest.c >&5
configure:20114: $? = 0
configure:20117: test -z 			 || test ! -s conftest.err
configure:20120: $? = 0
configure:20123: test -s conftest.o
configure:20126: $? = 0
configure:20137: result: yes
configure:20157: checking for unistd.h
configure:20162: result: yes
configure:20166: checking vfork.h usability
configure:20178: gcc -c -g -O2 -I/usr/include/SDL -D_GNU_SOURCE=1 -D_REENTRANT  conftest.c >&5
conftest.c:67:10: fatal error: vfork.h: No such file or directory
   67 | #include <vfork.h>
      |          ^~~~~~~~~
compilation terminated.
configure:20184: $? = 1
configure: failed program was:
| /* confdefs.h.  */
| 
| #define PACKAGE_NAME "libgraph"
| #define PACKAGE_TARNAME "libgraph"
| #define PACKAGE_VERSION "1.0.2"
| #define PACKAGE_STRING "libgraph 1.0.2"
| #define PACKAGE_BUGREPORT "faraz_ms@rediffmail.com"
| #define PACKAGE "libgraph"
| #define VERSION "1.0.2"
| #define STDC_HEADERS 1
| #define HAVE_SYS_TYPES_H 1
| #define HAVE_SYS_STAT_H 1
| #define HAVE_STDLIB_H 1
| #define HAVE_STRING_H 1
| #define HAVE_MEMORY_H 1
| #define HAVE_STRINGS_H 1
| #define HAVE_INTTYPES_H 1
| #define HAVE_STDINT_H 1
| #define HAVE_UNISTD_H 1
| #define HAVE_DLFCN_H 1
| #ifdef __cplusplus
| extern "C" void std::exit (int) throw (); using std::exit;
| #endif
| #define HAVE_LIBM 1
| #define STDC_HEADERS 1
| #define HAVE_FCNTL_H 1
| #define HAVE_STDLIB_H 1
| #define HAVE_STRING_H 1
| #define HAVE_TERMIOS_H 1
| #define HAVE_UNISTD_H 1
| #define HAVE_UNISTD_H 1
| /* end confdefs.h.  */
| #include <stdio.h>
| #if HAVE_SYS_TYPES_H
| # include <sys/types.h>
| #endif
| #if HAVE_SYS_STAT_H
| # include <sys/stat.h>
| #endif
| #if STDC_HEADERS
| # include <stdlib.h>
| # include <stddef.h>
| #else
| # if HAVE_STDLIB_H
| #  include <stdlib.h>
| # endif
| #endif
| #if HAVE_STRING_H
| # if !STDC_HEADERS && HAVE_MEMORY_H
| #  include <memory.h>
| # endif
| # include <string.h>
| #endif
| #if HAVE_STRINGS_H
| # include <strings.h>
| #endif
| #if HAVE_INTTYPES_H
| # include <inttypes.h>
| #else
| # if HAVE_STDINT_H
| #  include <stdint.h>
| # endif
| #endif
| #if HAVE_UNISTD_H
| # include <unistd.h>
| #endif
| #include <vfork.h>
configure:20206: result: no
configure:20210: checking vfork.h presence
configure:20220: gcc -E  conftest.c
conftest.c:33:10: fatal error: vfork.h: No such file or directory
   33 | #include <vfork.h>
      |          ^~~~~~~~~
compilation terminated.
configure:20226: $? = 1
configure: failed program was:
| /* confdefs.h.  */
| 
| #define PACKAGE_NAME "libgraph"
| #define PACKAGE_TARNAME "libgraph"
| #define PACKAGE_VERSION "1.0.2"
| #define PACKAGE_STRING "libgraph 1.0.2"
| #define PACKAGE_BUGREPORT "faraz_ms@rediffmail.com"
| #define PACKAGE "libgraph"
| #define VERSION "1.0.2"
| #define STDC_HEADERS 1
| #define HAVE_SYS_TYPES_H 1
| #define HAVE_SYS_STAT_H 1
| #define HAVE_STDLIB_H 1
| #define HAVE_STRING_H 1
| #define HAVE_MEMORY_H 1
| #define HAVE_STRINGS_H 1
| #define HAVE_INTTYPES_H 1
| #define HAVE_STDINT_H 1
| #define HAVE_UNISTD_H 1
| #define HAVE_DLFCN_H 1
| #ifdef __cplusplus
| extern "C" void std::exit (int) throw (); using std::exit;
| #endif
| #define HAVE_LIBM 1
| #define STDC_HEADERS 1
| #define HAVE_FCNTL_H 1
| #define HAVE_STDLIB_H 1
| #define HAVE_STRING_H 1
| #define HAVE_TERMIOS_H 1
| #define HAVE_UNISTD_H 1
| #define HAVE_UNISTD_H 1
| /* end confdefs.h.  */
| #include <vfork.h>
configure:20246: result: no
configure:20281: checking for vfork.h
configure:20288: result: no
configure:20306: checking for fork
configure:20363: gcc -o conftest -g -O2 -I/usr/include/SDL -D_GNU_SOURCE=1 -D_REENTRANT   conftest.c -lm -lSDL_image -L/usr/lib/x86_64-linux-gnu -lSDL  >&5
conftest.c:57:6: warning: conflicting types for built-in function 'fork'; expected 'int(void)' [-Wbuiltin-declaration-mismatch]
   57 | char fork ();
      |      ^~~~
configure:20369: $? = 0
configure:20372: test -z 			 || test ! -s conftest.err
configure:20375: $? = 0
configure:20378: test -s conftest
configure:20381: $? = 0
configure:20393: result: yes
configure:20306: checking for vfork
configure:20363: gcc -o conftest -g -O2 -I/usr/include/SDL -D_GNU_SOURCE=1 -D_REENTRANT   conftest.c -lm -lSDL_image -L/usr/lib/x86_64-linux-gnu -lSDL  >&5
configure:20369: $? = 0
configure:20372: test -z 			 || test ! -s conftest.err
configure:20375: $? = 0
configure:20378: test -s conftest
configure:20381: $? = 0
configure:20393: result: yes
configure:20404: checking for working fork
configure:20433: gcc -o conftest -g -O2 -I/usr/include/SDL -D_GNU_SOURCE=1 -D_REENTRANT   conftest.c -lm -lSDL_image -L/usr/lib/x86_64-linux-gnu -lSDL  >&5
configure:20436: $? = 0
configure:20438: ./conftest
configure:20441: $? = 0
configure:20455: result: yes
configure:20476: checking for working vfork
configure:20609: result: yes
configure:20645: checking for stdlib.h
configure:20650: result: yes
configure:20789: checking for GNU libc compatible malloc
configure:20818: gcc -o conftest -g -O2 -I/usr/include/SDL -D_GNU_SOURCE=1 -D_REENTRANT   conftest.c -lm -lSDL_image -L/usr/lib/x86_64-linux-gnu -lSDL  >&5
configure:20821: $? = 0
configure:20823: ./conftest
configure:20826: $? = 0
configure:20840: result: yes
configure:20870: checking return type of signal handlers
configure:20901: gcc -c -g -O2 -I/usr/include/SDL -D_GNU_SOURCE=1 -D_REENTRANT  conftest.c >&5
configure:20907: $? = 0
configure:20910: test -z 			 || test ! -s conftest.err
configure:20913: $? = 0
configure:20916: test -s conftest.o
configure:20919: $? = 0
configure:20930: result: void
configure:20942: checking for vprintf
configure:20999: gcc -o conftest -g -O2 -I/usr/include/SDL -D_GNU_SOURCE=1 -D_REENTRANT   conftest.c -lm -lSDL_image -L/usr/lib/x86_64-linux-gnu -lSDL  >&5
conftest.c:64:6: warning: conflicting types for built-in function 'vprintf'; expected 'int(const char *, __va_list_tag *)' [-Wbuiltin-declaration-mismatch]
   64 | char vprintf ();
      |      ^~~~~~~
conftest.c:51:1: note: 'vprintf' is declared in header '<stdio.h>'
   50 | # include <limits.h>
   51 | #else
configure:21005: $? = 0
configure:21008: test -z 			 || test ! -s conftest.err
configure:21011: $? = 0
configure:21014: test -s conftest
configure:21017: $? = 0
configure:21029: result: yes
configure:21036: checking for _doprnt
configure:21093: gcc -o conftest -g -O2 -I/usr/include/SDL -D_GNU_SOURCE=1 -D_REENTRANT   conftest.c -lm -lSDL_image -L/usr/lib/x86_64-linux-gnu -lSDL  >&5
/usr/bin/ld: /tmp/ccaaPkOE.o: in function `main':
/home/otto/libgraph-1.0.2/conftest.c:81: undefined reference to `_doprnt'
/usr/bin/ld: /tmp/ccaaPkOE.o:/home/otto/libgraph-1.0.2/conftest.c:72: undefined reference to `_doprnt'
collect2: error: ld returned 1 exit status
configure:21099: $? = 1
configure: failed program was:
| /* confdefs.h.  */
| 
| #define PACKAGE_NAME "libgraph"
| #define PACKAGE_TARNAME "libgraph"
| #define PACKAGE_VERSION "1.0.2"
| #define PACKAGE_STRING "libgraph 1.0.2"
| #define PACKAGE_BUGREPORT "faraz_ms@rediffmail.com"
| #define PACKAGE "libgraph"
| #define VERSION "1.0.2"
| #define STDC_HEADERS 1
| #define HAVE_SYS_TYPES_H 1
| #define HAVE_SYS_STAT_H 1
| #define HAVE_STDLIB_H 1
| #define HAVE_STRING_H 1
| #define HAVE_MEMORY_H 1
| #define HAVE_STRINGS_H 1
| #define HAVE_INTTYPES_H 1
| #define HAVE_STDINT_H 1
| #define HAVE_UNISTD_H 1
| #define HAVE_DLFCN_H 1
| #ifdef __cplusplus
| extern "C" void std::exit (int) throw (); using std::exit;
| #endif
| #define HAVE_LIBM 1
| #define STDC_HEADERS 1
| #define HAVE_FCNTL_H 1
| #define HAVE_STDLIB_H 1
| #define HAVE_STRING_H 1
| #define HAVE_TERMIOS_H 1
| #define HAVE_UNISTD_H 1
| #define HAVE_UNISTD_H 1
| #define HAVE_FORK 1
| #define HAVE_VFORK 1
| #define HAVE_WORKING_VFORK 1
| #define HAVE_WORKING_FORK 1
| #define HAVE_STDLIB_H 1
| #define HAVE_MALLOC 1
| #define RETSIGTYPE void
| #define HAVE_VPRINTF 1
| /* end confdefs.h.  */
| /* Define _doprnt to an innocuous variant, in case <limits.h> declares _doprnt.
|    For example, HP-UX 11i <limits.h> declares gettimeofday.  */
| #define _doprnt innocuous__doprnt
| 
| /* System header to define __stub macros and hopefully few prototypes,
|     which can conflict with char _doprnt (); below.
|     Prefer <limits.h> to <assert.h> if __STDC__ is defined, since
|     <limits.h> exists even on freestanding compilers.  */
| 
| #ifdef __STDC__
| # include <limits.h>
| #else
| # include <assert.h>
| #endif
| 
| #undef _doprnt
| 
| /* Override any gcc2 internal prototype to avoid an error.  */
| #ifdef __cplusplus
| extern "C"
| {
| #endif
| /* We use char because int might match the return type of a gcc2
|    builtin and then its argument prototype would still apply.  */
| char _doprnt ();
| /* The GNU C library defines this for functions which it implements
|     to always fail with ENOSYS.  Some functions are actually named
|     something starting with __ and the normal name is an alias.  */
| #if defined (__stub__doprnt) || defined (__stub____doprnt)
| choke me
| #else
| char (*f) () = _doprnt;
| #endif
| #ifdef __cplusplus
| }
| #endif
| 
| int
| main ()
| {
| return f != _doprnt;
|   ;
|   return 0;
| }
configure:21123: result: no
configure:21144: checking for atexit
configure:21201: gcc -o conftest -g -O2 -I/usr/include/SDL -D_GNU_SOURCE=1 -D_REENTRANT   conftest.c -lm -lSDL_image -L/usr/lib/x86_64-linux-gnu -lSDL  >&5
configure:21207: $? = 0
configure:21210: test -z 			 || test ! -s conftest.err
configure:21213: $? = 0
configure:21216: test -s conftest
configure:21219: $? = 0
configure:21231: result: yes
configure:21144: checking for putenv
configure:21201: gcc -o conftest -g -O2 -I/usr/include/SDL -D_GNU_SOURCE=1 -D_REENTRANT   conftest.c -lm -lSDL_image -L/usr/lib/x86_64-linux-gnu -lSDL  >&5
configure:21207: $? = 0
configure:21210: test -z 			 || test ! -s conftest.err
configure:21213: $? = 0
configure:21216: test -s conftest
configure:21219: $? = 0
configure:21231: result: yes
configure:21144: checking for rint
configure:21201: gcc -o conftest -g -O2 -I/usr/include/SDL -D_GNU_SOURCE=1 -D_REENTRANT   conftest.c -lm -lSDL_image -L/usr/lib/x86_64-linux-gnu -lSDL  >&5
conftest.c:67:6: warning: conflicting types for built-in function 'rint'; expected 'double(double)' [-Wbuiltin-declaration-mismatch]
   67 | char rint ();
      |      ^~~~
conftest.c:54:1: note: 'rint' is declared in header '<math.h>'
   53 | # include <limits.h>
   54 | #else
configure:21207: $? = 0
configure:21210: test -z 			 || test ! -s conftest.err
configure:21213: $? = 0
configure:21216: test -s conftest
configure:21219: $? = 0
configure:21231: result: yes
configure:21144: checking for strdup
configure:21201: gcc -o conftest -g -O2 -I/usr/include/SDL -D_GNU_SOURCE=1 -D_REENTRANT   conftest.c -lm -lSDL_image -L/usr/lib/x86_64-linux-gnu -lSDL  >&5
conftest.c:68:6: warning: conflicting types for built-in function 'strdup'; expected 'char *(const char *)' [-Wbuiltin-declaration-mismatch]
   68 | char strdup ();
      |      ^~~~~~
configure:21207: $? = 0
configure:21210: test -z 			 || test ! -s conftest.err
configure:21213: $? = 0
configure:21216: test -s conftest
configure:21219: $? = 0
configure:21231: result: yes
configure:21380: creating ./config.status

## ---------------------- ##
## Running config.status. ##
## ---------------------- ##

This file was extended by libgraph config.status 1.0.2, which was
generated by GNU Autoconf 2.59.  Invocation command line was

  CONFIG_FILES    = 
  CONFIG_HEADERS  = 
  CONFIG_LINKS    = 
  CONFIG_COMMANDS = 
  $ ./config.status 

on otto-Lenovo-G50-30

config.status:756: creating doc/Makefile
config.status:756: creating doc/man/Makefile
config.status:756: creating Makefile
config.status:822: creating config.h
config.status:968: config.h is unchanged
config.status:1148: executing depfiles commands

## ---------------- ##
## Cache variables. ##
## ---------------- ##

ac_cv_build=x86_64-unknown-linux-gnu
ac_cv_build_alias=x86_64-unknown-linux-gnu
ac_cv_c_compiler_gnu=yes
ac_cv_c_const=yes
ac_cv_cxx_compiler_gnu=yes
ac_cv_env_CC_set=
ac_cv_env_CC_value=
ac_cv_env_CFLAGS_set=
ac_cv_env_CFLAGS_value=
ac_cv_env_CPPFLAGS_set=
ac_cv_env_CPPFLAGS_value=
ac_cv_env_CPP_set=
ac_cv_env_CPP_value=
ac_cv_env_CXXCPP_set=
ac_cv_env_CXXCPP_value=
ac_cv_env_CXXFLAGS_set=
ac_cv_env_CXXFLAGS_value=
ac_cv_env_CXX_set=
ac_cv_env_CXX_value=
ac_cv_env_F77_set=
ac_cv_env_F77_value=
ac_cv_env_FFLAGS_set=
ac_cv_env_FFLAGS_value=
ac_cv_env_LDFLAGS_set=
ac_cv_env_LDFLAGS_value=
ac_cv_env_build_alias_set=
ac_cv_env_build_alias_value=
ac_cv_env_host_alias_set=
ac_cv_env_host_alias_value=
ac_cv_env_target_alias_set=
ac_cv_env_target_alias_value=
ac_cv_exeext=
ac_cv_f77_compiler_gnu=no
ac_cv_func__doprnt=no
ac_cv_func_atexit=yes
ac_cv_func_fork=yes
ac_cv_func_fork_works=yes
ac_cv_func_malloc_0_nonnull=yes
ac_cv_func_putenv=yes
ac_cv_func_rint=yes
ac_cv_func_strdup=yes
ac_cv_func_vfork=yes
ac_cv_func_vfork_works=yes
ac_cv_func_vprintf=yes
ac_cv_header_dlfcn_h=yes
ac_cv_header_fcntl_h=yes
ac_cv_header_inttypes_h=yes
ac_cv_header_memory_h=yes
ac_cv_header_stdc=yes
ac_cv_header_stdint_h=yes
ac_cv_header_stdlib_h=yes
ac_cv_header_string_h=yes
ac_cv_header_strings_h=yes
ac_cv_header_sys_stat_h=yes
ac_cv_header_sys_types_h=yes
ac_cv_header_termios_h=yes
ac_cv_header_unistd_h=yes
ac_cv_header_vfork_h=no
ac_cv_host=x86_64-unknown-linux-gnu
ac_cv_host_alias=x86_64-unknown-linux-gnu
ac_cv_lib_m_rint=yes
ac_cv_objext=o
ac_cv_path_SDL_CONFIG=/usr/bin/sdl-config
ac_cv_path_install='/usr/bin/install -c'
ac_cv_prog_AWK=gawk
ac_cv_prog_CPP='gcc -E'
ac_cv_prog_CXXCPP='g++ -E'
ac_cv_prog_ac_ct_AR=ar
ac_cv_prog_ac_ct_CC=gcc
ac_cv_prog_ac_ct_CXX=g++
ac_cv_prog_ac_ct_RANLIB=ranlib
ac_cv_prog_ac_ct_STRIP=strip
ac_cv_prog_cc_g=yes
ac_cv_prog_cc_stdc=
ac_cv_prog_cxx_g=yes
ac_cv_prog_egrep='grep -E'
ac_cv_prog_f77_g=no
ac_cv_prog_make_make_set=yes
ac_cv_target=x86_64-unknown-linux-gnu
ac_cv_target_alias=x86_64-unknown-linux-gnu
ac_cv_type_pid_t=yes
ac_cv_type_signal=void
am_cv_CC_dependencies_compiler_type=gcc3
am_cv_CXX_dependencies_compiler_type=gcc3
lt_cv_deplibs_check_method=pass_all
lt_cv_file_magic_cmd='$MAGIC_CMD'
lt_cv_file_magic_test_file=
lt_cv_ld_reload_flag=-r
lt_cv_objdir=.libs
lt_cv_path_LD=/usr/bin/ld
lt_cv_path_LDCXX='/usr/bin/ld -m elf_x86_64'
lt_cv_path_NM='/usr/bin/nm -B'
lt_cv_path_SED=/usr/bin/sed
lt_cv_prog_compiler_c_o=yes
lt_cv_prog_compiler_c_o_CXX=yes
lt_cv_prog_compiler_rtti_exceptions=no
lt_cv_prog_gnu_ld=yes
lt_cv_prog_gnu_ldcxx=yes
lt_cv_sys_global_symbol_pipe='sed -n -e '\''s/^.*[ 	]\([ABCDGIRSTW][ABCDGIRSTW]*\)[ 	][ 	]*\(\)\([_A-Za-z][_A-Za-z0-9]*\)$/\1 \2\3 \3/p'\'''
lt_cv_sys_global_symbol_to_c_name_address='sed -n -e '\''s/^: \([^ ]*\) $/  {\"\1\", (lt_ptr) 0},/p'\'' -e '\''s/^[BCDEGRST] \([^ ]*\) \([^ ]*\)$/  {"\2", (lt_ptr) \&\2},/p'\'''
lt_cv_sys_global_symbol_to_cdecl='sed -n -e '\''s/^. .* \(.*\)$/extern int \1;/p'\'''
lt_cv_sys_max_cmd_len=32768
lt_lt_cv_prog_compiler_c_o='"yes"'
lt_lt_cv_prog_compiler_c_o_CXX='"yes"'
lt_lt_cv_sys_global_symbol_pipe='"sed -n -e '\''s/^.*[ 	]\\([ABCDGIRSTW][ABCDGIRSTW]*\\)[ 	][ 	]*\\(\\)\\([_A-Za-z][_A-Za-z0-9]*\\)\$/\\1 \\2\\3 \\3/p'\''"'
lt_lt_cv_sys_global_symbol_to_c_name_address='"sed -n -e '\''s/^: \\([^ ]*\\) \$/  {\\\"\\1\\\", (lt_ptr) 0},/p'\'' -e '\''s/^[BCDEGRST] \\([^ ]*\\) \\([^ ]*\\)\$/  {\"\\2\", (lt_ptr) \\&\\2},/p'\''"'
lt_lt_cv_sys_global_symbol_to_cdecl='"sed -n -e '\''s/^. .* \\(.*\\)\$/extern int \\1;/p'\''"'

## ----------------- ##
## Output variables. ##
## ----------------- ##

ACLOCAL='${SHELL} /home/otto/libgraph-1.0.2/missing --run aclocal-1.8'
AMDEPBACKSLASH='\'
AMDEP_FALSE='#'
AMDEP_TRUE=''
AMTAR='${SHELL} /home/otto/libgraph-1.0.2/missing --run tar'
AR='ar'
AUTOCONF='${SHELL} /home/otto/libgraph-1.0.2/missing --run autoconf'
AUTOHEADER='${SHELL} /home/otto/libgraph-1.0.2/missing --run autoheader'
AUTOMAKE='${SHELL} /home/otto/libgraph-1.0.2/missing --run automake-1.8'
AWK='gawk'
CC='gcc'
CCDEPMODE='depmode=gcc3'
CFLAGS='-g -O2 -I/usr/include/SDL -D_GNU_SOURCE=1 -D_REENTRANT'
CPP='gcc -E'
CPPFLAGS=''
CXX='g++'
CXXCPP='g++ -E'
CXXDEPMODE='depmode=gcc3'
CXXFLAGS='-g -O2 -I/usr/include/SDL -D_GNU_SOURCE=1 -D_REENTRANT'
CYGPATH_W='echo'
DEFS='-DHAVE_CONFIG_H'
DEPDIR='.deps'
ECHO='echo'
ECHO_C=''
ECHO_N='-n'
ECHO_T=''
EGREP='grep -E'
EXEEXT=''
F77=''
FFLAGS=''
GUILE_CFLAGS=''
GUILE_DATADIR=''
GUILE_FALSE=''
GUILE_LDFLAGS=''
GUILE_TRUE='#'
INSTALL_DATA='${INSTALL} -m 644'
INSTALL_PROGRAM='${INSTALL}'
INSTALL_SCRIPT='${INSTALL}'
INSTALL_STRIP_PROGRAM='${SHELL} $(install_sh) -c -s'
LDFLAGS=''
LIBOBJS=''
LIBS='-lm -lSDL_image -L/usr/lib/x86_64-linux-gnu -lSDL '
LIBTOOL='$(SHELL) $(top_builddir)/libtool'
LN_S='ln -s'
LTLIBOBJS=''
MAINT='#'
MAINTAINER_MODE_FALSE=''
MAINTAINER_MODE_TRUE='#'
MAKEINFO='${SHELL} /home/otto/libgraph-1.0.2/missing --run makeinfo'
OBJEXT='o'
PACKAGE='libgraph'
PACKAGE_BUGREPORT='faraz_ms@rediffmail.com'
PACKAGE_NAME='libgraph'
PACKAGE_STRING='libgraph 1.0.2'
PACKAGE_TARNAME='libgraph'
PACKAGE_VERSION='1.0.2'
PATH_SEPARATOR=':'
PKGCONFIG_FALSE='#'
PKGCONFIG_TRUE=''
RANLIB='ranlib'
SDL_CFLAGS='-I/usr/include/SDL -D_GNU_SOURCE=1 -D_REENTRANT'
SDL_CONFIG='/usr/bin/sdl-config'
SDL_LIBS='-L/usr/lib/x86_64-linux-gnu -lSDL'
SET_MAKE=''
SHELL='/bin/bash'
STRIP='strip'
VERSION='1.0.2'
ac_ct_AR='ar'
ac_ct_CC='gcc'
ac_ct_CXX='g++'
ac_ct_F77=''
ac_ct_RANLIB='ranlib'
ac_ct_STRIP='strip'
am__fastdepCC_FALSE='#'
am__fastdepCC_TRUE=''
am__fastdepCXX_FALSE='#'
am__fastdepCXX_TRUE=''
am__include='include'
am__leading_dot='.'
am__quote=''
bindir='${exec_prefix}/bin'
build='x86_64-unknown-linux-gnu'
build_alias=''
build_cpu='x86_64'
build_os='linux-gnu'
build_vendor='unknown'
datadir='${prefix}/share'
exec_prefix='${prefix}'
host='x86_64-unknown-linux-gnu'
host_alias=''
host_cpu='x86_64'
host_os='linux-gnu'
host_vendor='unknown'
includedir='${prefix}/include'
infodir='${prefix}/info'
install_sh='/home/otto/libgraph-1.0.2/install-sh'
libdir='${exec_prefix}/lib'
libexecdir='${exec_prefix}/libexec'
localstatedir='${prefix}/var'
mandir='${prefix}/man'
mkdir_p='mkdir -p -- .'
oldincludedir='/usr/include'
prefix='/usr/local'
program_transform_name='s,x,x,'
sbindir='${exec_prefix}/sbin'
sharedstatedir='${prefix}/com'
sysconfdir='${prefix}/etc'
target='x86_64-unknown-linux-gnu'
target_alias=''
target_cpu='x86_64'
target_os='linux-gnu'
target_vendor='unknown'

## ----------- ##
## confdefs.h. ##
## ----------- ##

#define HAVE_ATEXIT 1
#define HAVE_DLFCN_H 1
#define HAVE_FCNTL_H 1
#define HAVE_FORK 1
#define HAVE_INTTYPES_H 1
#define HAVE_LIBM 1
#define HAVE_MALLOC 1
#define HAVE_MEMORY_H 1
#define HAVE_PUTENV 1
#define HAVE_RINT 1
#define HAVE_STDINT_H 1
#define HAVE_STDLIB_H 1
#define HAVE_STDLIB_H 1
#define HAVE_STDLIB_H 1
#define HAVE_STRDUP 1
#define HAVE_STRINGS_H 1
#define HAVE_STRING_H 1
#define HAVE_STRING_H 1
#define HAVE_SYS_STAT_H 1
#define HAVE_SYS_TYPES_H 1
#define HAVE_TERMIOS_H 1
#define HAVE_UNISTD_H 1
#define HAVE_UNISTD_H 1
#define HAVE_UNISTD_H 1
#define HAVE_VFORK 1
#define HAVE_VPRINTF 1
#define HAVE_WORKING_FORK 1
#define HAVE_WORKING_VFORK 1
#define PACKAGE "libgraph"
#define PACKAGE_BUGREPORT "faraz_ms@rediffmail.com"
#define PACKAGE_NAME "libgraph"
#define PACKAGE_STRING "libgraph 1.0.2"
#define PACKAGE_TARNAME "libgraph"
#define PACKAGE_VERSION "1.0.2"
#define RETSIGTYPE void
#define STDC_HEADERS 1
#define STDC_HEADERS 1
#define VERSION "1.0.2"
#endif
#ifdef __cplusplus
extern "C" void std::exit (int) throw (); using std::exit;

configure: exit 0
