This is ApacheBench, Version 2.3 <$Revision: 1903618 $>
Copyright 1996 Adam Twiss, Zeus Technology Ltd, http://www.zeustech.net/
Licensed to The Apache Software Foundation, http://www.apache.org/

Benchmarking nginx (be patient)


Server Software:        nginx/1.25.3
Server Hostname:        nginx
Server Port:            80

Document Path:          /
Document Length:        174 bytes

Concurrency Level:      3000
Time taken for tests:   15.353 seconds
Complete requests:      30000
Failed requests:        0
Total transferred:      9990000 bytes
HTML transferred:       5220000 bytes
Requests per second:    1953.96 [#/sec] (mean)
Time per request:       1535.347 [ms] (mean)
Time per request:       0.512 [ms] (mean, across all concurrent requests)
Transfer rate:          635.42 [Kbytes/sec] received

Connection Times (ms)
              min  mean[+/-sd] median   max
Connect:        0  150 473.9      0    3051
Processing:    89  611 1975.7    105   13555
Waiting:        1  611 1975.7    104   13554
Total:         89  761 2256.5    105   14585

Percentage of the requests served within a certain time (ms)
  50%    105
  66%    111
  75%    117
  80%    407
  90%    748
  95%   6403
  98%   8008
  99%  14521
 100%  14585 (longest request)
