00:00:00.892377 VirtualBox VM 6.1.38_Ubuntu r153438 linux.amd64 (Sep  7 2022 11:18:57) release log
00:00:00.892378 Log opened 2023-02-25T14:17:51.511998000Z
00:00:00.892379 Build Type: release
00:00:00.892381 OS Product: Linux
00:00:00.892382 OS Release: 5.19.0-32-generic
00:00:00.892382 OS Version: #33~22.04.1-Ubuntu SMP PREEMPT_DYNAMIC Mon Jan 30 17:03:34 UTC 2
00:00:00.892401 DMI Product Name: 81YQ
00:00:00.892406 DMI Product Version: IdeaPad 5 15ARE05
00:00:00.892411 Firmware type: UEFI
00:00:00.892641 Secure Boot: Disabled
00:00:00.892672 Host RAM: 7304MB (7.1GB) total, 3131MB (3.0GB) available
00:00:00.892674 Executable: /usr/lib/virtualbox/VirtualBoxVM
00:00:00.892674 Process ID: 550368
00:00:00.892674 Package type: LINUX_64BITS_GENERIC (OSE)
00:00:00.898054 Installed Extension Packs:
00:00:00.898099   Oracle VM VirtualBox Extension Pack (Version: 6.1.38 r153438; VRDE Module: VBoxVRDP)
00:00:00.898106   VNC (Version: 6.1.38 r153438; VRDE Module: VBoxVNC)
00:00:00.899201 Console: Machine state changed to 'Starting'
00:00:00.899462 Qt version: 5.15.3
00:00:00.899467 X11 Window Manager code: 2
00:00:00.903327 SUP: Opened VMMR0.r0 (/usr/lib/virtualbox/VMMR0.r0) at 0xXXXXXXXXXXXXXXXX.
00:00:00.905303 Guest OS type: 'Linux_64'
00:00:00.907514 fHMForced=true - No raw-mode support in this build!
00:00:00.915833 File system of '/home/cicada44/cicada-main/sibsutis/4sem/commun-s/lab-2/vbox/RouterOS-01/Snapshots' (snapshots) is ext4
00:00:00.915865 File system of '/home/cicada44/cicada-main/sibsutis/4sem/commun-s/lab-2/vbox/RouterOS-01/Snapshots/{5bfdb54d-80e3-4167-9fe4-43f4a9b2af06}.vdi' is ext4
00:00:00.936617 GUI: UIMediumEnumerator: Medium-enumeration finished!
00:00:00.941570 ERROR [COM]: aRC=NS_ERROR_FAILURE (0x80004005) aIID={872da645-4a9b-1727-bee2-5585105b9eed} aComponent={ConsoleWrap} aText={Assertion failed: [SUCCEEDED(hrc)] at '/build/virtualbox-dq2OzO/virtualbox-6.1.38-dfsg/src/VBox/Main/src-client/ConsoleImpl2.cpp' (5838) in int Console::i_configNetwork(const char*, unsigned int, unsigned int, INetworkAdapter*, PCFGMNODE, PCFGMNODE, PCFGMNODE, bool, bool).
00:00:00.941574 COM RC=E_ACCESSDENIED (0x80070005).
00:00:00.941574 Please contact the product vendor!}, preserve=false aResultDetail=0
00:00:00.945094 X Server details: vendor: The X.Org Foundation, release: 12201001, protocol version: 11.0, display string: :0
00:00:00.945113 Using known keycode mapping for keycode to scan code conversion
00:00:00.950743 GUI: UIDesktopWidgetWatchdog::sltHandleHostScreenAvailableGeometryCalculated: Screen 0 work area is actually resized to: 74x27 x 1846x1053
00:00:00.956285 GUI: UIDesktopWidgetWatchdog::sltHandleHostScreenAvailableGeometryCalculated: Screen 1 work area is actually resized to: 1920x313 x 1920x1080
00:00:00.967407 Shared Clipboard: Service loaded
00:00:00.967430 Shared Clipboard: Mode: Off
00:00:00.967502 Shared Clipboard: Service running in normal mode
00:00:00.968757 Drag and drop service loaded
00:00:00.968776 Drag and drop mode: Off
00:00:00.971475 ************************* CFGM dump *************************
00:00:00.971482 [/] (level 0)
00:00:00.971493   CpuExecutionCap   <integer> = 0x0000000000000064 (100)
00:00:00.971496   EnablePAE         <integer> = 0x0000000000000001 (1)
00:00:00.971497   HMEnabled         <integer> = 0x0000000000000001 (1)
00:00:00.971498   MemBalloonSize    <integer> = 0x0000000000000000 (0)
00:00:00.971498   Name              <string>  = "RouterOS-01" (cb=12)
00:00:00.971499   NumCPUs           <integer> = 0x0000000000000001 (1)
00:00:00.971500   PageFusionAllowed <integer> = 0x0000000000000000 (0)
00:00:00.971500   RamHoleSize       <integer> = 0x0000000020000000 (536 870 912, 512 MB)
00:00:00.971501   RamSize           <integer> = 0x0000000080000000 (2 147 483 648, 2 048 MB)
00:00:00.971502   TimerMillies      <integer> = 0x000000000000000a (10)
00:00:00.971503   UUID              <bytes>   = "c6 80 dd 73 7e 5c 3b 44 8a 3b 62 12 65 8b ce 52" (cb=16)
00:00:00.971505 
00:00:00.971508 [/CPUM/] (level 1)
00:00:00.971509   GuestCpuName       <string>  = "host" (cb=5)
00:00:00.971509   NestedHWVirt       <integer> = 0x0000000000000000 (0)
00:00:00.971510   PortableCpuIdLevel <integer> = 0x0000000000000000 (0)
00:00:00.971510   SpecCtrl           <integer> = 0x0000000000000000 (0)
00:00:00.971511 
00:00:00.971511 [/CPUM/IsaExts/] (level 2)
00:00:00.971512 
00:00:00.971514 [/DBGC/] (level 1)
00:00:00.971515   GlobalInitScript <string>  = "/home/cicada44/.config/VirtualBox/dbgc-init" (cb=44)
00:00:00.971516   HistoryFile      <string>  = "/home/cicada44/.config/VirtualBox/dbgc-history" (cb=47)
00:00:00.971516   LocalInitScript  <string>  = "/home/cicada44/cicada-main/sibsutis/4sem/commun-s/lab-2/vbox/RouterOS-01/dbgc-init" (cb=83)
00:00:00.971517 
00:00:00.971517 [/DBGF/] (level 1)
00:00:00.971518   Path <string>  = "/home/cicada44/cicada-main/sibsutis/4sem/commun-s/lab-2/vbox/RouterOS-01/debug/;/home/cicada44/cicada-main/sibsutis/4sem/commun-s/lab-2/vbox/RouterOS-01/;cache*/home/cicada44/cicada-main/sibsutis/4sem/commun-s/lab-2/vbox/RouterOS-01/dbgcache/;/home/cicada44/" (cb=259)
00:00:00.971518 
00:00:00.971518 [/Devices/] (level 1)
00:00:00.971519 
00:00:00.971519 [/Devices/8237A/] (level 2)
00:00:00.971520 
00:00:00.971520 [/Devices/8237A/0/] (level 3)
00:00:00.971521   Trusted <integer> = 0x0000000000000001 (1)
00:00:00.971521 
00:00:00.971522 [/Devices/GIMDev/] (level 2)
00:00:00.971522 
00:00:00.971522 [/Devices/GIMDev/0/] (level 3)
00:00:00.971523   Trusted <integer> = 0x0000000000000001 (1)
00:00:00.971524 
00:00:00.971524 [/Devices/VMMDev/] (level 2)
00:00:00.971524 
00:00:00.971525 [/Devices/VMMDev/0/] (level 3)
00:00:00.971525   PCIBusNo      <integer> = 0x0000000000000000 (0)
00:00:00.971526   PCIDeviceNo   <integer> = 0x0000000000000004 (4)
00:00:00.971526   PCIFunctionNo <integer> = 0x0000000000000000 (0)
00:00:00.971527   Trusted       <integer> = 0x0000000000000001 (1)
00:00:00.971527 
00:00:00.971527 [/Devices/VMMDev/0/Config/] (level 4)
00:00:00.971528   GuestCoreDumpDir <string>  = "/home/cicada44/cicada-main/sibsutis/4sem/commun-s/lab-2/vbox/RouterOS-01/Snapshots" (cb=83)
00:00:00.971529 
00:00:00.971529 [/Devices/VMMDev/0/LUN#0/] (level 4)
00:00:00.971530   Driver <string>  = "HGCM" (cb=5)
00:00:00.971530 
00:00:00.971530 [/Devices/VMMDev/0/LUN#0/Config/] (level 5)
00:00:00.971531   Object <integer> = 0x00007f6934000bc0 (140 089 820 711 872)
00:00:00.971532 
00:00:00.971532 [/Devices/VMMDev/0/LUN#999/] (level 4)
00:00:00.971533   Driver <string>  = "MainStatus" (cb=11)
00:00:00.971533 
00:00:00.971533 [/Devices/VMMDev/0/LUN#999/Config/] (level 5)
00:00:00.971534   First   <integer> = 0x0000000000000000 (0)
00:00:00.971535   Last    <integer> = 0x0000000000000000 (0)
00:00:00.971535   papLeds <integer> = 0x00007f6944002748 (140 090 089 154 376)
00:00:00.971536 
00:00:00.971536 [/Devices/acpi/] (level 2)
00:00:00.971537 
00:00:00.971537 [/Devices/acpi/0/] (level 3)
00:00:00.971538   PCIBusNo      <integer> = 0x0000000000000000 (0)
00:00:00.971538   PCIDeviceNo   <integer> = 0x0000000000000007 (7)
00:00:00.971538   PCIFunctionNo <integer> = 0x0000000000000000 (0)
00:00:00.971539   Trusted       <integer> = 0x0000000000000001 (1)
00:00:00.971539 
00:00:00.971539 [/Devices/acpi/0/Config/] (level 4)
00:00:00.971540   CpuHotPlug          <integer> = 0x0000000000000000 (0)
00:00:00.971541   FdcEnabled          <integer> = 0x0000000000000000 (0)
00:00:00.971541   HostBusPciAddress   <integer> = 0x0000000000000000 (0)
00:00:00.971542   HpetEnabled         <integer> = 0x0000000000000000 (0)
00:00:00.971542   IOAPIC              <integer> = 0x0000000000000001 (1)
00:00:00.971543   IocPciAddress       <integer> = 0x0000000000010000 (65 536)
00:00:00.971544   NumCPUs             <integer> = 0x0000000000000001 (1)
00:00:00.971544   Parallel0IoPortBase <integer> = 0x0000000000000000 (0)
00:00:00.971545   Parallel0Irq        <integer> = 0x0000000000000000 (0)
00:00:00.971545   Parallel1IoPortBase <integer> = 0x0000000000000000 (0)
00:00:00.971545   Parallel1Irq        <integer> = 0x0000000000000000 (0)
00:00:00.971546   Serial0IoPortBase   <integer> = 0x0000000000000000 (0)
00:00:00.971546   Serial0Irq          <integer> = 0x0000000000000000 (0)
00:00:00.971547   Serial1IoPortBase   <integer> = 0x0000000000000000 (0)
00:00:00.971547   Serial1Irq          <integer> = 0x0000000000000000 (0)
00:00:00.971548   ShowCpu             <integer> = 0x0000000000000001 (1)
00:00:00.971548   ShowRtc             <integer> = 0x0000000000000000 (0)
00:00:00.971549   SmcEnabled          <integer> = 0x0000000000000000 (0)
00:00:00.971549 
00:00:00.971549 [/Devices/acpi/0/LUN#0/] (level 4)
00:00:00.971550   Driver <string>  = "ACPIHost" (cb=9)
00:00:00.971551 
00:00:00.971551 [/Devices/acpi/0/LUN#0/Config/] (level 5)
00:00:00.971551 
00:00:00.971552 [/Devices/apic/] (level 2)
00:00:00.971552 
00:00:00.971553 [/Devices/apic/0/] (level 3)
00:00:00.971553   Trusted <integer> = 0x0000000000000001 (1)
00:00:00.971554 
00:00:00.971554 [/Devices/apic/0/Config/] (level 4)
00:00:00.971555   IOAPIC  <integer> = 0x0000000000000001 (1)
00:00:00.971555   Mode    <integer> = 0x0000000000000003 (3)
00:00:00.971556   NumCPUs <integer> = 0x0000000000000001 (1)
00:00:00.971556 
00:00:00.971556 [/Devices/e1000/] (level 2)
00:00:00.971557 
00:00:00.971557 [/Devices/e1000/0/] (level 3)
00:00:00.971558   PCIBusNo      <integer> = 0x0000000000000000 (0)
00:00:00.971558   PCIDeviceNo   <integer> = 0x0000000000000003 (3)
00:00:00.971559   PCIFunctionNo <integer> = 0x0000000000000000 (0)
00:00:00.971559   Trusted       <integer> = 0x0000000000000001 (1)
00:00:00.971559 
00:00:00.971560 [/Devices/e1000/0/Config/] (level 4)
00:00:00.971560   AdapterType    <integer> = 0x0000000000000000 (0)
00:00:00.971561   CableConnected <integer> = 0x0000000000000001 (1)
00:00:00.971561   LineSpeed      <integer> = 0x0000000000000000 (0)
00:00:00.971562   MAC            <bytes>   = "08 00 27 69 e0 47" (cb=6)
00:00:00.971563 
00:00:00.971563 [/Devices/e1000/0/LUN#0/] (level 4)
00:00:00.971564   Driver <string>  = "IntNet" (cb=7)
00:00:00.971564 
00:00:00.971564 [/Devices/e1000/0/LUN#0/Config/] (level 5)
00:00:00.971565   IfPolicyPromisc <string>  = "allow-all" (cb=10)
00:00:00.971566   Network         <string>  = "HostInterfaceNetworking-vboxnet0" (cb=33)
00:00:00.971566   Trunk           <string>  = "vboxnet0" (cb=9)
00:00:00.971567   TrunkType       <integer> = 0x0000000000000003 (3)
00:00:00.971567 
00:00:00.971568 [/Devices/e1000/0/LUN#999/] (level 4)
00:00:00.971568   Driver <string>  = "MainStatus" (cb=11)
00:00:00.971569 
00:00:00.971569 [/Devices/e1000/0/LUN#999/Config/] (level 5)
00:00:00.971570   First   <integer> = 0x0000000000000000 (0)
00:00:00.971570   Last    <integer> = 0x0000000000000000 (0)
00:00:00.971571   papLeds <integer> = 0x00007f6944002628 (140 090 089 154 088)
00:00:00.971572 
00:00:00.971572 [/Devices/i8254/] (level 2)
00:00:00.971572 
00:00:00.971573 [/Devices/i8254/0/] (level 3)
00:00:00.971573 
00:00:00.971573 [/Devices/i8254/0/Config/] (level 4)
00:00:00.971574 
00:00:00.971574 [/Devices/i8259/] (level 2)
00:00:00.971575 
00:00:00.971575 [/Devices/i8259/0/] (level 3)
00:00:00.971576   Trusted <integer> = 0x0000000000000001 (1)
00:00:00.971576 
00:00:00.971576 [/Devices/i8259/0/Config/] (level 4)
00:00:00.971577 
00:00:00.971577 [/Devices/ichac97/] (level 2)
00:00:00.971578 
00:00:00.971578 [/Devices/ichac97/0/] (level 3)
00:00:00.971579   PCIBusNo      <integer> = 0x0000000000000000 (0)
00:00:00.971579   PCIDeviceNo   <integer> = 0x0000000000000005 (5)
00:00:00.971580   PCIFunctionNo <integer> = 0x0000000000000000 (0)
00:00:00.971580   Trusted       <integer> = 0x0000000000000001 (1)
00:00:00.971581 
00:00:00.971581 [/Devices/ichac97/0/AudioConfig/] (level 4)
00:00:00.971581 
00:00:00.971582 [/Devices/ichac97/0/Config/] (level 4)
00:00:00.971582   Codec        <string>  = "STAC9700" (cb=9)
00:00:00.971583   DebugEnabled <integer> = 0x0000000000000000 (0)
00:00:00.971583 
00:00:00.971583 [/Devices/ichac97/0/LUN#0/] (level 4)
00:00:00.971584   Driver <string>  = "AUDIO" (cb=6)
00:00:00.971584 
00:00:00.971585 [/Devices/ichac97/0/LUN#0/AttachedDriver/] (level 5)
00:00:00.971585   Driver <string>  = "PulseAudio" (cb=11)
00:00:00.971586 
00:00:00.971586 [/Devices/ichac97/0/LUN#0/AttachedDriver/Config/] (level 6)
00:00:00.971587   VmName <string>  = "RouterOS-01" (cb=12)
00:00:00.971588 
00:00:00.971588 [/Devices/ichac97/0/LUN#0/Config/] (level 5)
00:00:00.971589   DriverName    <string>  = "PulseAudio" (cb=11)
00:00:00.971589   InputEnabled  <integer> = 0x0000000000000000 (0)
00:00:00.971589   OutputEnabled <integer> = 0x0000000000000001 (1)
00:00:00.971590 
00:00:00.971590 [/Devices/ichac97/0/LUN#1/] (level 4)
00:00:00.971591   Driver <string>  = "AUDIO" (cb=6)
00:00:00.971591 
00:00:00.971591 [/Devices/ichac97/0/LUN#2/] (level 4)
00:00:00.971592   Driver <string>  = "AUDIO" (cb=6)
00:00:00.971593 
00:00:00.971593 [/Devices/ioapic/] (level 2)
00:00:00.971593 
00:00:00.971593 [/Devices/ioapic/0/] (level 3)
00:00:00.971594   Trusted <integer> = 0x0000000000000001 (1)
00:00:00.971594 
00:00:00.971595 [/Devices/ioapic/0/Config/] (level 4)
00:00:00.971595   NumCPUs <integer> = 0x0000000000000001 (1)
00:00:00.971596 
00:00:00.971596 [/Devices/mc146818/] (level 2)
00:00:00.971597 
00:00:00.971597 [/Devices/mc146818/0/] (level 3)
00:00:00.971597 
00:00:00.971598 [/Devices/mc146818/0/Config/] (level 4)
00:00:00.971598   UseUTC <integer> = 0x0000000000000001 (1)
00:00:00.971599 
00:00:00.971599 [/Devices/parallel/] (level 2)
00:00:00.971599 
00:00:00.971600 [/Devices/pcarch/] (level 2)
00:00:00.971600 
00:00:00.971600 [/Devices/pcarch/0/] (level 3)
00:00:00.971601   Trusted <integer> = 0x0000000000000001 (1)
00:00:00.971601 
00:00:00.971602 [/Devices/pcarch/0/Config/] (level 4)
00:00:00.971602 
00:00:00.971602 [/Devices/pcbios/] (level 2)
00:00:00.971603 
00:00:00.971603 [/Devices/pcbios/0/] (level 3)
00:00:00.971604   Trusted <integer> = 0x0000000000000001 (1)
00:00:00.971604 
00:00:00.971604 [/Devices/pcbios/0/Config/] (level 4)
00:00:00.971606   APIC           <integer> = 0x0000000000000001 (1)
00:00:00.971606   BootDevice0    <string>  = "FLOPPY" (cb=7)
00:00:00.971607   BootDevice1    <string>  = "DVD" (cb=4)
00:00:00.971607   BootDevice2    <string>  = "IDE" (cb=4)
00:00:00.971607   BootDevice3    <string>  = "NONE" (cb=5)
00:00:00.971608   FloppyDevice   <string>  = "i82078" (cb=7)
00:00:00.971608   HardDiskDevice <string>  = "piix3ide" (cb=9)
00:00:00.971608   IOAPIC         <integer> = 0x0000000000000001 (1)
00:00:00.971609   LanBootRom     <string>  = "/usr/lib/virtualbox/ExtensionPacks/Oracle_VM_VirtualBox_Extension_Pack/PXE-Intel.rom" (cb=85)
00:00:00.971610   McfgBase       <integer> = 0x0000000000000000 (0)
00:00:00.971610   McfgLength     <integer> = 0x0000000000000000 (0)
00:00:00.971611   NumCPUs        <integer> = 0x0000000000000001 (1)
00:00:00.971611   PXEDebug       <integer> = 0x0000000000000000 (0)
00:00:00.971612   UUID           <bytes>   = "c6 80 dd 73 7e 5c 3b 44 8a 3b 62 12 65 8b ce 52" (cb=16)
00:00:00.971613   UuidLe         <integer> = 0x0000000000000001 (1)
00:00:00.971613 
00:00:00.971614 [/Devices/pcbios/0/Config/NetBoot/] (level 5)
00:00:00.971614 
00:00:00.971615 [/Devices/pcbios/0/Config/NetBoot/0/] (level 6)
00:00:00.971616   NIC           <integer> = 0x0000000000000000 (0)
00:00:00.971616   PCIBusNo      <integer> = 0x0000000000000000 (0)
00:00:00.971617   PCIDeviceNo   <integer> = 0x0000000000000003 (3)
00:00:00.971617   PCIFunctionNo <integer> = 0x0000000000000000 (0)
00:00:00.971617 
00:00:00.971618 [/Devices/pci/] (level 2)
00:00:00.971618 
00:00:00.971618 [/Devices/pci/0/] (level 3)
00:00:00.971619   Trusted <integer> = 0x0000000000000001 (1)
00:00:00.971619 
00:00:00.971620 [/Devices/pci/0/Config/] (level 4)
00:00:00.971620   IOAPIC <integer> = 0x0000000000000001 (1)
00:00:00.971621 
00:00:00.971621 [/Devices/pcibridge/] (level 2)
00:00:00.971622 
00:00:00.971622 [/Devices/pckbd/] (level 2)
00:00:00.971622 
00:00:00.971623 [/Devices/pckbd/0/] (level 3)
00:00:00.971623   Trusted <integer> = 0x0000000000000001 (1)
00:00:00.971624 
00:00:00.971624 [/Devices/pckbd/0/Config/] (level 4)
00:00:00.971624 
00:00:00.971625 [/Devices/pckbd/0/LUN#0/] (level 4)
00:00:00.971625   Driver <string>  = "KeyboardQueue" (cb=14)
00:00:00.971626 
00:00:00.971626 [/Devices/pckbd/0/LUN#0/AttachedDriver/] (level 5)
00:00:00.971627   Driver <string>  = "MainKeyboard" (cb=13)
00:00:00.971627 
00:00:00.971627 [/Devices/pckbd/0/LUN#0/AttachedDriver/Config/] (level 6)
00:00:00.971628   Object <integer> = 0x0000564ba3670210 (94 882 863 972 880)
00:00:00.971629 
00:00:00.971629 [/Devices/pckbd/0/LUN#0/Config/] (level 5)
00:00:00.971630   QueueSize <integer> = 0x0000000000000040 (64)
00:00:00.971631 
00:00:00.971631 [/Devices/pckbd/0/LUN#1/] (level 4)
00:00:00.971631   Driver <string>  = "MouseQueue" (cb=11)
00:00:00.971632 
00:00:00.971632 [/Devices/pckbd/0/LUN#1/AttachedDriver/] (level 5)
00:00:00.971633   Driver <string>  = "MainMouse" (cb=10)
00:00:00.971633 
00:00:00.971633 [/Devices/pckbd/0/LUN#1/AttachedDriver/Config/] (level 6)
00:00:00.971634   Object <integer> = 0x00007f694400fb10 (140 090 089 208 592)
00:00:00.971635 
00:00:00.971635 [/Devices/pckbd/0/LUN#1/Config/] (level 5)
00:00:00.971636   QueueSize <integer> = 0x0000000000000080 (128)
00:00:00.971636 
00:00:00.971637 [/Devices/pcnet/] (level 2)
00:00:00.971637 
00:00:00.971637 [/Devices/piix3ide/] (level 2)
00:00:00.971638 
00:00:00.971638 [/Devices/piix3ide/0/] (level 3)
00:00:00.971639   PCIBusNo      <integer> = 0x0000000000000000 (0)
00:00:00.971640   PCIDeviceNo   <integer> = 0x0000000000000001 (1)
00:00:00.971640   PCIFunctionNo <integer> = 0x0000000000000001 (1)
00:00:00.971641   Trusted       <integer> = 0x0000000000000001 (1)
00:00:00.971641 
00:00:00.971641 [/Devices/piix3ide/0/Config/] (level 4)
00:00:00.971642   Type <string>  = "PIIX4" (cb=6)
00:00:00.971642 
00:00:00.971643 [/Devices/piix3ide/0/LUN#0/] (level 4)
00:00:00.971643   Driver <string>  = "VD" (cb=3)
00:00:00.971644 
00:00:00.971644 [/Devices/piix3ide/0/LUN#0/Config/] (level 5)
00:00:00.971645   Format    <string>  = "VDI" (cb=4)
00:00:00.971646   Mountable <integer> = 0x0000000000000000 (0)
00:00:00.971646   Path      <string>  = "/home/cicada44/cicada-main/sibsutis/4sem/commun-s/lab-2/vbox/RouterOS-01/Snapshots/{5bfdb54d-80e3-4167-9fe4-43f4a9b2af06}.vdi" (cb=126)
00:00:00.971647   Type      <string>  = "HardDisk" (cb=9)
00:00:00.971647 
00:00:00.971647 [/Devices/piix3ide/0/LUN#0/Config/Parent/] (level 6)
00:00:00.971648   Format <string>  = "VDI" (cb=4)
00:00:00.971649   Path   <string>  = "/home/cicada44/cicada-main/sibsutis/other/vbox_works/chr-7.6.vdi" (cb=65)
00:00:00.971649 
00:00:00.971649 [/Devices/piix3ide/0/LUN#0/Config/Parent/VDConfig/] (level 7)
00:00:00.971650   AllocationBlockSize <string>  = "1048576" (cb=8)
00:00:00.971651 
00:00:00.971651 [/Devices/piix3ide/0/LUN#0/Config/Plugins/] (level 6)
00:00:00.971652 
00:00:00.971652 [/Devices/piix3ide/0/LUN#0/Config/Plugins/VDPluginCrypt/] (level 7)
00:00:00.971653   Path <string>  = "/usr/lib/virtualbox/ExtensionPacks/Oracle_VM_VirtualBox_Extension_Pack/linux.amd64/VDPluginCrypt.so" (cb=100)
00:00:00.971654 
00:00:00.971654 [/Devices/piix3ide/0/LUN#0/Config/VDConfig/] (level 6)
00:00:00.971655   AllocationBlockSize <string>  = "1048576" (cb=8)
00:00:00.971655 
00:00:00.971655 [/Devices/piix3ide/0/LUN#2/] (level 4)
00:00:00.971656   Driver <string>  = "VD" (cb=3)
00:00:00.971657 
00:00:00.971657 [/Devices/piix3ide/0/LUN#2/Config/] (level 5)
00:00:00.971658   EmptyDrive <integer> = 0x0000000000000001 (1)
00:00:00.971658   Mountable  <integer> = 0x0000000000000001 (1)
00:00:00.971659   Type       <string>  = "DVD" (cb=4)
00:00:00.971659 
00:00:00.971659 [/Devices/piix3ide/0/LUN#999/] (level 4)
00:00:00.971660   Driver <string>  = "MainStatus" (cb=11)
00:00:00.971660 
00:00:00.971661 [/Devices/piix3ide/0/LUN#999/Config/] (level 5)
00:00:00.971661   DeviceInstance        <string>  = "piix3ide/0" (cb=11)
00:00:00.971662   First                 <integer> = 0x0000000000000000 (0)
00:00:00.971662   Last                  <integer> = 0x0000000000000003 (3)
00:00:00.971663   pConsole              <integer> = 0x00007f6944001370 (140 090 089 149 296)
00:00:00.971664   papLeds               <integer> = 0x00007f6944001b30 (140 090 089 151 280)
00:00:00.971665   pmapMediumAttachments <integer> = 0x00007f6944002768 (140 090 089 154 408)
00:00:00.971665 
00:00:00.971665 [/Devices/serial/] (level 2)
00:00:00.971666 
00:00:00.971666 [/Devices/usb-ehci/] (level 2)
00:00:00.971667 
00:00:00.971667 [/Devices/usb-ehci/0/] (level 3)
00:00:00.971668   PCIBusNo      <integer> = 0x0000000000000000 (0)
00:00:00.971668   PCIDeviceNo   <integer> = 0x000000000000000b (11)
00:00:00.971669   PCIFunctionNo <integer> = 0x0000000000000000 (0)
00:00:00.971669   Trusted       <integer> = 0x0000000000000001 (1)
00:00:00.971669 
00:00:00.971670 [/Devices/usb-ehci/0/Config/] (level 4)
00:00:00.971670 
00:00:00.971671 [/Devices/usb-ehci/0/LUN#0/] (level 4)
00:00:00.971671   Driver <string>  = "VUSBRootHub" (cb=12)
00:00:00.971672 
00:00:00.971672 [/Devices/usb-ehci/0/LUN#0/Config/] (level 5)
00:00:00.971672 
00:00:00.971673 [/Devices/usb-ehci/0/LUN#999/] (level 4)
00:00:00.971673   Driver <string>  = "MainStatus" (cb=11)
00:00:00.971674 
00:00:00.971674 [/Devices/usb-ehci/0/LUN#999/Config/] (level 5)
00:00:00.971675   First   <integer> = 0x0000000000000000 (0)
00:00:00.971675   Last    <integer> = 0x0000000000000000 (0)
00:00:00.971676   papLeds <integer> = 0x00007f6944002758 (140 090 089 154 392)
00:00:00.971676 
00:00:00.971676 [/Devices/usb-ohci/] (level 2)
00:00:00.971677 
00:00:00.971677 [/Devices/usb-ohci/0/] (level 3)
00:00:00.971678   PCIBusNo      <integer> = 0x0000000000000000 (0)
00:00:00.971679   PCIDeviceNo   <integer> = 0x0000000000000006 (6)
00:00:00.971679   PCIFunctionNo <integer> = 0x0000000000000000 (0)
00:00:00.971679   Trusted       <integer> = 0x0000000000000001 (1)
00:00:00.971680 
00:00:00.971680 [/Devices/usb-ohci/0/Config/] (level 4)
00:00:00.971681 
00:00:00.971681 [/Devices/usb-ohci/0/LUN#0/] (level 4)
00:00:00.971682   Driver <string>  = "VUSBRootHub" (cb=12)
00:00:00.971682 
00:00:00.971682 [/Devices/usb-ohci/0/LUN#0/Config/] (level 5)
00:00:00.971683 
00:00:00.971683 [/Devices/usb-ohci/0/LUN#999/] (level 4)
00:00:00.971684   Driver <string>  = "MainStatus" (cb=11)
00:00:00.971684 
00:00:00.971684 [/Devices/usb-ohci/0/LUN#999/Config/] (level 5)
00:00:00.971685   First   <integer> = 0x0000000000000000 (0)
00:00:00.971686   Last    <integer> = 0x0000000000000000 (0)
00:00:00.971686   papLeds <integer> = 0x00007f6944002750 (140 090 089 154 384)
00:00:00.971687 
00:00:00.971687 [/Devices/vga/] (level 2)
00:00:00.971687 
00:00:00.971688 [/Devices/vga/0/] (level 3)
00:00:00.971689   PCIBusNo      <integer> = 0x0000000000000000 (0)
00:00:00.971689   PCIDeviceNo   <integer> = 0x0000000000000002 (2)
00:00:00.971690   PCIFunctionNo <integer> = 0x0000000000000000 (0)
00:00:00.971690   Trusted       <integer> = 0x0000000000000001 (1)
00:00:00.971690 
00:00:00.971691 [/Devices/vga/0/Config/] (level 4)
00:00:00.971692   3DEnabled          <integer> = 0x0000000000000000 (0)
00:00:00.971692   CustomVideoModes   <integer> = 0x0000000000000000 (0)
00:00:00.971693   FadeIn             <integer> = 0x0000000000000001 (1)
00:00:00.971693   FadeOut            <integer> = 0x0000000000000001 (1)
00:00:00.971694   HeightReduction    <integer> = 0x0000000000000000 (0)
00:00:00.971694   LogoFile           <string>  = "" (cb=1)
00:00:00.971695   LogoTime           <integer> = 0x0000000000000000 (0)
00:00:00.971696   MonitorCount       <integer> = 0x0000000000000001 (1)
00:00:00.971696   ShowBootMenu       <integer> = 0x0000000000000002 (2)
00:00:00.971696   VMSVGA3dEnabled    <integer> = 0x0000000000000000 (0)
00:00:00.971697   VMSVGAEnabled      <integer> = 0x0000000000000001 (1)
00:00:00.971697   VMSVGAPciBarLayout <integer> = 0x0000000000000001 (1)
00:00:00.971698   VMSVGAPciId        <integer> = 0x0000000000000001 (1)
00:00:00.971698   VRamSize           <integer> = 0x0000000001000000 (16 777 216, 16 MB)
00:00:00.971699 
00:00:00.971699 [/Devices/vga/0/LUN#0/] (level 4)
00:00:00.971700   Driver <string>  = "MainDisplay" (cb=12)
00:00:00.971700 
00:00:00.971701 [/Devices/vga/0/LUN#0/Config/] (level 5)
00:00:00.971701   Object <integer> = 0x00007f6944003fd0 (140 090 089 160 656)
00:00:00.971702 
00:00:00.971702 [/Devices/vga/0/LUN#999/] (level 4)
00:00:00.971703   Driver <string>  = "MainStatus" (cb=11)
00:00:00.971703 
00:00:00.971703 [/Devices/vga/0/LUN#999/Config/] (level 5)
00:00:00.971704   First   <integer> = 0x0000000000000000 (0)
00:00:00.971705   Last    <integer> = 0x0000000000000000 (0)
00:00:00.971705   papLeds <integer> = 0x00007f6944002760 (140 090 089 154 400)
00:00:00.971706 
00:00:00.971706 [/Devices/virtio-net/] (level 2)
00:00:00.971707 
00:00:00.971707 [/EM/] (level 1)
00:00:00.971707   TripleFaultReset <integer> = 0x0000000000000000 (0)
00:00:00.971708 
00:00:00.971708 [/GIM/] (level 1)
00:00:00.971709   Provider <string>  = "KVM" (cb=4)
00:00:00.971709 
00:00:00.971709 [/HM/] (level 1)
00:00:00.971710   64bitEnabled            <integer> = 0x0000000000000001 (1)
00:00:00.971711   EnableLargePages        <integer> = 0x0000000000000000 (0)
00:00:00.971711   EnableNestedPaging      <integer> = 0x0000000000000001 (1)
00:00:00.971712   EnableUX                <integer> = 0x0000000000000001 (1)
00:00:00.971712   EnableVPID              <integer> = 0x0000000000000001 (1)
00:00:00.971713   Exclusive               <integer> = 0x0000000000000001 (1)
00:00:00.971713   HMForced                <integer> = 0x0000000000000001 (1)
00:00:00.971714   IBPBOnVMEntry           <integer> = 0x0000000000000000 (0)
00:00:00.971714   IBPBOnVMExit            <integer> = 0x0000000000000000 (0)
00:00:00.971715   L1DFlushOnSched         <integer> = 0x0000000000000001 (1)
00:00:00.971716   L1DFlushOnVMEntry       <integer> = 0x0000000000000000 (0)
00:00:00.971716   LovelyMesaDrvWorkaround <integer> = 0x0000000000000001 (1)
00:00:00.971716   MDSClearOnSched         <integer> = 0x0000000000000001 (1)
00:00:00.971717   MDSClearOnVMEntry       <integer> = 0x0000000000000000 (0)
00:00:00.971717   SpecCtrlByHost          <integer> = 0x0000000000000000 (0)
00:00:00.971718   UseNEMInstead           <integer> = 0x0000000000000000 (0)
00:00:00.971719 
00:00:00.971719 [/MM/] (level 1)
00:00:00.971719   CanUseLargerHeap <integer> = 0x0000000000000000 (0)
00:00:00.971720 
00:00:00.971720 [/NEM/] (level 1)
00:00:00.971720   Allow64BitGuests        <integer> = 0x0000000000000001 (1)
00:00:00.971721   LovelyMesaDrvWorkaround <integer> = 0x0000000000000001 (1)
00:00:00.971721 
00:00:00.971721 [/PDM/] (level 1)
00:00:00.971722 
00:00:00.971722 [/PDM/AsyncCompletion/] (level 2)
00:00:00.971723 
00:00:00.971723 [/PDM/AsyncCompletion/File/] (level 3)
00:00:00.971724 
00:00:00.971724 [/PDM/AsyncCompletion/File/BwGroups/] (level 4)
00:00:00.971725 
00:00:00.971725 [/PDM/BlkCache/] (level 2)
00:00:00.971725   CacheSize <integer> = 0x0000000000500000 (5 242 880, 5 MB)
00:00:00.971726 
00:00:00.971726 [/PDM/Devices/] (level 2)
00:00:00.971727 
00:00:00.971727 [/PDM/Devices/VBoxEhci/] (level 3)
00:00:00.971728   Path         <string>  = "/usr/lib/virtualbox/ExtensionPacks/Oracle_VM_VirtualBox_Extension_Pack/linux.amd64/VBoxEhciR3.so" (cb=97)
00:00:00.971728   R0SearchPath <string>  = "/usr/lib/virtualbox/ExtensionPacks/Oracle_VM_VirtualBox_Extension_Pack/linux.amd64" (cb=83)
00:00:00.971729 
00:00:00.971729 [/PDM/Devices/VBoxNvme/] (level 3)
00:00:00.971729   Path         <string>  = "/usr/lib/virtualbox/ExtensionPacks/Oracle_VM_VirtualBox_Extension_Pack/linux.amd64/VBoxNvmeR3.so" (cb=97)
00:00:00.971730   R0SearchPath <string>  = "/usr/lib/virtualbox/ExtensionPacks/Oracle_VM_VirtualBox_Extension_Pack/linux.amd64" (cb=83)
00:00:00.971730 
00:00:00.971730 [/PDM/Drivers/] (level 2)
00:00:00.971731 
00:00:00.971731 [/PDM/Drivers/DrvHostWebcam/] (level 3)
00:00:00.971732   Path <string>  = "/usr/lib/virtualbox/ExtensionPacks/Oracle_VM_VirtualBox_Extension_Pack/linux.amd64/VBoxHostWebcam.so" (cb=101)
00:00:00.971732 
00:00:00.971733 [/PDM/Drivers/VBoxC/] (level 3)
00:00:00.971733   Path <string>  = "/usr/lib/virtualbox/components/VBoxC" (cb=37)
00:00:00.971734 
00:00:00.971734 [/PDM/NetworkShaper/] (level 2)
00:00:00.971734 
00:00:00.971735 [/PDM/NetworkShaper/BwGroups/] (level 3)
00:00:00.971735 
00:00:00.971736 [/PDM/USB/] (level 2)
00:00:00.971736 
00:00:00.971736 [/PDM/USB/VBoxUsbCardReader/] (level 3)
00:00:00.971737   Path <string>  = "/usr/lib/virtualbox/ExtensionPacks/Oracle_VM_VirtualBox_Extension_Pack/linux.amd64/VBoxUsbCardReaderR3.so" (cb=106)
00:00:00.971737 
00:00:00.971738 [/PDM/USB/VBoxUsbWebcam/] (level 3)
00:00:00.971738   Path <string>  = "/usr/lib/virtualbox/ExtensionPacks/Oracle_VM_VirtualBox_Extension_Pack/linux.amd64/VBoxUsbWebcamR3.so" (cb=102)
00:00:00.971739 
00:00:00.971739 [/TM/] (level 1)
00:00:00.971739   UTCOffset <integer> = 0x0000000000000000 (0)
00:00:00.971740 
00:00:00.971740 [/USB/] (level 1)
00:00:00.971740 
00:00:00.971741 [/USB/HidMouse/] (level 2)
00:00:00.971741 
00:00:00.971742 [/USB/HidMouse/0/] (level 3)
00:00:00.971742 
00:00:00.971742 [/USB/HidMouse/0/Config/] (level 4)
00:00:00.971743   Mode <string>  = "absolute" (cb=9)
00:00:00.971743 
00:00:00.971744 [/USB/HidMouse/0/LUN#0/] (level 4)
00:00:00.971744   Driver <string>  = "MouseQueue" (cb=11)
00:00:00.971745 
00:00:00.971745 [/USB/HidMouse/0/LUN#0/AttachedDriver/] (level 5)
00:00:00.971746   Driver <string>  = "MainMouse" (cb=10)
00:00:00.971746 
00:00:00.971746 [/USB/HidMouse/0/LUN#0/AttachedDriver/Config/] (level 6)
00:00:00.971747   Object <integer> = 0x00007f694400fb10 (140 090 089 208 592)
00:00:00.971748 
00:00:00.971748 [/USB/HidMouse/0/LUN#0/Config/] (level 5)
00:00:00.971749   QueueSize <integer> = 0x0000000000000080 (128)
00:00:00.971749 
00:00:00.971749 [/USB/USBProxy/] (level 2)
00:00:00.971750 
00:00:00.971750 [/USB/USBProxy/GlobalConfig/] (level 3)
00:00:00.971751 
00:00:00.971751 ********************* End of CFGM dump **********************
00:00:00.971825 HM: HMR3Init: AMD-V w/ nested paging
00:00:00.971874 MM: cbHyperHeap=0x200000 (2097152)
00:00:00.972514 CPUM: fXStateHostMask=0x7; initial: 0x7; host XCR0=0x7
00:00:00.972955 CPUM: Matched host CPU AMD 0x17/0x60/0x1 AMD_Zen_Ryzen with CPU DB entry 'AMD FX-8150 Eight-Core' (AMD 0x15/0x1/0x2 AMD_15h_Bulldozer)
00:00:00.972984 CPUM: MXCSR_MASK=0x2ffff (host: 0x2ffff)
00:00:00.972990 CPUM: Microcode revision 0x08600106
00:00:00.972995 CPUM: Changing leaf 13[0]: EBX=0x340 -> 0x340, ECX=0x380 -> 0x340
00:00:00.973002 CPUM: MSR fudge: 0x00000017 IA32_PLATFORM_ID
00:00:00.973005 CPUM: MSR fudge: 0x000001a0 IA32_MISC_ENABLE
00:00:00.973008 CPUM: MSR fudge: 0x0000002c P4_EBC_FREQUENCY_ID
00:00:00.973020 CPUM: SetGuestCpuIdFeature: Enabled PAE
00:00:00.973021 CPUM: Set SSBD not required flag for AMD to work around some buggy Linux kernels!
00:00:00.973112 PGM: Host paging mode: AMD64+PGE+NX
00:00:00.973117 PGM: PGMPool: cMaxPages=1280 (u64MaxPages=1058)
00:00:00.973119 PGM: pgmR3PoolInit: cMaxPages=0x500 cMaxUsers=0xa00 cMaxPhysExts=0xa00 fCacheEnable=true 
00:00:00.973703 PGM: /proc/sys/vm/max_map_count = 65530 (rc2=VWRN_TRAILING_CHARS); cGuessNeeded=16384
00:00:00.977579 TM: GIP - u32Mode=3 (Invariant) u32UpdateHz=62 u32UpdateIntervalNS=16000000 enmUseTscDelta=4 (Not Zero) fGetGipCpu=0x1b cCpus=16
00:00:00.977609 TM: GIP - u64CpuHz=2 370 546 761 (0x8d4bac49)  SUPGetCpuHzFromGip => 2 370 546 761
00:00:00.977613 TM: GIP - CPU: iCpuSet=0x0 idCpu=0x0 idApic=0x0 iGipCpu=0x4 i64TSCDelta=0 enmState=3 u64CpuHz=2370545648(*) cErrors=0
00:00:00.977615 TM: GIP - CPU: iCpuSet=0x1 idCpu=0x1 idApic=0x1 iGipCpu=0x2 i64TSCDelta=610860450 enmState=3 u64CpuHz=2370552092(*) cErrors=0
00:00:00.977618 TM: GIP - CPU: iCpuSet=0x2 idCpu=0x2 idApic=0x2 iGipCpu=0x3 i64TSCDelta=610860758 enmState=3 u64CpuHz=2370545652(*) cErrors=0
00:00:00.977620 TM: GIP - CPU: iCpuSet=0x3 idCpu=0x3 idApic=0x4 iGipCpu=0x0 i64TSCDelta=610860640 enmState=3 u64CpuHz=2370546761(*) cErrors=0
00:00:00.977621 TM: GIP - CPU: iCpuSet=0x4 idCpu=0x4 idApic=0x5 iGipCpu=0x5 i64TSCDelta=610860758 enmState=3 u64CpuHz=2370545970(*) cErrors=0
00:00:00.977623 TM: GIP - CPU: iCpuSet=0x5 idCpu=0x5 idApic=0x6 iGipCpu=0x1 i64TSCDelta=610860687 enmState=3 u64CpuHz=2370639877(*) cErrors=0
00:00:00.977702 TM: cTSCTicksPerSecond=2 370 546 761 (0x8d4bac49) enmTSCMode=3 (Dynamic)
00:00:00.977703 TM: TSCTiedToExecution=false TSCNotTiedToHalt=false
00:00:00.978211 EMR3Init: fIemExecutesAll=false fGuruOnTripleFault=true 
00:00:00.978333 IEM: TargetCpu=CURRENT, Microarch=AMD_Zen_Ryzen
00:00:00.978517 GUI: Machine-window #0 activated
00:00:00.978544 GUI: Machine-view #0 focused, reason=3
00:00:00.978596 GIM: Using provider 'KVM' (Implementation version: 0)
00:00:00.978602 CPUM: SetGuestCpuIdFeature: Enabled Hypervisor Present bit
00:00:01.028583 AIOMgr: Default manager type is 'Async'
00:00:01.028625 AIOMgr: Default file backend is 'NonBuffered'
00:00:01.029062 BlkCache: Cache successfully initialized. Cache size is 5242880 bytes
00:00:01.029077 BlkCache: Cache commit interval is 10000 ms
00:00:01.029082 BlkCache: Cache commit threshold is 2621440 bytes
00:00:01.030992 PcBios: [SMP] BIOS with 1 CPUs
00:00:01.031046 PcBios: Using the 386+ BIOS image.
00:00:01.031156 PcBios: MPS table at 000e1300
00:00:01.032189 PcBios: Using LAN ROM '/usr/lib/virtualbox/ExtensionPacks/Oracle_VM_VirtualBox_Extension_Pack/PXE-Intel.rom' with a size of 0xc000 bytes
00:00:01.032326 PcBios: fCheckShutdownStatusForSoftReset=true   fClearShutdownStatusOnHardReset=true 
00:00:01.032759 SUP: Opened VBoxDDR0.r0 (/usr/lib/virtualbox/VBoxDDR0.r0) at 0xXXXXXXXXXXXXXXXX.
00:00:01.033082 CPUM: SetGuestCpuIdFeature: Enabled xAPIC
00:00:01.033089 CPUM: SetGuestCpuIdFeature: Enabled x2APIC
00:00:01.033292 IOAPIC: Using implementation 2.0! Chipset type ICH9
00:00:01.033358 PIT: mode=3 count=0x10000 (65536) - 18.20 Hz (ch=0)
00:00:01.033555 VMMDev: cbDefaultBudget: 119 674 240 (7221580)
00:00:01.036191 Shared Folders service loaded
00:00:01.036614 Guest Control service loaded
00:00:01.042712 VGA: Using the 386+ BIOS image.
00:00:01.044257 VD: VDInit finished with VINF_SUCCESS
00:00:01.044458 DrvVD: Flushes will be ignored
00:00:01.044460 DrvVD: Async flushes will be passed to the disk
00:00:01.044518 VD: Opening the disk took 53011 ns
00:00:01.044563 PIIX3 ATA: LUN#0: disk, PCHS=260/16/63, total number of sectors 262144
00:00:01.046085 PIIX3 ATA: LUN#1: no unit
00:00:01.046354 DrvVD: Flushes will be ignored
00:00:01.046360 DrvVD: Async flushes will be passed to the disk
00:00:01.046384 PIIX3 ATA: LUN#2: CD/DVD, total number of sectors 0, passthrough disabled
00:00:01.046427 PIIX3 ATA: LUN#3: no unit
00:00:01.046601 PIIX3 ATA: Ctl#0: finished processing RESET
00:00:01.046838 PIIX3 ATA: Ctl#1: finished processing RESET
00:00:01.047125 E1000#0: Chip=82540EM LinkUpDelay=3000ms EthernetCRC=on GSO=enabled Itr=disabled ItrRx=enabled TID=disabled R0=enabled RC=disabled
00:00:01.047492 IntNet#0: szNetwork={HostInterfaceNetworking-vboxnet0} enmTrunkType=3 szTrunk={vboxnet0} fFlags=0x14000 cbRecv=325632 cbSend=196608 fIgnoreConnectFailure=false
00:00:01.048742 AC97: Using codec 'STAC9700'
00:00:01.048840 Audio: Initializing PulseAudio driver
00:00:01.050330 PulseAudio: Using version 15.99.0
00:00:01.051392 PulseAudio: Retrieving server information ...
00:00:01.051660 Audio: Found 7 devices for driver 'PulseAudio'
00:00:01.051665 Audio: Device 'Renoir Radeon High Definition Audio Controller Digital Stereo (HDMI 2)':
00:00:01.051665 Audio:   ID              = alsa_output.pci-0000_03_00.1.hdmi-stereo-extra1
00:00:01.051665 Audio:   Usage           = output
00:00:01.051665 Audio:   Flags           = NONE
00:00:01.051666 Audio:   Input channels  = 0
00:00:01.051666 Audio:   Output channels = 2
00:00:01.051669 Audio: Device 'Family 17h (Models 10h-1fh) HD Audio Controller Analog Stereo':
00:00:01.051669 Audio:   ID              = alsa_output.pci-0000_03_00.6.analog-stereo
00:00:01.051669 Audio:   Usage           = output
00:00:01.051669 Audio:   Flags           = NONE
00:00:01.051669 Audio:   Input channels  = 0
00:00:01.051670 Audio:   Output channels = 2
00:00:01.051671 Audio: Device 'JBL TUNE710BT':
00:00:01.051671 Audio:   ID              = bluez_sink.2C_FD_B3_60_58_FD.a2dp_sink
00:00:01.051672 Audio:   Usage           = output
00:00:01.051672 Audio:   Flags           = DEFAULT_OUT
00:00:01.051672 Audio:   Input channels  = 0
00:00:01.051672 Audio:   Output channels = 2
00:00:01.051674 Audio: Device 'Monitor of Renoir Radeon High Definition Audio Controller Digital Stereo (HDMI 2)':
00:00:01.051674 Audio:   ID              = alsa_output.pci-0000_03_00.1.hdmi-stereo-extra1.monitor
00:00:01.051674 Audio:   Usage           = input
00:00:01.051674 Audio:   Flags           = NONE
00:00:01.051674 Audio:   Input channels  = 2
00:00:01.051675 Audio:   Output channels = 0
00:00:01.051691 Audio: Device 'Monitor of Family 17h (Models 10h-1fh) HD Audio Controller Analog Stereo':
00:00:01.051692 Audio:   ID              = alsa_output.pci-0000_03_00.6.analog-stereo.monitor
00:00:01.051692 Audio:   Usage           = input
00:00:01.051692 Audio:   Flags           = NONE
00:00:01.051692 Audio:   Input channels  = 2
00:00:01.051692 Audio:   Output channels = 0
00:00:01.051694 Audio: Device 'Family 17h (Models 10h-1fh) HD Audio Controller Analog Stereo':
00:00:01.051694 Audio:   ID              = alsa_input.pci-0000_03_00.6.analog-stereo
00:00:01.051694 Audio:   Usage           = input
00:00:01.051695 Audio:   Flags           = DEFAULT_IN
00:00:01.051695 Audio:   Input channels  = 2
00:00:01.051695 Audio:   Output channels = 0
00:00:01.051696 Audio: Device 'Monitor of JBL TUNE710BT':
00:00:01.051697 Audio:   ID              = bluez_sink.2C_FD_B3_60_58_FD.a2dp_sink.monitor
00:00:01.051697 Audio:   Usage           = input
00:00:01.051697 Audio:   Flags           = NONE
00:00:01.051697 Audio:   Input channels  = 2
00:00:01.051697 Audio:   Output channels = 0
00:00:01.051775 AC97: Reset
00:00:01.051777 AC97: Mixer reset (EAID=0x809, EACS=0x9)
00:00:01.051779 AC97: Record select to left=mic, right=mic
00:00:01.051922 SUP: Opened VBoxEhciR0.r0 (/usr/lib/virtualbox/ExtensionPacks/Oracle_VM_VirtualBox_Extension_Pack/linux.amd64/VBoxEhciR0.r0) at 0xXXXXXXXXXXXXXXXX.
00:00:01.052687 VUSB: Attached 'HidMouse' to port 1 on RootHub#1 (FullSpeed)
00:00:01.052731 PGM: The CPU physical address width is 48 bits
00:00:01.052736 PGM: PGMR3InitFinalize: 4 MB PSE mask 0000ffffffffffff -> VINF_SUCCESS
00:00:01.052778 TM: TMR3InitFinalize: fTSCModeSwitchAllowed=true 
00:00:01.052911 VMM: Enabled thread-context hooks
00:00:01.052915 VMM: RTThreadPreemptIsPending() can be trusted
00:00:01.052917 VMM: Kernel preemption is possible
00:00:01.052930 HM: fWorldSwitcher=0x0 (fIbpbOnVmExit=false fIbpbOnVmEntry=false fL1dFlushOnVmEntry=false); fL1dFlushOnSched=false fMdsClearOnVmEntry=false
00:00:01.052936 HM: Using AMD-V implementation 2.0
00:00:01.052937 HM: Max resume loops                  = 8192
00:00:01.052938 HM: AMD HWCR MSR                      = 0x1c9000011
00:00:01.052939 HM: AMD-V revision                    = 0x1
00:00:01.052940 HM: AMD-V max ASID                    = 32768
00:00:01.052941 HM: AMD-V features                    = 0x13bcff
00:00:01.052941 HM:   NESTED_PAGING
00:00:01.052942 HM:   LBR_VIRT
00:00:01.052943 HM:   SVM_LOCK
00:00:01.052943 HM:   NRIP_SAVE
00:00:01.052943 HM:   TSC_RATE_MSR
00:00:01.052944 HM:   VMCB_CLEAN
00:00:01.052944 HM:   FLUSH_BY_ASID
00:00:01.052945 HM:   DECODE_ASSISTS
00:00:01.052945 HM:   PAUSE_FILTER
00:00:01.052946 HM:   PAUSE_FILTER_THRESHOLD
00:00:01.052946 HM:   AVIC
00:00:01.052947 HM:   VIRT_VMSAVE_VMLOAD
00:00:01.052947 HM:   VGIF
00:00:01.052948 HM:   GMET
00:00:01.052948 HM:   Reserved bit 11
00:00:01.052949 HM:   Reserved bit 20
00:00:01.052959 HM: Enabled SVM
00:00:01.052960 HM:   Enabled nested paging
00:00:01.052963 CPUM: SetGuestCpuIdFeature: Enabled SYSENTER/EXIT
00:00:01.052963 CPUM: SetGuestCpuIdFeature: Enabled SYSCALL/RET
00:00:01.052964 CPUM: SetGuestCpuIdFeature: Enabled PAE
00:00:01.052965 CPUM: SetGuestCpuIdFeature: Enabled LONG MODE
00:00:01.052965 CPUM: SetGuestCpuIdFeature: Enabled NX
00:00:01.052966 CPUM: SetGuestCpuIdFeature: Enabled LAHF/SAHF
00:00:01.052966 HM: Disabled TPR patching
00:00:01.052967 HM: Guest support: 32-bit and 64-bit
00:00:01.052967 HM: VT-x/AMD-V init method: Global
00:00:01.052968 EM: Exit history optimizations: enabled=true  enabled-r0=true  enabled-r0-no-preemption=false
00:00:01.052980 PcBios: ATA LUN#0 LCHS=17/242/62
00:00:01.052999 APIC: fPostedIntrsEnabled=false fVirtApicRegsEnabled=false fSupportsTscDeadline=false
00:00:01.053010 TMR3UtcNow: nsNow=1 677 334 671 672 649 000 nsPrev=0 -> cNsDelta=1 677 334 671 672 649 000 (offLag=0 offVirtualSync=0 offVirtualSyncGivenUp=0, NowAgain=1 677 334 671 672 651 000)
00:00:01.053029 VMM: fUsePeriodicPreemptionTimers=true 
00:00:01.053205 CPUM: Logical host processors: 6 present, 6 max, 6 online, online mask: 000000000000003f
00:00:01.053324 CPUM: Physical host cores: 6
00:00:01.053324 ************************* CPUID dump ************************
00:00:01.053334          Raw Standard CPUID Leaves
00:00:01.053334      Leaf/sub-leaf  eax      ebx      ecx      edx
00:00:01.053335 Gst: 00000000/0000  00000010 68747541 444d4163 69746e65
00:00:01.053336 Hst:                00000010 68747541 444d4163 69746e65
00:00:01.053336 Gst: 00000001/0000  00860f01 00010800 d6f8220b 178bfbff
00:00:01.053337 Hst:                00860f01 06060800 7ed8320b 178bfbff
00:00:01.053338 Gst: 00000002/0000  00000000 00000000 00000000 00000000
00:00:01.053338 Hst:                00000000 00000000 00000000 00000000
00:00:01.053339 Gst: 00000003/0000  00000000 00000000 00000000 00000000
00:00:01.053339 Hst:                00000000 00000000 00000000 00000000
00:00:01.053340 Gst: 00000004/0000  00000000 00000000 00000000 00000000
00:00:01.053340 Hst:                00000000 00000000 00000000 00000000
00:00:01.053341 Gst: 00000005/0000  00000040 00000040 00000000 00000000
00:00:01.053342 Hst:                00000040 00000040 00000003 00000011
00:00:01.053342 Gst: 00000006/0000  00000000 00000000 00000000 00000000
00:00:01.053343 Hst:                00000004 00000000 00000001 00000000
00:00:01.053343 Gst: 00000007/0000  00000000 00840021 00000000 00000000
00:00:01.053344 Hst:                00000000 219c91a9 00400004 00000000
00:00:01.053344 Gst: 00000007/0001  00000000 00000000 00000000 00000000
00:00:01.053345 Hst:                00000000 00000000 00000000 00000000
00:00:01.053345 Gst: 00000008/0000  00000000 00000000 00000000 00000000
00:00:01.053346 Hst:                00000000 00000000 00000000 00000000
00:00:01.053346 Gst: 00000009/0000  00000000 00000000 00000000 00000000
00:00:01.053347 Hst:                00000000 00000000 00000000 00000000
00:00:01.053347 Gst: 0000000a/0000  00000000 00000000 00000000 00000000
00:00:01.053347 Hst:                00000000 00000000 00000000 00000000
00:00:01.053348 Gst: 0000000b/0000  00000000 00000001 00000100 00000000
00:00:01.053348 Hst:                00000000 00000001 00000100 00000006
00:00:01.053349 Gst: 0000000b/0001  00000001 00000001 00000201 00000000
00:00:01.053349 Hst:                00000006 00000006 00000201 00000006
00:00:01.053350 Gst: 0000000b/0002  00000000 00000000 00000002 00000000
00:00:01.053350 Hst:                00000000 00000000 00000002 00000006
00:00:01.053351 Gst: 0000000c/0000  00000000 00000000 00000000 00000000
00:00:01.053351 Hst:                00000000 00000000 00000000 00000000
00:00:01.053351 Gst: 0000000d/0000  00000007 00000340 00000340 00000000
00:00:01.053352 Hst:                00000207 00000340 00000380 00000000
00:00:01.053352 Gst: 0000000d/0001  00000000 00000340 00000000 00000000
00:00:01.053353 Hst:                0000000f 00000340 00000000 00000000
00:00:01.053353 Gst: 0000000d/0002  00000100 00000240 00000000 00000000
00:00:01.053353 Hst:                00000100 00000240 00000000 00000000
00:00:01.053354 Gst: 0000000d/0003  00000000 00000000 00000000 00000000
00:00:01.053354 Hst:                00000000 00000000 00000000 00000000
00:00:01.053355 Gst: 0000000d/0004  00000000 00000000 00000000 00000000
00:00:01.053355 Hst:                00000000 00000000 00000000 00000000
00:00:01.053355 Gst: 0000000d/0005  00000000 00000000 00000000 00000000
00:00:01.053356 Hst:                00000000 00000000 00000000 00000000
00:00:01.053356 Gst: 0000000d/0006  00000000 00000000 00000000 00000000
00:00:01.053357 Hst:                00000000 00000000 00000000 00000000
00:00:01.053357 Gst: 0000000d/0007  00000000 00000000 00000000 00000000
00:00:01.053357 Hst:                00000000 00000000 00000000 00000000
00:00:01.053358 Gst: 0000000d/0008  00000000 00000000 00000000 00000000
00:00:01.053358 Hst:                00000000 00000000 00000000 00000000
00:00:01.053359 Gst: 0000000d/0009  00000000 00000000 00000000 00000000
00:00:01.053359 Hst:                00000040 00000340 00000000 00000000
00:00:01.053360 Gst: 0000000d/000a  00000000 00000000 00000000 00000000
00:00:01.053360 Hst:                00000000 00000000 00000000 00000000
00:00:01.053365 Gst: 0000000e/0000  00000000 00000000 00000000 00000000
00:00:01.053366 Hst:                00000000 00000000 00000000 00000000
00:00:01.053366 Gst: 0000000f/0000  00000000 00000000 00000000 00000000
00:00:01.053367 Hst:                00000000 000000ff 00000000 00000002
00:00:01.053367 Hst: 00000010/0000  00000000 00000002 00000000 00000000
00:00:01.053368                                Name: AuthenticAMD
00:00:01.053368                            Supports: 0x00000000-0x00000010
00:00:01.053369                              Family: 15 	Extended: 8 	Effective: 23
00:00:01.053370                               Model:  0 	Extended: 6 	Effective: 96
00:00:01.053371                            Stepping: 1
00:00:01.053371                                Type: 0 (primary)
00:00:01.053372                             APIC ID: 0x00
00:00:01.053372                        Logical CPUs: 1
00:00:01.053373                        CLFLUSH Size: 8
00:00:01.053373                            Brand ID: 0x00
00:00:01.053374 Features
00:00:01.053374   Mnemonic - Description                                  = guest (host)
00:00:01.053375   FPU - x87 FPU on Chip                                   = 1 (1)
00:00:01.053376   VME - Virtual 8086 Mode Enhancements                    = 1 (1)
00:00:01.053376   DE - Debugging extensions                               = 1 (1)
00:00:01.053377   PSE - Page Size Extension                               = 1 (1)
00:00:01.053378   TSC - Time Stamp Counter                                = 1 (1)
00:00:01.053378   MSR - Model Specific Registers                          = 1 (1)
00:00:01.053379   PAE - Physical Address Extension                        = 1 (1)
00:00:01.053380   MCE - Machine Check Exception                           = 1 (1)
00:00:01.053380   CX8 - CMPXCHG8B instruction                             = 1 (1)
00:00:01.053381   APIC - APIC On-Chip                                     = 1 (1)
00:00:01.053381   SEP - SYSENTER and SYSEXIT Present                      = 1 (1)
00:00:01.053382   MTRR - Memory Type Range Registers                      = 1 (1)
00:00:01.053383   PGE - PTE Global Bit                                    = 1 (1)
00:00:01.053383   MCA - Machine Check Architecture                        = 1 (1)
00:00:01.053384   CMOV - Conditional Move instructions                    = 1 (1)
00:00:01.053384   PAT - Page Attribute Table                              = 1 (1)
00:00:01.053385   PSE-36 - 36-bit Page Size Extension                     = 1 (1)
00:00:01.053386   PSN - Processor Serial Number                           = 0 (0)
00:00:01.053386   CLFSH - CLFLUSH instruction                             = 1 (1)
00:00:01.053387   DS - Debug Store                                        = 0 (0)
00:00:01.053387   ACPI - Thermal Mon. & Soft. Clock Ctrl.                 = 0 (0)
00:00:01.053388   MMX - Intel MMX Technology                              = 1 (1)
00:00:01.053389   FXSR - FXSAVE and FXRSTOR instructions                  = 1 (1)
00:00:01.053389   SSE - SSE support                                       = 1 (1)
00:00:01.053390   SSE2 - SSE2 support                                     = 1 (1)
00:00:01.053390   SS - Self Snoop                                         = 0 (0)
00:00:01.053391   HTT - Hyper-Threading Technology                        = 1 (1)
00:00:01.053392   TM - Therm. Monitor                                     = 0 (0)
00:00:01.053392   PBE - Pending Break Enabled                             = 0 (0)
00:00:01.053393   SSE3 - SSE3 support                                     = 1 (1)
00:00:01.053394   PCLMUL - PCLMULQDQ support (for AES-GCM)                = 1 (1)
00:00:01.053394   DTES64 - DS Area 64-bit Layout                          = 0 (0)
00:00:01.053395   MONITOR - MONITOR/MWAIT instructions                    = 1 (1)
00:00:01.053396   CPL-DS - CPL Qualified Debug Store                      = 0 (0)
00:00:01.053396   VMX - Virtual Machine Extensions                        = 0 (0)
00:00:01.053397   SMX - Safer Mode Extensions                             = 0 (0)
00:00:01.053397   EST - Enhanced SpeedStep Technology                     = 0 (0)
00:00:01.053398   TM2 - Terminal Monitor 2                                = 0 (0)
00:00:01.053399   SSSE3 - Supplemental Streaming SIMD Extensions 3        = 1 (1)
00:00:01.053399   CNTX-ID - L1 Context ID                                 = 0 (0)
00:00:01.053400   SDBG - Silicon Debug interface                          = 0 (0)
00:00:01.053400   FMA - Fused Multiply Add extensions                     = 0 (1)
00:00:01.053401   CX16 - CMPXCHG16B instruction                           = 1 (1)
00:00:01.053402   TPRUPDATE - xTPR Update Control                         = 0 (0)
00:00:01.053402   PDCM - Perf/Debug Capability MSR                        = 0 (0)
00:00:01.053403   PCID - Process Context Identifiers                      = 0 (0)
00:00:01.053403   DCA - Direct Cache Access                               = 0 (0)
00:00:01.053404   SSE4_1 - SSE4_1 support                                 = 1 (1)
00:00:01.053405   SSE4_2 - SSE4_2 support                                 = 1 (1)
00:00:01.053405   X2APIC - x2APIC support                                 = 1 (0)
00:00:01.053406   MOVBE - MOVBE instruction                               = 1 (1)
00:00:01.053406   POPCNT - POPCNT instruction                             = 1 (1)
00:00:01.053407   TSCDEADL - Time Stamp Counter Deadline                  = 0 (0)
00:00:01.053408   AES - AES instructions                                  = 1 (1)
00:00:01.053408   XSAVE - XSAVE instruction                               = 1 (1)
00:00:01.053409   OSXSAVE - OSXSAVE instruction                           = 0 (1)
00:00:01.053409   AVX - AVX support                                       = 1 (1)
00:00:01.053410   F16C - 16-bit floating point conversion instructions    = 0 (1)
00:00:01.053411   RDRAND - RDRAND instruction                             = 1 (1)
00:00:01.053411   HVP - Hypervisor Present (we're a guest)                = 1 (0)
00:00:01.053412 Structured Extended Feature Flags Enumeration (leaf 7):
00:00:01.053412   Mnemonic - Description                                  = guest (host)
00:00:01.053413   FSGSBASE - RDFSBASE/RDGSBASE/WRFSBASE/WRGSBASE instr.   = 1 (1)
00:00:01.053413   TSCADJUST - Supports MSR_IA32_TSC_ADJUST                = 0 (0)
00:00:01.053414   SGX - Supports Software Guard Extensions                = 0 (0)
00:00:01.053414   BMI1 - Advanced Bit Manipulation extension 1            = 0 (1)
00:00:01.053415   HLE - Hardware Lock Elision                             = 0 (0)
00:00:01.053415   AVX2 - Advanced Vector Extensions 2                     = 1 (1)
00:00:01.053416   FDP_EXCPTN_ONLY - FPU DP only updated on exceptions     = 0 (0)
00:00:01.053416   SMEP - Supervisor Mode Execution Prevention             = 0 (1)
00:00:01.053417   BMI2 - Advanced Bit Manipulation extension 2            = 0 (1)
00:00:01.053417   ERMS - Enhanced REP MOVSB/STOSB instructions            = 0 (0)
00:00:01.053418   INVPCID - INVPCID instruction                           = 0 (0)
00:00:01.053418   RTM - Restricted Transactional Memory                   = 0 (0)
00:00:01.053419   PQM - Platform Quality of Service Monitoring            = 0 (1)
00:00:01.053419   DEPFPU_CS_DS - Deprecates FPU CS, FPU DS values if set  = 0 (0)
00:00:01.053420   MPE - Intel Memory Protection Extensions                = 0 (0)
00:00:01.053420   PQE - Platform Quality of Service Enforcement           = 0 (1)
00:00:01.053421   AVX512F - AVX512 Foundation instructions                = 0 (0)
00:00:01.053421   RDSEED - RDSEED instruction                             = 1 (1)
00:00:01.053422   ADX - ADCX/ADOX instructions                            = 0 (1)
00:00:01.053423   SMAP - Supervisor Mode Access Prevention                = 0 (1)
00:00:01.053423   CLFLUSHOPT - CLFLUSHOPT (Cache Line Flush) instruction  = 1 (1)
00:00:01.053424   24 - Reserved                                           = 0 (1)
00:00:01.053424   INTEL_PT - Intel Processor Trace                        = 0 (0)
00:00:01.053425   AVX512PF - AVX512 Prefetch instructions                 = 0 (0)
00:00:01.053425   AVX512ER - AVX512 Exponential & Reciprocal instructions = 0 (0)
00:00:01.053426   AVX512CD - AVX512 Conflict Detection instructions       = 0 (0)
00:00:01.053426   SHA - Secure Hash Algorithm extensions                  = 0 (1)
00:00:01.053427   PREFETCHWT1 - PREFETCHWT1 instruction                   = 0 (0)
00:00:01.053427   UMIP - User mode insturction prevention                 = 0 (1)
00:00:01.053428   PKU - Protection Key for Usermode pages                 = 0 (0)
00:00:01.053429   OSPKE - CR4.PKU mirror                                  = 0 (0)
00:00:01.053430   MAWAU - Value used by BNDLDX & BNDSTX                   = 0x0 (0x0)
00:00:01.053430   RDPID - Read processor ID support                       = 0 (1)
00:00:01.053431   SGX_LC - Supports SGX Launch Configuration              = 0 (0)
00:00:01.053432 Processor Extended State Enumeration (leaf 0xd):
00:00:01.053432    XSAVE area cur/max size by XCR0, guest: 0x340/0x340
00:00:01.053433     XSAVE area cur/max size by XCR0, host: 0x340/0x380
00:00:01.053433                    Valid XCR0 bits, guest: 0x00000000`00000007 ( x87 SSE YMM_Hi128 )
00:00:01.053435                     Valid XCR0 bits, host: 0x00000000`00000207 ( x87 SSE YMM_Hi128 9 )
00:00:01.053443                     XSAVE features, guest:
00:00:01.053444                      XSAVE features, host: XSAVEOPT XSAVEC XGETBC1 XSAVES
00:00:01.053450       XSAVE area cur size XCR0|XSS, guest: 0x340
00:00:01.053451        XSAVE area cur size XCR0|XSS, host: 0x340
00:00:01.053451                Valid IA32_XSS bits, guest: 0x00000000`00000000
00:00:01.053452                 Valid IA32_XSS bits, host: 0x00000000`00000000
00:00:01.053452   State #2, guest: off=0x0240, cb=0x0100 IA32_XSS-bit -- YMM_Hi128
00:00:01.053453   State #2, host:  off=0x0240, cb=0x0100 IA32_XSS-bit -- YMM_Hi128
00:00:01.053454   State #9, host:  off=0x0340, cb=0x0040 IA32_XSS-bit -- 9
00:00:01.053458          Unknown CPUID Leaves
00:00:01.053458      Leaf/sub-leaf  eax      ebx      ecx      edx
00:00:01.053458 Gst: 0000000f/0001  00000000 00000000 00000000 00000000
00:00:01.053459 Hst:                00000000 00000040 000000ff 00000007
00:00:01.053459 Gst: 0000000f/0002  00000000 00000000 00000000 00000000
00:00:01.053460 Hst:                00000000 00000000 00000000 00000000
00:00:01.053460 Gst: 00000010/0000  00000000 00000000 00000000 00000000
00:00:01.053461 Hst:                00000000 00000002 00000000 00000000
00:00:01.053461 Gst: 00000010/0001  00000000 00000000 00000000 00000000
00:00:01.053461 Hst:                0000000f 00000000 00000004 0000000f
00:00:01.053462 Gst: 00000010/0002  00000000 00000000 00000000 00000000
00:00:01.053462 Hst:                00000000 00000000 00000000 00000000
00:00:01.053463          Raw Hypervisor CPUID Leaves
00:00:01.053463      Leaf/sub-leaf  eax      ebx      ecx      edx
00:00:01.053463 Gst: 40000000/0000  40000001 4b4d564b 564b4d56 0000004d
00:00:01.053464 Hst:                00000000 00000000 00000000 00000000
00:00:01.053464 Gst: 40000001/0000  01000089 00000000 00000000 00000000
00:00:01.053465 Hst:                00000000 00000000 00000000 00000000
00:00:01.053465          Raw Extended CPUID Leaves
00:00:01.053466      Leaf/sub-leaf  eax      ebx      ecx      edx
00:00:01.053466 Gst: 80000000/0000  8000001e 68747541 444d4163 69746e65
00:00:01.053466 Hst:                80000020 68747541 444d4163 69746e65
00:00:01.053467 Gst: 80000001/0000  00860f01 00000000 000001f1 2bd3fb7f
00:00:01.053468 Hst:                00860f01 00000000 75c237ff 2fd3fbff
00:00:01.053468 Gst: 80000002/0000  20444d41 657a7952 2035206e 30303534
00:00:01.053469 Hst:                20444d41 657a7952 2035206e 30303534
00:00:01.053469 Gst: 80000003/0000  69772055 52206874 6f656461 7247206e
00:00:01.053470 Hst:                69772055 52206874 6f656461 7247206e
00:00:01.053471 Gst: 80000004/0000  69687061 20207363 20202020 00202020
00:00:01.053471 Hst:                69687061 20207363 20202020 00202020
00:00:01.053472 Gst: 80000005/0000  ff40ff40 ff40ff40 20080140 20080140
00:00:01.053473 Hst:                ff40ff40 ff40ff40 20080140 20080140
00:00:01.053473 Gst: 80000006/0000  48006400 68006400 02006140 00409140
00:00:01.053474 Hst:                48006400 68006400 02006140 00409140
00:00:01.053475 Gst: 80000007/0000  00000000 00000000 00000000 00000100
00:00:01.053475 Hst:                00000000 0000001b 00000000 00006799
00:00:01.053476 Gst: 80000008/0000  00003030 04000000 00000000 00000000
00:00:01.053476 Hst:                00003030 090cf757 00006005 00010000
00:00:01.053477 Gst: 80000009/0000  00000000 00000000 00000000 00000000
00:00:01.053477 Hst:                00000000 00000000 00000000 00000000
00:00:01.053478 Gst: 8000000a/0000  00000000 00000000 00000000 00000000
00:00:01.053478 Hst:                00000001 00008000 00000000 0013bcff
00:00:01.053478 Gst: 8000000b/0000  00000000 00000000 00000000 00000000
00:00:01.053479 Hst:                00000000 00000000 00000000 00000000
00:00:01.053479 Gst: 8000000c/0000  00000000 00000000 00000000 00000000
00:00:01.053480 Hst:                00000000 00000000 00000000 00000000
00:00:01.053480 Gst: 8000000d/0000  00000000 00000000 00000000 00000000
00:00:01.053481 Hst:                00000000 00000000 00000000 00000000
00:00:01.053481 Gst: 8000000e/0000  00000000 00000000 00000000 00000000
00:00:01.053482 Hst:                00000000 00000000 00000000 00000000
00:00:01.053482 Gst: 8000000f/0000  00000000 00000000 00000000 00000000
00:00:01.053482 Hst:                00000000 00000000 00000000 00000000
00:00:01.053483 Gst: 80000010/0000  00000000 00000000 00000000 00000000
00:00:01.053483 Hst:                00000000 00000000 00000000 00000000
00:00:01.053484 Gst: 80000011/0000  00000000 00000000 00000000 00000000
00:00:01.053484 Hst:                00000000 00000000 00000000 00000000
00:00:01.053485 Gst: 80000012/0000  00000000 00000000 00000000 00000000
00:00:01.053485 Hst:                00000000 00000000 00000000 00000000
00:00:01.053485 Gst: 80000013/0000  00000000 00000000 00000000 00000000
00:00:01.053486 Hst:                00000000 00000000 00000000 00000000
00:00:01.053486 Gst: 80000014/0000  00000000 00000000 00000000 00000000
00:00:01.053487 Hst:                00000000 00000000 00000000 00000000
00:00:01.053487 Gst: 80000015/0000  00000000 00000000 00000000 00000000
00:00:01.053488 Hst:                00000000 00000000 00000000 00000000
00:00:01.053488 Gst: 80000016/0000  00000000 00000000 00000000 00000000
00:00:01.053489 Hst:                00000000 00000000 00000000 00000000
00:00:01.053489 Gst: 80000017/0000  00000000 00000000 00000000 00000000
00:00:01.053490 Hst:                00000000 00000000 00000000 00000000
00:00:01.053490 Gst: 80000018/0000  00000000 00000000 00000000 00000000
00:00:01.053491 Hst:                00000000 00000000 00000000 00000000
00:00:01.053491 Gst: 80000019/0000  f040f040 00000000 00000000 00000000
00:00:01.053492 Hst:                f040f040 00000000 00000000 00000000
00:00:01.053492 Gst: 8000001a/0000  00000002 00000000 00000000 00000000
00:00:01.053493 Hst:                00000006 00000000 00000000 00000000
00:00:01.053493 Gst: 8000001b/0000  00000000 00000000 00000000 00000000
00:00:01.053494 Hst:                000003ff 00000000 00000000 00000000
00:00:01.053494 Gst: 8000001c/0000  00000000 00000000 00000000 00000000
00:00:01.053494 Hst:                00000000 00000000 00000000 00000000
00:00:01.053495 Gst: 8000001d/0000  00000121 01c0003f 0000003f 00000000
00:00:01.053495 Hst:                00000121 01c0003f 0000003f 00000000
00:00:01.053496 Gst: 8000001d/0001  00000122 01c0003f 0000003f 00000000
00:00:01.053496 Hst:                00000122 01c0003f 0000003f 00000000
00:00:01.053497 Gst: 8000001d/0002  00000143 01c0003f 000003ff 00000002
00:00:01.053498 Hst:                00000143 01c0003f 000003ff 00000002
00:00:01.053498 Gst: 8000001d/0003  00000163 03c0003f 00000fff 00000001
00:00:01.053499 Hst:                00008163 03c0003f 00000fff 00000001
00:00:01.053499 Gst: 8000001d/0004  00000000 00000000 00000000 00000000
00:00:01.053500 Hst:                00000000 00000000 00000000 00000000
00:00:01.053500 Gst: 8000001e/0000  00000000 00000000 00000000 00000000
00:00:01.053500 Hst:                00000006 00000006 00000000 00000000
00:00:01.053501 Hst: 8000001f/0000  0001000f 0000012f 0000000e 00000001
00:00:01.053501 Hst: 80000020/0000  00000000 00000002 00000000 00000000
00:00:01.053502 Ext Name:                        AuthenticAMD
00:00:01.053503 Ext Supports:                    0x80000000-0x8000001e
00:00:01.053503 Family:                          15  	Extended: 8 	Effective: 23
00:00:01.053503 Model:                           0  	Extended: 6 	Effective: 96
00:00:01.053504 Stepping:                        1
00:00:01.053504 Brand ID:                        0x000
00:00:01.053504 Ext Features
00:00:01.053504   Mnemonic - Description                                  = guest (host)
00:00:01.053505   FPU - x87 FPU on Chip                                   = 1 (1)
00:00:01.053506   VME - Virtual 8086 Mode Enhancements                    = 1 (1)
00:00:01.053506   DE - Debugging extensions                               = 1 (1)
00:00:01.053507   PSE - Page Size Extension                               = 1 (1)
00:00:01.053508   TSC - Time Stamp Counter                                = 1 (1)
00:00:01.053508   MSR - K86 Model Specific Registers                      = 1 (1)
00:00:01.053509   PAE - Physical Address Extension                        = 1 (1)
00:00:01.053509   MCE - Machine Check Exception                           = 0 (1)
00:00:01.053510   CX8 - CMPXCHG8B instruction                             = 1 (1)
00:00:01.053511   APIC - APIC On-Chip                                     = 1 (1)
00:00:01.053512   SEP - SYSCALL/SYSRET                                    = 1 (1)
00:00:01.053512   MTRR - Memory Type Range Registers                      = 1 (1)
00:00:01.053513   PGE - PTE Global Bit                                    = 1 (1)
00:00:01.053514   MCA - Machine Check Architecture                        = 1 (1)
00:00:01.053514   CMOV - Conditional Move instructions                    = 1 (1)
00:00:01.053515   PAT - Page Attribute Table                              = 1 (1)
00:00:01.053515   PSE-36 - 36-bit Page Size Extension                     = 1 (1)
00:00:01.053516   NX - No-Execute/Execute-Disable                         = 1 (1)
00:00:01.053517   AXMMX - AMD Extensions to MMX instructions              = 1 (1)
00:00:01.053517   MMX - Intel MMX Technology                              = 1 (1)
00:00:01.053548   FXSR - FXSAVE and FXRSTOR Instructions                  = 1 (1)
00:00:01.053549   FFXSR - AMD fast FXSAVE and FXRSTOR instructions        = 1 (1)
00:00:01.053549   Page1GB - 1 GB large page                               = 0 (1)
00:00:01.053550   RDTSCP - RDTSCP instruction                             = 1 (1)
00:00:01.053551   LM - AMD64 Long Mode                                    = 1 (1)
00:00:01.053551   3DNOWEXT - AMD Extensions to 3DNow                      = 0 (0)
00:00:01.053552   3DNOW - AMD 3DNow                                       = 0 (0)
00:00:01.053553   LahfSahf - LAHF/SAHF support in 64-bit mode             = 1 (1)
00:00:01.053554   CmpLegacy - Core multi-processing legacy mode           = 0 (1)
00:00:01.053554   SVM - AMD Secure Virtual Machine extensions             = 0 (1)
00:00:01.053555   EXTAPIC - AMD Extended APIC registers                   = 0 (1)
00:00:01.053555   CR8L - AMD LOCK MOV CR0 means MOV CR8                   = 1 (1)
00:00:01.053556   ABM - AMD Advanced Bit Manipulation                     = 1 (1)
00:00:01.053556   SSE4A - SSE4A instructions                              = 1 (1)
00:00:01.053557   MISALIGNSSE - AMD Misaligned SSE mode                   = 1 (1)
00:00:01.053557   3DNOWPRF - AMD PREFETCH and PREFETCHW instructions      = 1 (1)
00:00:01.053558   OSVW - AMD OS Visible Workaround                        = 0 (1)
00:00:01.053558   IBS - Instruct Based Sampling                           = 0 (1)
00:00:01.053559   XOP - Extended Operation support                        = 0 (0)
00:00:01.053560   SKINIT - SKINIT, STGI, and DEV support                  = 0 (1)
00:00:01.053560   WDT - AMD Watchdog Timer support                        = 0 (1)
00:00:01.053561   LWP - Lightweight Profiling support                     = 0 (0)
00:00:01.053561   FMA4 - Four operand FMA instruction support             = 0 (0)
00:00:01.053562   17 - Reserved                                           = 0 (1)
00:00:01.053563   NodeId - NodeId in MSR C001_100C                        = 0 (0)
00:00:01.053563   TBM - Trailing Bit Manipulation instructions            = 0 (0)
00:00:01.053564   TOPOEXT - Topology Extensions                           = 0 (1)
00:00:01.053564   PRFEXTCORE - Performance Counter Extensions support     = 0 (1)
00:00:01.053565   PRFEXTNB - NB Performance Counter Extensions support    = 0 (1)
00:00:01.053565   DATABPEXT - Data-access Breakpoint Extension            = 0 (1)
00:00:01.053566   PERFTSC - Performance Time Stamp Counter                = 0 (0)
00:00:01.053566   PCX_L2I - L2I/L3 Performance Counter Extensions         = 0 (1)
00:00:01.053567   MWAITX - MWAITX and MONITORX instructions               = 0 (1)
00:00:01.053567   30 - Reserved                                           = 0 (1)
00:00:01.053568 SVM Feature Identification (leaf A):
00:00:01.053568   NP - Nested Paging                                      = 0 (1)
00:00:01.053569   LbrVirt - Last Branch Record Virtualization             = 0 (1)
00:00:01.053570   SVML - SVM Lock                                         = 0 (1)
00:00:01.053570   NRIPS - NextRIP Save                                    = 0 (1)
00:00:01.053571   TscRateMsr - MSR based TSC rate control                 = 0 (1)
00:00:01.053572   VmcbClean - VMCB clean bits                             = 0 (1)
00:00:01.053572   FlushByASID - Flush by ASID                             = 0 (1)
00:00:01.053573   DecodeAssists - Decode Assists                          = 0 (1)
00:00:01.053574   PauseFilter - Pause intercept filter                    = 0 (1)
00:00:01.053574   11 - Reserved                                           = 0 (1)
00:00:01.053575   PauseFilterThreshold - Pause filter threshold           = 0 (1)
00:00:01.053575   AVIC - Advanced Virtual Interrupt Controller            = 0 (1)
00:00:01.053576   VMSAVEVirt - VMSAVE and VMLOAD Virtualization           = 0 (1)
00:00:01.053576   VGIF - Virtual Global-Interrupt Flag                    = 0 (1)
00:00:01.053577   GMET - Guest Mode Execute Trap Extension                = 0 (1)
00:00:01.053577   20 - Reserved                                           = 0 (1)
00:00:01.053578 Full Name:                       "AMD Ryzen 5 4500U with Radeon Graphics         "
00:00:01.053579 TLB 2/4M Instr/Uni:              fully  64 entries
00:00:01.053579 TLB 2/4M Data:                   fully  64 entries
00:00:01.053579 TLB 4K Instr/Uni:                fully  64 entries
00:00:01.053580 TLB 4K Data:                     fully  64 entries
00:00:01.053580 L1 Instr Cache Line Size:        64 bytes
00:00:01.053581 L1 Instr Cache Lines Per Tag:    1
00:00:01.053581 L1 Instr Cache Associativity:    8 way
00:00:01.053581 L1 Instr Cache Size:             32 KB
00:00:01.053581 L1 Data Cache Line Size:         64 bytes
00:00:01.053581 L1 Data Cache Lines Per Tag:     1
00:00:01.053582 L1 Data Cache Associativity:     8 way
00:00:01.053582 L1 Data Cache Size:              32 KB
00:00:01.053582 L2 TLB 2/4M Instr/Uni:           8 way  1024 entries
00:00:01.053583 L2 TLB 2/4M Data:                4 way  2048 entries
00:00:01.053583 L2 TLB 4K Instr/Uni:             8 way  1024 entries
00:00:01.053583 L2 TLB 4K Data:                  8 way  2048 entries
00:00:01.053583 L2 Cache Line Size:              64 bytes
00:00:01.053584 L2 Cache Lines Per Tag:          1
00:00:01.053584 L2 Cache Associativity:          res9  
00:00:01.053584 L2 Cache Size:                   64 KB
00:00:01.053584   TS - Temperature Sensor                                 = 0 (1)
00:00:01.053585   FID - Frequency ID control                              = 0 (0)
00:00:01.053586   VID - Voltage ID control                                = 0 (0)
00:00:01.053586   TTP - Thermal Trip                                      = 0 (1)
00:00:01.053587   TM - Hardware Thermal Control (HTC)                     = 0 (1)
00:00:01.053588   100MHzSteps - 100 MHz Multiplier control                = 0 (0)
00:00:01.053588   HwPstate - Hardware P-state control                     = 0 (1)
00:00:01.053589   TscInvariant - Invariant Time Stamp Counter             = 1 (1)
00:00:01.053589   CBP - Core Performance Boost                            = 0 (1)
00:00:01.053590   EffFreqRO - Read-only Effective Frequency Interface     = 0 (1)
00:00:01.053591   ProcFdbkIf - Processor Feedback Interface               = 0 (0)
00:00:01.053591   ProcPwrRep - Core power reporting interface support     = 0 (0)
00:00:01.053591   13 - Reserved                                           = 0 (1)
00:00:01.053592   14 - Reserved                                           = 0 (1)
00:00:01.053593   CLZERO - Clear zero instruction (cacheline)             = 0 (1)
00:00:01.053594   IRPerf - Instructions retired count support             = 0 (1)
00:00:01.053594   XSaveErPtr - Save/restore error pointers (FXSAVE/RSTOR*) = 0 (1)
00:00:01.053595   RDPRU - RDPRU instruction                               = 0 (1)
00:00:01.053595    6 - Reserved                                           = 0 (1)
00:00:01.053596   MCOMMIT - MCOMMIT instruction                           = 0 (1)
00:00:01.053597    9 - Reserved                                           = 0 (1)
00:00:01.053597   10 - Reserved                                           = 0 (1)
00:00:01.053598   IBPB - Supports the IBPB command in IA32_PRED_CMD       = 0 (1)
00:00:01.053599   13 - Reserved                                           = 0 (1)
00:00:01.053599   14 - Reserved                                           = 0 (1)
00:00:01.053600   15 - Reserved                                           = 0 (1)
00:00:01.053601   18 - Reserved                                           = 0 (1)
00:00:01.053602   19 - Reserved                                           = 0 (1)
00:00:01.053602   24 - Reserved                                           = 0 (1)
00:00:01.053603   26 - Reserved                                           = 1 (0)
00:00:01.053604   27 - Reserved                                           = 0 (1)
00:00:01.053604 Physical Address Width:          48 bits
00:00:01.053605 Virtual Address Width:           48 bits
00:00:01.053605 Guest Physical Address Width:    0 bits
00:00:01.053605 Physical Core Count:             1
00:00:01.053606 
00:00:01.053607 ******************** End of CPUID dump **********************
00:00:01.053627 VMEmt: Halt method global1 (5)
00:00:01.053650 VMEmt: HaltedGlobal1 config: cNsSpinBlockThresholdCfg=2000
00:00:01.053653 Changing the VM state from 'CREATING' to 'CREATED'
00:00:01.055491 Changing the VM state from 'CREATED' to 'POWERING_ON'
00:00:01.055589 Changing the VM state from 'POWERING_ON' to 'RUNNING'
00:00:01.055593 Console: Machine state changed to 'Running'
00:00:01.055806 GUI: Capturing keyboard on resume
00:00:01.052988 HM: fUsePauseFilter=false fUseLbrVirt=false fUseVGif=true  fUseVirtVmsaveVmload=true 
00:00:01.058736 VMMDev: Guest Log: BIOS: VirtualBox 6.1.38
00:00:01.058834 PCI: Setting up resources and interrupts
00:00:01.059006 PIT: mode=2 count=0x10000 (65536) - 18.20 Hz (ch=0)
00:00:01.066009 Display::i_handleDisplayResize: uScreenId=0 pvVRAM=0000000000000000 w=720 h=400 bpp=0 cbLine=0x0 flags=0x0 origin=0,0
00:00:01.066876 VMMDev: Guest Log: CPUID EDX: 0x178bfbff
00:00:01.066916 PIIX3 ATA: Ctl#0: RESET, DevSel=0 AIOIf=0 CmdIf0=0x00 (-1 usec ago) CmdIf1=0x00 (-1 usec ago)
00:00:01.066953 PIIX3 ATA: Ctl#0: finished processing RESET
00:00:01.067131 VMMDev: Guest Log: BIOS: ata0-0: PCHS=260/16/63 LCHS=17/242/62
00:00:01.067430 PIIX3 ATA: Ctl#1: RESET, DevSel=0 AIOIf=0 CmdIf0=0x00 (-1 usec ago) CmdIf1=0x00 (-1 usec ago)
00:00:01.067465 PIIX3 ATA: Ctl#1: finished processing RESET
00:00:01.068185 PIT: mode=2 count=0x48d3 (18643) - 64.00 Hz (ch=0)
00:00:01.099674 Display::i_handleDisplayResize: uScreenId=0 pvVRAM=00007f691de00000 w=640 h=480 bpp=32 cbLine=0xA00 flags=0x0 origin=0,0
00:00:01.556624 GUI: UIMachineViewNormal::resendSizeHint: Restoring guest size-hint for screen 0 to 800x600
00:00:01.559040 GUI: 2D video acceleration is disabled
00:00:01.559140 GUI: HID LEDs sync is not supported on this platform
00:00:01.569009 GUI: UIMachineLogicNormal::sltCheckForRequestedVisualStateType: Requested-state=0, Machine-state=5
00:00:01.580771 VMMDev: Guest Log: Key pressed: 001c
00:00:01.828887 PIT: mode=2 count=0x10000 (65536) - 18.20 Hz (ch=0)
00:00:01.829119 VMMDev: Guest Log: BIOS: Boot : bseqnr=1, bootseq=0231
00:00:01.829292 VMMDev: Guest Log: BIOS: Boot from Floppy 0 failed
00:00:01.829493 VMMDev: Guest Log: BIOS: Boot : bseqnr=2, bootseq=0023
00:00:01.829907 VMMDev: Guest Log: BIOS: CDROM boot failure code : 0003
00:00:01.830060 VMMDev: Guest Log: BIOS: Boot from CD-ROM failed
00:00:01.830251 VMMDev: Guest Log: BIOS: Boot : bseqnr=3, bootseq=0002
00:00:01.830547 VMMDev: Guest Log: BIOS: Booting from Hard Disk...
00:00:01.883838 Display::i_handleDisplayResize: uScreenId=0 pvVRAM=0000000000000000 w=720 h=400 bpp=0 cbLine=0x0 flags=0x0 origin=0,0
00:00:02.082245 VMMDev: Guest Log: BIOS: KBD: unsupported int 16h function 03
00:00:02.082363 VMMDev: Guest Log: BIOS: AX=0305 BX=0000 CX=0000 DX=0000 
00:00:02.178427 GUI: Machine-window #0 deactivated
00:00:02.178456 GUI: Releasing mouse on focus out
00:00:02.178460 GUI: Releasing keyboard on focus out
00:00:02.178892 GUI: Machine-view #0 unfocused, reason=3
00:00:02.399058 GIM: KVM: VCPU  0: Enabled system-time struct. at 0x0000000002265000 - u32TscScale=0xd7fbe2af i8TscShift=-1 uVersion=2 fFlags=0x1 uTsc=0xbda77c4f uVirtNanoTS=0x50012245 TscKHz=2370546
00:00:02.399095 TM: Switching TSC mode from 'Dynamic' to 'RealTscOffset'
00:00:02.425538 GIM: KVM: Enabled wall-clock struct. at 0x0000000002264008 - u32Sec=1677334673 u32Nano=44698263 uVersion=2
00:00:02.432211 PIT: mode=2 count=0x2e9c (11932) - 99.99 Hz (ch=0)
00:00:02.554143 PIT: mode=0 count=0x10000 (65536) - 18.20 Hz (ch=0)
00:00:02.608288 OHCI: Software reset
00:00:02.622081 EHCI: Hardware reset
00:00:02.622167 EHCI: USB Operational
00:00:02.622292 PIIX3 ATA: Ctl#0: RESET, DevSel=0 AIOIf=0 CmdIf0=0xc4 (-1 usec ago) CmdIf1=0x00 (-1 usec ago)
00:00:02.622344 PIIX3 ATA: Ctl#0: finished processing RESET
00:00:02.622432 PIIX3 ATA: Ctl#1: RESET, DevSel=0 AIOIf=0 CmdIf0=0xa0 (-1 usec ago) CmdIf1=0x00 (-1 usec ago)
00:00:02.622469 PIIX3 ATA: Ctl#1: finished processing RESET
00:00:02.652675 OHCI: USB Reset
00:00:02.721245 OHCI: Software reset
00:00:02.721394 OHCI: USB Operational
00:00:02.761635 EHCI: USB Suspended
00:00:03.681028 GUI: Releasing mouse on capabilities lost
00:00:05.590795 GUI: Machine-window #0 activated
00:00:05.590847 GUI: Capturing keyboard on focus in
00:00:05.590866 GUI: Machine-view #0 focused, reason=3
00:00:12.431960 GUI: Releasing mouse on focus out
00:00:12.431996 GUI: Releasing keyboard on focus out
00:00:12.432175 GUI: Machine-view #0 unfocused, reason=0
00:00:12.550920 GUI: Capturing keyboard on focus in
00:00:12.550964 GUI: Machine-view #0 focused, reason=7
00:00:12.840885 GUI: Releasing mouse on focus out
00:00:12.840885 GUI: Releasing keyboard on focus out
00:00:12.840885 GUI: Machine-view #0 unfocused, reason=0
00:00:12.951399 GUI: Capturing keyboard on focus in
00:00:12.951444 GUI: Machine-view #0 focused, reason=7
00:00:13.955080 GUI: Machine-window #0 deactivated
00:00:13.955121 GUI: Releasing mouse on focus out
00:00:13.955126 GUI: Releasing keyboard on focus out
00:00:13.955326 GUI: Machine-view #0 unfocused, reason=3
00:00:14.885367 GUI: Machine-window #0 activated
00:00:14.885412 GUI: Capturing keyboard on focus in
00:00:14.885426 GUI: Machine-view #0 focused, reason=3
00:00:19.082177 GUI: Machine-window #0 deactivated
00:00:19.082207 GUI: Releasing mouse on focus out
00:00:19.082232 GUI: Releasing keyboard on focus out
00:00:19.082354 GUI: Machine-view #0 unfocused, reason=3
00:39:00.498876 GUI: Machine-window #0 activated
00:39:00.501815 GUI: Capturing keyboard on focus in
00:39:00.502021 GUI: Machine-view #0 focused, reason=3
00:39:06.183117 GUI: Machine-window #0 deactivated
00:39:06.183166 GUI: Releasing mouse on focus out
00:39:06.183172 GUI: Releasing keyboard on focus out
00:39:06.183912 GUI: Machine-view #0 unfocused, reason=3
00:39:19.443435 GUI: Machine-window #0 activated
00:39:19.443499 GUI: Capturing keyboard on focus in
00:39:19.443518 GUI: Machine-view #0 focused, reason=3
00:39:23.602645 GUI: Machine-window #0 deactivated
00:39:23.602686 GUI: Releasing mouse on focus out
00:39:23.602691 GUI: Releasing keyboard on focus out
00:39:23.603340 GUI: Machine-view #0 unfocused, reason=3
00:40:09.656896 GUI: Machine-window #0 activated
00:40:09.656943 GUI: Capturing keyboard on focus in
00:40:09.656957 GUI: Machine-view #0 focused, reason=3
00:40:12.503054 GUI: Machine-window #0 deactivated
00:40:12.503095 GUI: Releasing mouse on focus out
00:40:12.503100 GUI: Releasing keyboard on focus out
00:40:12.504089 GUI: Machine-view #0 unfocused, reason=3
00:40:14.535744 GUI: Machine-window #0 activated
00:40:14.535807 GUI: Capturing keyboard on focus in
00:40:14.535825 GUI: Machine-view #0 focused, reason=3
00:40:19.017209 GUI: Machine-window #0 deactivated
00:40:19.017275 GUI: Releasing mouse on focus out
00:40:19.017280 GUI: Releasing keyboard on focus out
00:40:19.018107 GUI: Machine-view #0 unfocused, reason=3
00:49:52.601750 GUI: Machine-window #0 activated
00:49:52.604520 GUI: Capturing keyboard on focus in
00:49:52.604542 GUI: Machine-view #0 focused, reason=3
00:56:04.921730 GUI: Machine-window #0 deactivated
00:56:04.921772 GUI: Releasing mouse on focus out
00:56:04.921777 GUI: Releasing keyboard on focus out
00:56:04.921967 GUI: Machine-view #0 unfocused, reason=3
00:56:50.671219 GUI: Machine-window #0 activated
00:56:50.671264 GUI: Capturing keyboard on focus in
00:56:50.671276 GUI: Machine-view #0 focused, reason=3
00:56:51.394931 GUI: Machine-window #0 deactivated
00:56:51.394970 GUI: Releasing mouse on focus out
00:56:51.394975 GUI: Releasing keyboard on focus out
00:56:51.395285 GUI: Machine-view #0 unfocused, reason=3
01:22:33.592644 GUI: Machine-window #0 activated
01:22:33.592684 GUI: Capturing keyboard on focus in
01:22:33.592694 GUI: Machine-view #0 focused, reason=3
01:22:35.216010 GUI: Machine-window #0 deactivated
01:22:35.216048 GUI: Releasing mouse on focus out
01:22:35.216053 GUI: Releasing keyboard on focus out
01:22:35.216677 GUI: Machine-view #0 unfocused, reason=3
